<?xml version="1.0" encoding="UTF-8"?>
<testsuite name="Tamanegiseoul.comeet.PostServiceTest" tests="2" skipped="0" failures="0" errors="0" timestamp="2022-12-04T02:32:24" hostname="Joonwoos-MacBook-Pro.local" time="0.143">
  <properties/>
  <testcase name="포스트_생성" classname="Tamanegiseoul.comeet.PostServiceTest" time="0.046"/>
  <testcase name="포스트_수정" classname="Tamanegiseoul.comeet.PostServiceTest" time="0.094"/>
  <system-out><![CDATA[2022-12-04 11:32:24.836  INFO 31164 --- [    Test worker] o.s.t.c.transaction.TransactionContext   : Began transaction (1) for test context [DefaultTestContext@64dc0a5f testClass = PostServiceTest, testInstance = Tamanegiseoul.comeet.PostServiceTest@549dfe1d, testMethod = 포스트_생성@PostServiceTest, testException = [null], mergedContextConfiguration = [WebMergedContextConfiguration@537fb7bf testClass = PostServiceTest, locations = '{}', classes = '{class Tamanegiseoul.comeet.CoMeetApplication}', contextInitializerClasses = '[]', activeProfiles = '{}', propertySourceLocations = '{}', propertySourceProperties = '{org.springframework.boot.test.context.SpringBootTestContextBootstrapper=true}', contextCustomizers = set[org.springframework.boot.test.autoconfigure.actuate.metrics.MetricsExportContextCustomizerFactory$DisableMetricExportContextCustomizer@67d18ed7, org.springframework.boot.test.autoconfigure.properties.PropertyMappingContextCustomizer@0, org.springframework.boot.test.autoconfigure.web.servlet.WebDriverContextCustomizerFactory$Customizer@291a7e3c, org.springframework.boot.test.context.filter.ExcludeFilterContextCustomizer@5505ae1a, org.springframework.boot.test.json.DuplicateJsonObjectContextCustomizerFactory$DuplicateJsonObjectContextCustomizer@60df60da, org.springframework.boot.test.mock.mockito.MockitoContextCustomizer@0, org.springframework.boot.test.web.client.TestRestTemplateContextCustomizer@a3d9978, org.springframework.boot.test.web.reactive.server.WebTestClientContextCustomizer@56928307, org.springframework.boot.test.context.SpringBootTestArgs@1, org.springframework.boot.test.context.SpringBootTestWebEnvironment@11c9af63], resourceBasePath = 'src/main/webapp', contextLoader = 'org.springframework.boot.test.context.SpringBootContextLoader', parent = [null]], attributes = map['org.springframework.test.context.web.ServletTestExecutionListener.activateListener' -> true, 'org.springframework.test.context.web.ServletTestExecutionListener.populatedRequestContextHolder' -> true, 'org.springframework.test.context.web.ServletTestExecutionListener.resetRequestContextHolder' -> true, 'org.springframework.test.context.event.ApplicationEventsTestExecutionListener.recordApplicationEvents' -> false]]; transaction manager [org.springframework.orm.jpa.JpaTransactionManager@2eb91767]; rollback [true]
2022-12-04 11:32:24.840  INFO 31164 --- [    Test worker] p6spy                                    : #1670121144840 | took 0ms | statement | connection 8| url jdbc:h2:mem:1c941bc3-8742-4247-a542-133e0a66e289
select users0_.user_id as user_id1_4_, users0_.created_time as created_2_4_, users0_.email as email3_4_, users0_.modified_time as modified4_4_, users0_.nickname as nickname5_4_, users0_.password as password6_4_, users0_.image_id as image_id7_4_ from users users0_ where users0_.email=?
select users0_.user_id as user_id1_4_, users0_.created_time as created_2_4_, users0_.email as email3_4_, users0_.modified_time as modified4_4_, users0_.nickname as nickname5_4_, users0_.password as password6_4_, users0_.image_id as image_id7_4_ from users users0_ where users0_.email='93jpark@gmail.com';
2022-12-04 11:32:24.842  INFO 31164 --- [    Test worker] p6spy                                    : #1670121144842 | took 0ms | statement | connection 8| url jdbc:h2:mem:1c941bc3-8742-4247-a542-133e0a66e289
select users0_.user_id as user_id1_4_, users0_.created_time as created_2_4_, users0_.email as email3_4_, users0_.modified_time as modified4_4_, users0_.nickname as nickname5_4_, users0_.password as password6_4_, users0_.image_id as image_id7_4_ from users users0_ where users0_.nickname=?
select users0_.user_id as user_id1_4_, users0_.created_time as created_2_4_, users0_.email as email3_4_, users0_.modified_time as modified4_4_, users0_.nickname as nickname5_4_, users0_.password as password6_4_, users0_.image_id as image_id7_4_ from users users0_ where users0_.nickname='케네스';
2022-12-04 11:32:24.845  INFO 31164 --- [    Test worker] p6spy                                    : #1670121144845 | took 0ms | statement | connection 8| url jdbc:h2:mem:1c941bc3-8742-4247-a542-133e0a66e289
insert into users (user_id, created_time, email, modified_time, nickname, password, image_id) values (default, ?, ?, ?, ?, ?, ?)
insert into users (user_id, created_time, email, modified_time, nickname, password, image_id) values (default, '2022-12-04T11:32:24.843+0900', '93jpark@gmail.com', '2022-12-04T11:32:24.843+0900', '케네스', 'password', NULL);
2022-12-04 11:32:24.846  INFO 31164 --- [    Test worker] T.comeet.service.PostService             : [PostService:registerPost] register method init
2022-12-04 11:32:24.847  INFO 31164 --- [    Test worker] p6spy                                    : #1670121144847 | took 0ms | statement | connection 8| url jdbc:h2:mem:1c941bc3-8742-4247-a542-133e0a66e289
call next value for hibernate_sequence
call next value for hibernate_sequence;
2022-12-04 11:32:24.848  INFO 31164 --- [    Test worker] T.comeet.service.PostService             : [PostService:registerPost] successfully registered
2022-12-04 11:32:24.857  INFO 31164 --- [    Test worker] p6spy                                    : #1670121144857 | took 0ms | statement | connection 8| url jdbc:h2:mem:1c941bc3-8742-4247-a542-133e0a66e289
call next value for hibernate_sequence
call next value for hibernate_sequence;
2022-12-04 11:32:24.859  INFO 31164 --- [    Test worker] p6spy                                    : #1670121144859 | took 0ms | statement | connection 8| url jdbc:h2:mem:1c941bc3-8742-4247-a542-133e0a66e289
call next value for hibernate_sequence
call next value for hibernate_sequence;
2022-12-04 11:32:24.863  INFO 31164 --- [    Test worker] p6spy                                    : #1670121144863 | took 0ms | statement | connection 8| url jdbc:h2:mem:1c941bc3-8742-4247-a542-133e0a66e289
insert into post (contact, contact_type, content, created_time, expected_term, hits, modified_time, user_id, recruit_capacity, recruit_status, remote, start_date, title, post_id) values (?, ?, ?, ?, ?, ?, ?, ?, ?, ?, ?, ?, ?, ?)
insert into post (contact, contact_type, content, created_time, expected_term, hits, modified_time, user_id, recruit_capacity, recruit_status, remote, start_date, title, post_id) values ('93jpark@gmail.com', 'POSTER_EMAIL', '빈 내용', '2022-12-04T11:32:24.846+0900', 14, 0, '2022-12-04T11:32:24.846+0900', 5, 4, 'RECRUIT', false, '2022-10-23T00:00:00.000+0900', '이것은 새로운 포스트입니다.', 9);
2022-12-04 11:32:24.865  INFO 31164 --- [    Test worker] p6spy                                    : #1670121144865 | took 0ms | statement | connection 8| url jdbc:h2:mem:1c941bc3-8742-4247-a542-133e0a66e289
insert into stack_relation (post_id, tech_stack, user_id, stack_relation_id) values (?, ?, ?, ?)
insert into stack_relation (post_id, tech_stack, user_id, stack_relation_id) values (9, 'JAVA', NULL, 10);
2022-12-04 11:32:24.866  INFO 31164 --- [    Test worker] p6spy                                    : #1670121144866 | took 0ms | statement | connection 8| url jdbc:h2:mem:1c941bc3-8742-4247-a542-133e0a66e289
insert into stack_relation (post_id, tech_stack, user_id, stack_relation_id) values (?, ?, ?, ?)
insert into stack_relation (post_id, tech_stack, user_id, stack_relation_id) values (9, 'SPRING', NULL, 11);
2022-12-04 11:32:24.869  INFO 31164 --- [    Test worker] p6spy                                    : #1670121144869 | took 0ms | statement | connection 8| url jdbc:h2:mem:1c941bc3-8742-4247-a542-133e0a66e289
update post set contact=?, contact_type=?, content=?, created_time=?, expected_term=?, hits=?, modified_time=?, user_id=?, recruit_capacity=?, recruit_status=?, remote=?, start_date=?, title=? where post_id=?
update post set contact='93jpark@gmail.com', contact_type='POSTER_EMAIL', content='빈 내용', created_time='2022-12-04T11:32:24.848+0900', expected_term=14, hits=0, modified_time='2022-12-04T11:32:24.848+0900', user_id=5, recruit_capacity=4, recruit_status='RECRUIT', remote=false, start_date='2022-10-23T00:00:00.000+0900', title='이것은 새로운 포스트입니다.' where post_id=9;
2022-12-04 11:32:24.871  INFO 31164 --- [    Test worker] p6spy                                    : #1670121144871 | took 0ms | statement | connection 8| url jdbc:h2:mem:1c941bc3-8742-4247-a542-133e0a66e289
select posts0_.post_id as post_id1_2_, posts0_.contact as contact2_2_, posts0_.contact_type as contact_3_2_, posts0_.content as content4_2_, posts0_.created_time as created_5_2_, posts0_.expected_term as expected6_2_, posts0_.hits as hits7_2_, posts0_.modified_time as modified8_2_, posts0_.user_id as user_id14_2_, posts0_.recruit_capacity as recruit_9_2_, posts0_.recruit_status as recruit10_2_, posts0_.remote as remote11_2_, posts0_.start_date as start_d12_2_, posts0_.title as title13_2_ from post posts0_ where posts0_.user_id=?
select posts0_.post_id as post_id1_2_, posts0_.contact as contact2_2_, posts0_.contact_type as contact_3_2_, posts0_.content as content4_2_, posts0_.created_time as created_5_2_, posts0_.expected_term as expected6_2_, posts0_.hits as hits7_2_, posts0_.modified_time as modified8_2_, posts0_.user_id as user_id14_2_, posts0_.recruit_capacity as recruit_9_2_, posts0_.recruit_status as recruit10_2_, posts0_.remote as remote11_2_, posts0_.start_date as start_d12_2_, posts0_.title as title13_2_ from post posts0_ where posts0_.user_id=5;
2022-12-04 11:32:24.873  INFO 31164 --- [    Test worker] Tamanegiseoul.comeet.PostServiceTest     : title: 이것은 새로운 포스트입니다.
 content: 빈 내용
 recruit status: RECRUIT
 recruit capacity: 4
 start date: 2022-10-23
contact: 93jpark@gmail.com
 contact type: POSTER_EMAIL
 start date: 2022-10-23
 expected term: 14
 created date: 2022-12-04T11:32:24.848207
 modified date: 2022-12-04T11:32:24.848179

2022-12-04 11:32:24.879  INFO 31164 --- [    Test worker] p6spy                                    : #1670121144879 | took 1ms | rollback | connection 8| url jdbc:h2:mem:1c941bc3-8742-4247-a542-133e0a66e289

;
2022-12-04 11:32:24.880  INFO 31164 --- [    Test worker] o.s.t.c.transaction.TransactionContext   : Rolled back transaction for test: [DefaultTestContext@64dc0a5f testClass = PostServiceTest, testInstance = Tamanegiseoul.comeet.PostServiceTest@549dfe1d, testMethod = 포스트_생성@PostServiceTest, testException = [null], mergedContextConfiguration = [WebMergedContextConfiguration@537fb7bf testClass = PostServiceTest, locations = '{}', classes = '{class Tamanegiseoul.comeet.CoMeetApplication}', contextInitializerClasses = '[]', activeProfiles = '{}', propertySourceLocations = '{}', propertySourceProperties = '{org.springframework.boot.test.context.SpringBootTestContextBootstrapper=true}', contextCustomizers = set[org.springframework.boot.test.autoconfigure.actuate.metrics.MetricsExportContextCustomizerFactory$DisableMetricExportContextCustomizer@67d18ed7, org.springframework.boot.test.autoconfigure.properties.PropertyMappingContextCustomizer@0, org.springframework.boot.test.autoconfigure.web.servlet.WebDriverContextCustomizerFactory$Customizer@291a7e3c, org.springframework.boot.test.context.filter.ExcludeFilterContextCustomizer@5505ae1a, org.springframework.boot.test.json.DuplicateJsonObjectContextCustomizerFactory$DuplicateJsonObjectContextCustomizer@60df60da, org.springframework.boot.test.mock.mockito.MockitoContextCustomizer@0, org.springframework.boot.test.web.client.TestRestTemplateContextCustomizer@a3d9978, org.springframework.boot.test.web.reactive.server.WebTestClientContextCustomizer@56928307, org.springframework.boot.test.context.SpringBootTestArgs@1, org.springframework.boot.test.context.SpringBootTestWebEnvironment@11c9af63], resourceBasePath = 'src/main/webapp', contextLoader = 'org.springframework.boot.test.context.SpringBootContextLoader', parent = [null]], attributes = map['org.springframework.test.context.web.ServletTestExecutionListener.activateListener' -> true, 'org.springframework.test.context.web.ServletTestExecutionListener.populatedRequestContextHolder' -> true, 'org.springframework.test.context.web.ServletTestExecutionListener.resetRequestContextHolder' -> true, 'org.springframework.test.context.event.ApplicationEventsTestExecutionListener.recordApplicationEvents' -> false]]
2022-12-04 11:32:24.885  INFO 31164 --- [    Test worker] o.s.t.c.transaction.TransactionContext   : Began transaction (1) for test context [DefaultTestContext@64dc0a5f testClass = PostServiceTest, testInstance = Tamanegiseoul.comeet.PostServiceTest@29f58b44, testMethod = 포스트_수정@PostServiceTest, testException = [null], mergedContextConfiguration = [WebMergedContextConfiguration@537fb7bf testClass = PostServiceTest, locations = '{}', classes = '{class Tamanegiseoul.comeet.CoMeetApplication}', contextInitializerClasses = '[]', activeProfiles = '{}', propertySourceLocations = '{}', propertySourceProperties = '{org.springframework.boot.test.context.SpringBootTestContextBootstrapper=true}', contextCustomizers = set[org.springframework.boot.test.autoconfigure.actuate.metrics.MetricsExportContextCustomizerFactory$DisableMetricExportContextCustomizer@67d18ed7, org.springframework.boot.test.autoconfigure.properties.PropertyMappingContextCustomizer@0, org.springframework.boot.test.autoconfigure.web.servlet.WebDriverContextCustomizerFactory$Customizer@291a7e3c, org.springframework.boot.test.context.filter.ExcludeFilterContextCustomizer@5505ae1a, org.springframework.boot.test.json.DuplicateJsonObjectContextCustomizerFactory$DuplicateJsonObjectContextCustomizer@60df60da, org.springframework.boot.test.mock.mockito.MockitoContextCustomizer@0, org.springframework.boot.test.web.client.TestRestTemplateContextCustomizer@a3d9978, org.springframework.boot.test.web.reactive.server.WebTestClientContextCustomizer@56928307, org.springframework.boot.test.context.SpringBootTestArgs@1, org.springframework.boot.test.context.SpringBootTestWebEnvironment@11c9af63], resourceBasePath = 'src/main/webapp', contextLoader = 'org.springframework.boot.test.context.SpringBootContextLoader', parent = [null]], attributes = map['org.springframework.test.context.web.ServletTestExecutionListener.activateListener' -> true, 'org.springframework.test.context.web.ServletTestExecutionListener.populatedRequestContextHolder' -> true, 'org.springframework.test.context.web.ServletTestExecutionListener.resetRequestContextHolder' -> true, 'org.springframework.test.context.event.ApplicationEventsTestExecutionListener.recordApplicationEvents' -> false]]; transaction manager [org.springframework.orm.jpa.JpaTransactionManager@2eb91767]; rollback [true]
2022-12-04 11:32:24.888  INFO 31164 --- [    Test worker] p6spy                                    : #1670121144888 | took 0ms | statement | connection 9| url jdbc:h2:mem:1c941bc3-8742-4247-a542-133e0a66e289
select users0_.user_id as user_id1_4_, users0_.created_time as created_2_4_, users0_.email as email3_4_, users0_.modified_time as modified4_4_, users0_.nickname as nickname5_4_, users0_.password as password6_4_, users0_.image_id as image_id7_4_ from users users0_ where users0_.email=?
select users0_.user_id as user_id1_4_, users0_.created_time as created_2_4_, users0_.email as email3_4_, users0_.modified_time as modified4_4_, users0_.nickname as nickname5_4_, users0_.password as password6_4_, users0_.image_id as image_id7_4_ from users users0_ where users0_.email='93jpark@gmail.com';
2022-12-04 11:32:24.891  INFO 31164 --- [    Test worker] p6spy                                    : #1670121144891 | took 0ms | statement | connection 9| url jdbc:h2:mem:1c941bc3-8742-4247-a542-133e0a66e289
select users0_.user_id as user_id1_4_, users0_.created_time as created_2_4_, users0_.email as email3_4_, users0_.modified_time as modified4_4_, users0_.nickname as nickname5_4_, users0_.password as password6_4_, users0_.image_id as image_id7_4_ from users users0_ where users0_.nickname=?
select users0_.user_id as user_id1_4_, users0_.created_time as created_2_4_, users0_.email as email3_4_, users0_.modified_time as modified4_4_, users0_.nickname as nickname5_4_, users0_.password as password6_4_, users0_.image_id as image_id7_4_ from users users0_ where users0_.nickname='케네스';
2022-12-04 11:32:24.894  INFO 31164 --- [    Test worker] p6spy                                    : #1670121144894 | took 0ms | statement | connection 9| url jdbc:h2:mem:1c941bc3-8742-4247-a542-133e0a66e289
insert into users (user_id, created_time, email, modified_time, nickname, password, image_id) values (default, ?, ?, ?, ?, ?, ?)
insert into users (user_id, created_time, email, modified_time, nickname, password, image_id) values (default, '2022-12-04T11:32:24.891+0900', '93jpark@gmail.com', '2022-12-04T11:32:24.892+0900', '케네스', 'password', NULL);
2022-12-04 11:32:24.895  INFO 31164 --- [    Test worker] T.comeet.service.PostService             : [PostService:registerPost] register method init
2022-12-04 11:32:24.896  INFO 31164 --- [    Test worker] p6spy                                    : #1670121144896 | took 0ms | statement | connection 9| url jdbc:h2:mem:1c941bc3-8742-4247-a542-133e0a66e289
call next value for hibernate_sequence
call next value for hibernate_sequence;
2022-12-04 11:32:24.897  INFO 31164 --- [    Test worker] T.comeet.service.PostService             : [PostService:registerPost] successfully registered
2022-12-04 11:32:24.898  WARN 31164 --- [    Test worker] Tamanegiseoul.comeet.PostServiceTest     : 이것은 수정된 포스트입니다.
2022-12-04 11:32:24.922  INFO 31164 --- [    Test worker] p6spy                                    : #1670121144922 | took 0ms | statement | connection 9| url jdbc:h2:mem:1c941bc3-8742-4247-a542-133e0a66e289
call next value for hibernate_sequence
call next value for hibernate_sequence;
2022-12-04 11:32:24.931  INFO 31164 --- [    Test worker] p6spy                                    : #1670121144931 | took 0ms | statement | connection 9| url jdbc:h2:mem:1c941bc3-8742-4247-a542-133e0a66e289
call next value for hibernate_sequence
call next value for hibernate_sequence;
2022-12-04 11:32:24.935  INFO 31164 --- [    Test worker] p6spy                                    : #1670121144935 | took 0ms | statement | connection 9| url jdbc:h2:mem:1c941bc3-8742-4247-a542-133e0a66e289
insert into post (contact, contact_type, content, created_time, expected_term, hits, modified_time, user_id, recruit_capacity, recruit_status, remote, start_date, title, post_id) values (?, ?, ?, ?, ?, ?, ?, ?, ?, ?, ?, ?, ?, ?)
insert into post (contact, contact_type, content, created_time, expected_term, hits, modified_time, user_id, recruit_capacity, recruit_status, remote, start_date, title, post_id) values ('93jpark@gmail.com', 'POSTER_EMAIL', '빈 내용', '2022-12-04T11:32:24.895+0900', 14, 0, '2022-12-04T11:32:24.895+0900', 6, 4, 'RECRUIT', false, '2022-10-23T00:00:00.000+0900', '이것은 새로운 포스트입니다.', 12);
2022-12-04 11:32:24.937  INFO 31164 --- [    Test worker] p6spy                                    : #1670121144937 | took 0ms | statement | connection 9| url jdbc:h2:mem:1c941bc3-8742-4247-a542-133e0a66e289
insert into stack_relation (post_id, tech_stack, user_id, stack_relation_id) values (?, ?, ?, ?)
insert into stack_relation (post_id, tech_stack, user_id, stack_relation_id) values (12, 'JAVA', NULL, 13);
2022-12-04 11:32:24.938  INFO 31164 --- [    Test worker] p6spy                                    : #1670121144938 | took 0ms | statement | connection 9| url jdbc:h2:mem:1c941bc3-8742-4247-a542-133e0a66e289
insert into stack_relation (post_id, tech_stack, user_id, stack_relation_id) values (?, ?, ?, ?)
insert into stack_relation (post_id, tech_stack, user_id, stack_relation_id) values (12, 'SPRING', NULL, 14);
2022-12-04 11:32:24.941  INFO 31164 --- [    Test worker] p6spy                                    : #1670121144941 | took 0ms | statement | connection 9| url jdbc:h2:mem:1c941bc3-8742-4247-a542-133e0a66e289
update post set contact=?, contact_type=?, content=?, created_time=?, expected_term=?, hits=?, modified_time=?, user_id=?, recruit_capacity=?, recruit_status=?, remote=?, start_date=?, title=? where post_id=?
update post set contact='93jpark@gmail.com', contact_type='POSTER_EMAIL', content='빈 내용', created_time='2022-12-04T11:32:24.897+0900', expected_term=28, hits=0, modified_time='2022-12-04T11:32:24.897+0900', user_id=6, recruit_capacity=8, recruit_status='DONE', remote=false, start_date='2022-11-27T00:00:00.000+0900', title='이것은 수정된 포스트입니다.' where post_id=12;
2022-12-04 11:32:24.947  INFO 31164 --- [    Test worker] p6spy                                    : #1670121144947 | took 0ms | statement | connection 9| url jdbc:h2:mem:1c941bc3-8742-4247-a542-133e0a66e289
delete from stack_relation where post_id=?
delete from stack_relation where post_id=12;
2022-12-04 11:32:24.951  INFO 31164 --- [    Test worker] p6spy                                    : #1670121144951 | took 0ms | statement | connection 9| url jdbc:h2:mem:1c941bc3-8742-4247-a542-133e0a66e289
select posts0_.post_id as post_id1_2_, posts0_.contact as contact2_2_, posts0_.contact_type as contact_3_2_, posts0_.content as content4_2_, posts0_.created_time as created_5_2_, posts0_.expected_term as expected6_2_, posts0_.hits as hits7_2_, posts0_.modified_time as modified8_2_, posts0_.user_id as user_id14_2_, posts0_.recruit_capacity as recruit_9_2_, posts0_.recruit_status as recruit10_2_, posts0_.remote as remote11_2_, posts0_.start_date as start_d12_2_, posts0_.title as title13_2_ from post posts0_ where posts0_.user_id=?
select posts0_.post_id as post_id1_2_, posts0_.contact as contact2_2_, posts0_.contact_type as contact_3_2_, posts0_.content as content4_2_, posts0_.created_time as created_5_2_, posts0_.expected_term as expected6_2_, posts0_.hits as hits7_2_, posts0_.modified_time as modified8_2_, posts0_.user_id as user_id14_2_, posts0_.recruit_capacity as recruit_9_2_, posts0_.recruit_status as recruit10_2_, posts0_.remote as remote11_2_, posts0_.start_date as start_d12_2_, posts0_.title as title13_2_ from post posts0_ where posts0_.user_id=6;
2022-12-04 11:32:24.964  INFO 31164 --- [    Test worker] p6spy                                    : #1670121144964 | took 0ms | statement | connection 9| url jdbc:h2:mem:1c941bc3-8742-4247-a542-133e0a66e289
select users0_.user_id as user_id1_4_0_, users0_.created_time as created_2_4_0_, users0_.email as email3_4_0_, users0_.modified_time as modified4_4_0_, users0_.nickname as nickname5_4_0_, users0_.password as password6_4_0_, users0_.image_id as image_id7_4_0_, imagedata1_.image_id as image_id1_1_1_, imagedata1_.file_name as file_nam2_1_1_, imagedata1_.file_type as file_typ3_1_1_, imagedata1_.image_data as image_da4_1_1_, imagedata1_.owner_user_id as owner_us5_1_1_, users2_.user_id as user_id1_4_2_, users2_.created_time as created_2_4_2_, users2_.email as email3_4_2_, users2_.modified_time as modified4_4_2_, users2_.nickname as nickname5_4_2_, users2_.password as password6_4_2_, users2_.image_id as image_id7_4_2_ from users users0_ left outer join image_data imagedata1_ on users0_.image_id=imagedata1_.image_id left outer join users users2_ on imagedata1_.owner_user_id=users2_.user_id where users0_.user_id=?
select users0_.user_id as user_id1_4_0_, users0_.created_time as created_2_4_0_, users0_.email as email3_4_0_, users0_.modified_time as modified4_4_0_, users0_.nickname as nickname5_4_0_, users0_.password as password6_4_0_, users0_.image_id as image_id7_4_0_, imagedata1_.image_id as image_id1_1_1_, imagedata1_.file_name as file_nam2_1_1_, imagedata1_.file_type as file_typ3_1_1_, imagedata1_.image_data as image_da4_1_1_, imagedata1_.owner_user_id as owner_us5_1_1_, users2_.user_id as user_id1_4_2_, users2_.created_time as created_2_4_2_, users2_.email as email3_4_2_, users2_.modified_time as modified4_4_2_, users2_.nickname as nickname5_4_2_, users2_.password as password6_4_2_, users2_.image_id as image_id7_4_2_ from users users0_ left outer join image_data imagedata1_ on users0_.image_id=imagedata1_.image_id left outer join users users2_ on imagedata1_.owner_user_id=users2_.user_id where users0_.user_id=6;
2022-12-04 11:32:24.970  INFO 31164 --- [    Test worker] Tamanegiseoul.comeet.PostServiceTest     : title: 이것은 수정된 포스트입니다.
 content: 빈 내용
 recruit status: DONE
 recruit capacity: 8
 start date: 2022-11-27
contact: 93jpark@gmail.com
 contact type: POSTER_EMAIL
 start date: 2022-11-27
 expected term: 28
 created date: 2022-12-04T11:32:24.897531
 modified date: 2022-12-04T11:32:24.897503

2022-12-04 11:32:24.975  INFO 31164 --- [    Test worker] p6spy                                    : #1670121144975 | took 0ms | rollback | connection 9| url jdbc:h2:mem:1c941bc3-8742-4247-a542-133e0a66e289

;
2022-12-04 11:32:24.976  INFO 31164 --- [    Test worker] o.s.t.c.transaction.TransactionContext   : Rolled back transaction for test: [DefaultTestContext@64dc0a5f testClass = PostServiceTest, testInstance = Tamanegiseoul.comeet.PostServiceTest@29f58b44, testMethod = 포스트_수정@PostServiceTest, testException = [null], mergedContextConfiguration = [WebMergedContextConfiguration@537fb7bf testClass = PostServiceTest, locations = '{}', classes = '{class Tamanegiseoul.comeet.CoMeetApplication}', contextInitializerClasses = '[]', activeProfiles = '{}', propertySourceLocations = '{}', propertySourceProperties = '{org.springframework.boot.test.context.SpringBootTestContextBootstrapper=true}', contextCustomizers = set[org.springframework.boot.test.autoconfigure.actuate.metrics.MetricsExportContextCustomizerFactory$DisableMetricExportContextCustomizer@67d18ed7, org.springframework.boot.test.autoconfigure.properties.PropertyMappingContextCustomizer@0, org.springframework.boot.test.autoconfigure.web.servlet.WebDriverContextCustomizerFactory$Customizer@291a7e3c, org.springframework.boot.test.context.filter.ExcludeFilterContextCustomizer@5505ae1a, org.springframework.boot.test.json.DuplicateJsonObjectContextCustomizerFactory$DuplicateJsonObjectContextCustomizer@60df60da, org.springframework.boot.test.mock.mockito.MockitoContextCustomizer@0, org.springframework.boot.test.web.client.TestRestTemplateContextCustomizer@a3d9978, org.springframework.boot.test.web.reactive.server.WebTestClientContextCustomizer@56928307, org.springframework.boot.test.context.SpringBootTestArgs@1, org.springframework.boot.test.context.SpringBootTestWebEnvironment@11c9af63], resourceBasePath = 'src/main/webapp', contextLoader = 'org.springframework.boot.test.context.SpringBootContextLoader', parent = [null]], attributes = map['org.springframework.test.context.web.ServletTestExecutionListener.activateListener' -> true, 'org.springframework.test.context.web.ServletTestExecutionListener.populatedRequestContextHolder' -> true, 'org.springframework.test.context.web.ServletTestExecutionListener.resetRequestContextHolder' -> true, 'org.springframework.test.context.event.ApplicationEventsTestExecutionListener.recordApplicationEvents' -> false]]
]]></system-out>
  <system-err><![CDATA[]]></system-err>
</testsuite>
