<?xml version="1.0" encoding="UTF-8"?>
<testsuite name="Tamanegiseoul.comeet.utilTest" tests="1" skipped="0" failures="0" errors="0" timestamp="2022-12-02T16:07:53" hostname="Joonwoos-MacBook-Pro.local" time="0.005">
  <properties/>
  <testcase name="LocalDateTime_test" classname="Tamanegiseoul.comeet.utilTest" time="0.005"/>
  <system-out><![CDATA[2022-12-03 01:07:53.396  INFO 15002 --- [    Test worker] o.s.t.c.transaction.TransactionContext   : Began transaction (1) for test context [DefaultTestContext@dcf64d2 testClass = utilTest, testInstance = Tamanegiseoul.comeet.utilTest@20bc3e7f, testMethod = LocalDateTime_test@utilTest, testException = [null], mergedContextConfiguration = [WebMergedContextConfiguration@7959fbe3 testClass = utilTest, locations = '{}', classes = '{class Tamanegiseoul.comeet.CoMeetApplication}', contextInitializerClasses = '[]', activeProfiles = '{}', propertySourceLocations = '{}', propertySourceProperties = '{org.springframework.boot.test.context.SpringBootTestContextBootstrapper=true}', contextCustomizers = set[org.springframework.boot.test.autoconfigure.actuate.metrics.MetricsExportContextCustomizerFactory$DisableMetricExportContextCustomizer@30c93896, org.springframework.boot.test.autoconfigure.properties.PropertyMappingContextCustomizer@0, org.springframework.boot.test.autoconfigure.web.servlet.WebDriverContextCustomizerFactory$Customizer@558bdf1f, org.springframework.boot.test.context.filter.ExcludeFilterContextCustomizer@5f354bcf, org.springframework.boot.test.json.DuplicateJsonObjectContextCustomizerFactory$DuplicateJsonObjectContextCustomizer@4716be8b, org.springframework.boot.test.mock.mockito.MockitoContextCustomizer@0, org.springframework.boot.test.web.client.TestRestTemplateContextCustomizer@5ddf0d24, org.springframework.boot.test.web.reactive.server.WebTestClientContextCustomizer@3abada5a, org.springframework.boot.test.context.SpringBootTestArgs@1, org.springframework.boot.test.context.SpringBootTestWebEnvironment@60015ef5], resourceBasePath = 'src/main/webapp', contextLoader = 'org.springframework.boot.test.context.SpringBootContextLoader', parent = [null]], attributes = map['org.springframework.test.context.web.ServletTestExecutionListener.activateListener' -> true, 'org.springframework.test.context.web.ServletTestExecutionListener.populatedRequestContextHolder' -> true, 'org.springframework.test.context.web.ServletTestExecutionListener.resetRequestContextHolder' -> true, 'org.springframework.test.context.event.ApplicationEventsTestExecutionListener.recordApplicationEvents' -> false]]; transaction manager [org.springframework.orm.jpa.JpaTransactionManager@25762f04]; rollback [true]
2022-12-03 01:07:53.397  WARN 15002 --- [    Test worker] Tamanegiseoul.comeet.utilTest            : 2022-12-03T01:07:53.397101
2022-12-03 01:07:53.397  WARN 15002 --- [    Test worker] Tamanegiseoul.comeet.utilTest            : 2022-10-23T22:14:30
2022-12-03 01:07:53.398  WARN 15002 --- [    Test worker] Tamanegiseoul.comeet.utilTest            : 2022-10-23T22:14:30
2022-12-03 01:07:53.400  INFO 15002 --- [    Test worker] p6spy                                    : #1669997273400 | took 0ms | rollback | connection 16| url jdbc:h2:mem:e653744f-d6f7-4e0c-b085-926fa62d0c8e

;
2022-12-03 01:07:53.400  INFO 15002 --- [    Test worker] o.s.t.c.transaction.TransactionContext   : Rolled back transaction for test: [DefaultTestContext@dcf64d2 testClass = utilTest, testInstance = Tamanegiseoul.comeet.utilTest@20bc3e7f, testMethod = LocalDateTime_test@utilTest, testException = [null], mergedContextConfiguration = [WebMergedContextConfiguration@7959fbe3 testClass = utilTest, locations = '{}', classes = '{class Tamanegiseoul.comeet.CoMeetApplication}', contextInitializerClasses = '[]', activeProfiles = '{}', propertySourceLocations = '{}', propertySourceProperties = '{org.springframework.boot.test.context.SpringBootTestContextBootstrapper=true}', contextCustomizers = set[org.springframework.boot.test.autoconfigure.actuate.metrics.MetricsExportContextCustomizerFactory$DisableMetricExportContextCustomizer@30c93896, org.springframework.boot.test.autoconfigure.properties.PropertyMappingContextCustomizer@0, org.springframework.boot.test.autoconfigure.web.servlet.WebDriverContextCustomizerFactory$Customizer@558bdf1f, org.springframework.boot.test.context.filter.ExcludeFilterContextCustomizer@5f354bcf, org.springframework.boot.test.json.DuplicateJsonObjectContextCustomizerFactory$DuplicateJsonObjectContextCustomizer@4716be8b, org.springframework.boot.test.mock.mockito.MockitoContextCustomizer@0, org.springframework.boot.test.web.client.TestRestTemplateContextCustomizer@5ddf0d24, org.springframework.boot.test.web.reactive.server.WebTestClientContextCustomizer@3abada5a, org.springframework.boot.test.context.SpringBootTestArgs@1, org.springframework.boot.test.context.SpringBootTestWebEnvironment@60015ef5], resourceBasePath = 'src/main/webapp', contextLoader = 'org.springframework.boot.test.context.SpringBootContextLoader', parent = [null]], attributes = map['org.springframework.test.context.web.ServletTestExecutionListener.activateListener' -> true, 'org.springframework.test.context.web.ServletTestExecutionListener.populatedRequestContextHolder' -> true, 'org.springframework.test.context.web.ServletTestExecutionListener.resetRequestContextHolder' -> true, 'org.springframework.test.context.event.ApplicationEventsTestExecutionListener.recordApplicationEvents' -> false]]
]]></system-out>
  <system-err><![CDATA[]]></system-err>
</testsuite>
