<?xml version="1.0" encoding="UTF-8"?>
<testsuite name="Tamanegiseoul.comeet.CommentServiceTest" tests="4" skipped="0" failures="0" errors="0" timestamp="2022-12-04T02:32:24" hostname="Joonwoos-MacBook-Pro.local" time="0.684">
  <properties/>
  <testcase name="덧글_삭제" classname="Tamanegiseoul.comeet.CommentServiceTest" time="0.517"/>
  <testcase name="덧글_수정" classname="Tamanegiseoul.comeet.CommentServiceTest" time="0.046"/>
  <testcase name="덧글_작성" classname="Tamanegiseoul.comeet.CommentServiceTest" time="0.043"/>
  <testcase name="덧글_조회" classname="Tamanegiseoul.comeet.CommentServiceTest" time="0.07"/>
  <system-out><![CDATA[2022-12-04 11:32:24.232  INFO 31164 --- [    Test worker] o.s.t.c.transaction.TransactionContext   : Began transaction (1) for test context [DefaultTestContext@4ab959e8 testClass = CommentServiceTest, testInstance = Tamanegiseoul.comeet.CommentServiceTest@39d4f046, testMethod = 덧글_삭제@CommentServiceTest, testException = [null], mergedContextConfiguration = [WebMergedContextConfiguration@5f910283 testClass = CommentServiceTest, locations = '{}', classes = '{class Tamanegiseoul.comeet.CoMeetApplication}', contextInitializerClasses = '[]', activeProfiles = '{}', propertySourceLocations = '{}', propertySourceProperties = '{org.springframework.boot.test.context.SpringBootTestContextBootstrapper=true}', contextCustomizers = set[org.springframework.boot.test.autoconfigure.actuate.metrics.MetricsExportContextCustomizerFactory$DisableMetricExportContextCustomizer@67d18ed7, org.springframework.boot.test.autoconfigure.properties.PropertyMappingContextCustomizer@0, org.springframework.boot.test.autoconfigure.web.servlet.WebDriverContextCustomizerFactory$Customizer@291a7e3c, org.springframework.boot.test.context.filter.ExcludeFilterContextCustomizer@5505ae1a, org.springframework.boot.test.json.DuplicateJsonObjectContextCustomizerFactory$DuplicateJsonObjectContextCustomizer@60df60da, org.springframework.boot.test.mock.mockito.MockitoContextCustomizer@0, org.springframework.boot.test.web.client.TestRestTemplateContextCustomizer@a3d9978, org.springframework.boot.test.web.reactive.server.WebTestClientContextCustomizer@56928307, org.springframework.boot.test.context.SpringBootTestArgs@1, org.springframework.boot.test.context.SpringBootTestWebEnvironment@11c9af63], resourceBasePath = 'src/main/webapp', contextLoader = 'org.springframework.boot.test.context.SpringBootContextLoader', parent = [null]], attributes = map['org.springframework.test.context.web.ServletTestExecutionListener.activateListener' -> true, 'org.springframework.test.context.web.ServletTestExecutionListener.populatedRequestContextHolder' -> true, 'org.springframework.test.context.web.ServletTestExecutionListener.resetRequestContextHolder' -> true, 'org.springframework.test.context.event.ApplicationEventsTestExecutionListener.recordApplicationEvents' -> false]]; transaction manager [org.springframework.orm.jpa.JpaTransactionManager@2eb91767]; rollback [true]
2022-12-04 11:32:24.235  INFO 31164 --- [    Test worker] Tamanegiseoul.comeet.CommentServiceTest  : test initializer exceuted
2022-12-04 11:32:24.453  INFO 31164 --- [    Test worker] p6spy                                    : #1670121144453 | took 10ms | statement | connection 4| url jdbc:h2:mem:1c941bc3-8742-4247-a542-133e0a66e289
select users0_.user_id as user_id1_4_, users0_.created_time as created_2_4_, users0_.email as email3_4_, users0_.modified_time as modified4_4_, users0_.nickname as nickname5_4_, users0_.password as password6_4_, users0_.image_id as image_id7_4_ from users users0_ where users0_.email=?
select users0_.user_id as user_id1_4_, users0_.created_time as created_2_4_, users0_.email as email3_4_, users0_.modified_time as modified4_4_, users0_.nickname as nickname5_4_, users0_.password as password6_4_, users0_.image_id as image_id7_4_ from users users0_ where users0_.email='93jpark@gmail.com';
2022-12-04 11:32:24.475  INFO 31164 --- [    Test worker] p6spy                                    : #1670121144475 | took 0ms | statement | connection 4| url jdbc:h2:mem:1c941bc3-8742-4247-a542-133e0a66e289
select users0_.user_id as user_id1_4_, users0_.created_time as created_2_4_, users0_.email as email3_4_, users0_.modified_time as modified4_4_, users0_.nickname as nickname5_4_, users0_.password as password6_4_, users0_.image_id as image_id7_4_ from users users0_ where users0_.nickname=?
select users0_.user_id as user_id1_4_, users0_.created_time as created_2_4_, users0_.email as email3_4_, users0_.modified_time as modified4_4_, users0_.nickname as nickname5_4_, users0_.password as password6_4_, users0_.image_id as image_id7_4_ from users users0_ where users0_.nickname='케네스';
2022-12-04 11:32:24.520  INFO 31164 --- [    Test worker] p6spy                                    : #1670121144519 | took 4ms | statement | connection 4| url jdbc:h2:mem:1c941bc3-8742-4247-a542-133e0a66e289
insert into users (user_id, created_time, email, modified_time, nickname, password, image_id) values (default, ?, ?, ?, ?, ?, ?)
insert into users (user_id, created_time, email, modified_time, nickname, password, image_id) values (default, '2022-12-04T11:32:24.476+0900', '93jpark@gmail.com', '2022-12-04T11:32:24.476+0900', '케네스', 'password', NULL);
2022-12-04 11:32:24.526  INFO 31164 --- [    Test worker] Tamanegiseoul.comeet.CommentServiceTest  : new user is registered
2022-12-04 11:32:24.541  INFO 31164 --- [    Test worker] T.comeet.service.PostService             : [PostService:registerPost] register method init
2022-12-04 11:32:24.557  INFO 31164 --- [    Test worker] p6spy                                    : #1670121144557 | took 2ms | statement | connection 4| url jdbc:h2:mem:1c941bc3-8742-4247-a542-133e0a66e289
call next value for hibernate_sequence
call next value for hibernate_sequence;
2022-12-04 11:32:24.564  INFO 31164 --- [    Test worker] T.comeet.service.PostService             : [PostService:registerPost] successfully registered
2022-12-04 11:32:24.565  INFO 31164 --- [    Test worker] Tamanegiseoul.comeet.CommentServiceTest  : new post is registered
2022-12-04 11:32:24.592  INFO 31164 --- [    Test worker] p6spy                                    : #1670121144592 | took 0ms | statement | connection 4| url jdbc:h2:mem:1c941bc3-8742-4247-a542-133e0a66e289
insert into post (contact, contact_type, content, created_time, expected_term, hits, modified_time, user_id, recruit_capacity, recruit_status, remote, start_date, title, post_id) values (?, ?, ?, ?, ?, ?, ?, ?, ?, ?, ?, ?, ?, ?)
insert into post (contact, contact_type, content, created_time, expected_term, hits, modified_time, user_id, recruit_capacity, recruit_status, remote, start_date, title, post_id) values ('some_open_chat_url_/kakao.xyz', 'KAKAO_OPEN_CHAT', 'this is empty content..', '2022-12-04T11:32:24.526+0900', 28, 0, '2022-12-04T11:32:24.526+0900', 1, 4, 'RECRUIT', NULL, '2024-10-23T00:00:00.000+0900', 'NEW POST!', 1);
2022-12-04 11:32:24.600  INFO 31164 --- [    Test worker] p6spy                                    : #1670121144600 | took 0ms | statement | connection 4| url jdbc:h2:mem:1c941bc3-8742-4247-a542-133e0a66e289
update post set contact=?, contact_type=?, content=?, created_time=?, expected_term=?, hits=?, modified_time=?, user_id=?, recruit_capacity=?, recruit_status=?, remote=?, start_date=?, title=? where post_id=?
update post set contact='some_open_chat_url_/kakao.xyz', contact_type='KAKAO_OPEN_CHAT', content='this is empty content..', created_time='2022-12-04T11:32:24.564+0900', expected_term=28, hits=0, modified_time='2022-12-04T11:32:24.564+0900', user_id=1, recruit_capacity=4, recruit_status='RECRUIT', remote=NULL, start_date='2024-10-23T00:00:00.000+0900', title='NEW POST!' where post_id=1;
2022-12-04 11:32:24.608  INFO 31164 --- [    Test worker] p6spy                                    : #1670121144608 | took 0ms | statement | connection 4| url jdbc:h2:mem:1c941bc3-8742-4247-a542-133e0a66e289
select posts0_.post_id as post_id1_2_, posts0_.contact as contact2_2_, posts0_.contact_type as contact_3_2_, posts0_.content as content4_2_, posts0_.created_time as created_5_2_, posts0_.expected_term as expected6_2_, posts0_.hits as hits7_2_, posts0_.modified_time as modified8_2_, posts0_.user_id as user_id14_2_, posts0_.recruit_capacity as recruit_9_2_, posts0_.recruit_status as recruit10_2_, posts0_.remote as remote11_2_, posts0_.start_date as start_d12_2_, posts0_.title as title13_2_ from post posts0_
select posts0_.post_id as post_id1_2_, posts0_.contact as contact2_2_, posts0_.contact_type as contact_3_2_, posts0_.content as content4_2_, posts0_.created_time as created_5_2_, posts0_.expected_term as expected6_2_, posts0_.hits as hits7_2_, posts0_.modified_time as modified8_2_, posts0_.user_id as user_id14_2_, posts0_.recruit_capacity as recruit_9_2_, posts0_.recruit_status as recruit10_2_, posts0_.remote as remote11_2_, posts0_.start_date as start_d12_2_, posts0_.title as title13_2_ from post posts0_;
2022-12-04 11:32:24.614  INFO 31164 --- [    Test worker] p6spy                                    : #1670121144614 | took 0ms | statement | connection 4| url jdbc:h2:mem:1c941bc3-8742-4247-a542-133e0a66e289
select users0_.user_id as user_id1_4_, users0_.created_time as created_2_4_, users0_.email as email3_4_, users0_.modified_time as modified4_4_, users0_.nickname as nickname5_4_, users0_.password as password6_4_, users0_.image_id as image_id7_4_ from users users0_
select users0_.user_id as user_id1_4_, users0_.created_time as created_2_4_, users0_.email as email3_4_, users0_.modified_time as modified4_4_, users0_.nickname as nickname5_4_, users0_.password as password6_4_, users0_.image_id as image_id7_4_ from users users0_;
2022-12-04 11:32:24.631  INFO 31164 --- [    Test worker] p6spy                                    : #1670121144631 | took 0ms | statement | connection 4| url jdbc:h2:mem:1c941bc3-8742-4247-a542-133e0a66e289
call next value for hibernate_sequence
call next value for hibernate_sequence;
2022-12-04 11:32:24.638  INFO 31164 --- [    Test worker] p6spy                                    : #1670121144638 | took 0ms | statement | connection 4| url jdbc:h2:mem:1c941bc3-8742-4247-a542-133e0a66e289
insert into comment (content, created_time, modified_time, post_id, user_id, comment_id) values (?, ?, ?, ?, ?, ?)
insert into comment (content, created_time, modified_time, post_id, user_id, comment_id) values ('foo boo', '2022-12-04T11:32:24.615+0900', '2022-12-04T11:32:24.615+0900', 1, 1, 2);
2022-12-04 11:32:24.641  INFO 31164 --- [    Test worker] p6spy                                    : #1670121144641 | took 0ms | statement | connection 4| url jdbc:h2:mem:1c941bc3-8742-4247-a542-133e0a66e289
update comment set content=?, created_time=?, modified_time=?, post_id=?, user_id=? where comment_id=?
update comment set content='foo boo', created_time='2022-12-04T11:32:24.632+0900', modified_time='2022-12-04T11:32:24.632+0900', post_id=1, user_id=1 where comment_id=2;
2022-12-04 11:32:24.643  INFO 31164 --- [    Test worker] p6spy                                    : #1670121144643 | took 0ms | statement | connection 4| url jdbc:h2:mem:1c941bc3-8742-4247-a542-133e0a66e289
select comment0_.comment_id as comment_1_0_, comment0_.content as content2_0_, comment0_.created_time as created_3_0_, comment0_.modified_time as modified4_0_, comment0_.post_id as post_id5_0_, comment0_.user_id as user_id6_0_ from comment comment0_ where comment0_.comment_id=?
select comment0_.comment_id as comment_1_0_, comment0_.content as content2_0_, comment0_.created_time as created_3_0_, comment0_.modified_time as modified4_0_, comment0_.post_id as post_id5_0_, comment0_.user_id as user_id6_0_ from comment comment0_ where comment0_.comment_id=2;
2022-12-04 11:32:24.653  INFO 31164 --- [    Test worker] p6spy                                    : #1670121144653 | took 1ms | rollback | connection 4| url jdbc:h2:mem:1c941bc3-8742-4247-a542-133e0a66e289

;
2022-12-04 11:32:24.657  INFO 31164 --- [    Test worker] o.s.t.c.transaction.TransactionContext   : Rolled back transaction for test: [DefaultTestContext@4ab959e8 testClass = CommentServiceTest, testInstance = Tamanegiseoul.comeet.CommentServiceTest@39d4f046, testMethod = 덧글_삭제@CommentServiceTest, testException = [null], mergedContextConfiguration = [WebMergedContextConfiguration@5f910283 testClass = CommentServiceTest, locations = '{}', classes = '{class Tamanegiseoul.comeet.CoMeetApplication}', contextInitializerClasses = '[]', activeProfiles = '{}', propertySourceLocations = '{}', propertySourceProperties = '{org.springframework.boot.test.context.SpringBootTestContextBootstrapper=true}', contextCustomizers = set[org.springframework.boot.test.autoconfigure.actuate.metrics.MetricsExportContextCustomizerFactory$DisableMetricExportContextCustomizer@67d18ed7, org.springframework.boot.test.autoconfigure.properties.PropertyMappingContextCustomizer@0, org.springframework.boot.test.autoconfigure.web.servlet.WebDriverContextCustomizerFactory$Customizer@291a7e3c, org.springframework.boot.test.context.filter.ExcludeFilterContextCustomizer@5505ae1a, org.springframework.boot.test.json.DuplicateJsonObjectContextCustomizerFactory$DuplicateJsonObjectContextCustomizer@60df60da, org.springframework.boot.test.mock.mockito.MockitoContextCustomizer@0, org.springframework.boot.test.web.client.TestRestTemplateContextCustomizer@a3d9978, org.springframework.boot.test.web.reactive.server.WebTestClientContextCustomizer@56928307, org.springframework.boot.test.context.SpringBootTestArgs@1, org.springframework.boot.test.context.SpringBootTestWebEnvironment@11c9af63], resourceBasePath = 'src/main/webapp', contextLoader = 'org.springframework.boot.test.context.SpringBootContextLoader', parent = [null]], attributes = map['org.springframework.test.context.web.ServletTestExecutionListener.activateListener' -> true, 'org.springframework.test.context.web.ServletTestExecutionListener.populatedRequestContextHolder' -> true, 'org.springframework.test.context.web.ServletTestExecutionListener.resetRequestContextHolder' -> true, 'org.springframework.test.context.event.ApplicationEventsTestExecutionListener.recordApplicationEvents' -> false]]
2022-12-04 11:32:24.664  INFO 31164 --- [    Test worker] o.s.t.c.transaction.TransactionContext   : Began transaction (1) for test context [DefaultTestContext@4ab959e8 testClass = CommentServiceTest, testInstance = Tamanegiseoul.comeet.CommentServiceTest@49620576, testMethod = 덧글_수정@CommentServiceTest, testException = [null], mergedContextConfiguration = [WebMergedContextConfiguration@5f910283 testClass = CommentServiceTest, locations = '{}', classes = '{class Tamanegiseoul.comeet.CoMeetApplication}', contextInitializerClasses = '[]', activeProfiles = '{}', propertySourceLocations = '{}', propertySourceProperties = '{org.springframework.boot.test.context.SpringBootTestContextBootstrapper=true}', contextCustomizers = set[org.springframework.boot.test.autoconfigure.actuate.metrics.MetricsExportContextCustomizerFactory$DisableMetricExportContextCustomizer@67d18ed7, org.springframework.boot.test.autoconfigure.properties.PropertyMappingContextCustomizer@0, org.springframework.boot.test.autoconfigure.web.servlet.WebDriverContextCustomizerFactory$Customizer@291a7e3c, org.springframework.boot.test.context.filter.ExcludeFilterContextCustomizer@5505ae1a, org.springframework.boot.test.json.DuplicateJsonObjectContextCustomizerFactory$DuplicateJsonObjectContextCustomizer@60df60da, org.springframework.boot.test.mock.mockito.MockitoContextCustomizer@0, org.springframework.boot.test.web.client.TestRestTemplateContextCustomizer@a3d9978, org.springframework.boot.test.web.reactive.server.WebTestClientContextCustomizer@56928307, org.springframework.boot.test.context.SpringBootTestArgs@1, org.springframework.boot.test.context.SpringBootTestWebEnvironment@11c9af63], resourceBasePath = 'src/main/webapp', contextLoader = 'org.springframework.boot.test.context.SpringBootContextLoader', parent = [null]], attributes = map['org.springframework.test.context.web.ServletTestExecutionListener.activateListener' -> true, 'org.springframework.test.context.web.ServletTestExecutionListener.populatedRequestContextHolder' -> true, 'org.springframework.test.context.web.ServletTestExecutionListener.resetRequestContextHolder' -> true, 'org.springframework.test.context.event.ApplicationEventsTestExecutionListener.recordApplicationEvents' -> false]]; transaction manager [org.springframework.orm.jpa.JpaTransactionManager@2eb91767]; rollback [true]
2022-12-04 11:32:24.666  INFO 31164 --- [    Test worker] Tamanegiseoul.comeet.CommentServiceTest  : test initializer exceuted
2022-12-04 11:32:24.667  INFO 31164 --- [    Test worker] p6spy                                    : #1670121144667 | took 0ms | statement | connection 5| url jdbc:h2:mem:1c941bc3-8742-4247-a542-133e0a66e289
select users0_.user_id as user_id1_4_, users0_.created_time as created_2_4_, users0_.email as email3_4_, users0_.modified_time as modified4_4_, users0_.nickname as nickname5_4_, users0_.password as password6_4_, users0_.image_id as image_id7_4_ from users users0_ where users0_.email=?
select users0_.user_id as user_id1_4_, users0_.created_time as created_2_4_, users0_.email as email3_4_, users0_.modified_time as modified4_4_, users0_.nickname as nickname5_4_, users0_.password as password6_4_, users0_.image_id as image_id7_4_ from users users0_ where users0_.email='93jpark@gmail.com';
2022-12-04 11:32:24.669  INFO 31164 --- [    Test worker] p6spy                                    : #1670121144669 | took 0ms | statement | connection 5| url jdbc:h2:mem:1c941bc3-8742-4247-a542-133e0a66e289
select users0_.user_id as user_id1_4_, users0_.created_time as created_2_4_, users0_.email as email3_4_, users0_.modified_time as modified4_4_, users0_.nickname as nickname5_4_, users0_.password as password6_4_, users0_.image_id as image_id7_4_ from users users0_ where users0_.nickname=?
select users0_.user_id as user_id1_4_, users0_.created_time as created_2_4_, users0_.email as email3_4_, users0_.modified_time as modified4_4_, users0_.nickname as nickname5_4_, users0_.password as password6_4_, users0_.image_id as image_id7_4_ from users users0_ where users0_.nickname='케네스';
2022-12-04 11:32:24.674  INFO 31164 --- [    Test worker] p6spy                                    : #1670121144674 | took 1ms | statement | connection 5| url jdbc:h2:mem:1c941bc3-8742-4247-a542-133e0a66e289
insert into users (user_id, created_time, email, modified_time, nickname, password, image_id) values (default, ?, ?, ?, ?, ?, ?)
insert into users (user_id, created_time, email, modified_time, nickname, password, image_id) values (default, '2022-12-04T11:32:24.670+0900', '93jpark@gmail.com', '2022-12-04T11:32:24.670+0900', '케네스', 'password', NULL);
2022-12-04 11:32:24.675  INFO 31164 --- [    Test worker] Tamanegiseoul.comeet.CommentServiceTest  : new user is registered
2022-12-04 11:32:24.675  INFO 31164 --- [    Test worker] T.comeet.service.PostService             : [PostService:registerPost] register method init
2022-12-04 11:32:24.676  INFO 31164 --- [    Test worker] p6spy                                    : #1670121144676 | took 0ms | statement | connection 5| url jdbc:h2:mem:1c941bc3-8742-4247-a542-133e0a66e289
call next value for hibernate_sequence
call next value for hibernate_sequence;
2022-12-04 11:32:24.678  INFO 31164 --- [    Test worker] T.comeet.service.PostService             : [PostService:registerPost] successfully registered
2022-12-04 11:32:24.678  INFO 31164 --- [    Test worker] Tamanegiseoul.comeet.CommentServiceTest  : new post is registered
2022-12-04 11:32:24.682  INFO 31164 --- [    Test worker] p6spy                                    : #1670121144682 | took 0ms | statement | connection 5| url jdbc:h2:mem:1c941bc3-8742-4247-a542-133e0a66e289
insert into post (contact, contact_type, content, created_time, expected_term, hits, modified_time, user_id, recruit_capacity, recruit_status, remote, start_date, title, post_id) values (?, ?, ?, ?, ?, ?, ?, ?, ?, ?, ?, ?, ?, ?)
insert into post (contact, contact_type, content, created_time, expected_term, hits, modified_time, user_id, recruit_capacity, recruit_status, remote, start_date, title, post_id) values ('some_open_chat_url_/kakao.xyz', 'KAKAO_OPEN_CHAT', 'this is empty content..', '2022-12-04T11:32:24.675+0900', 28, 0, '2022-12-04T11:32:24.675+0900', 2, 4, 'RECRUIT', NULL, '2024-10-23T00:00:00.000+0900', 'NEW POST!', 3);
2022-12-04 11:32:24.685  INFO 31164 --- [    Test worker] p6spy                                    : #1670121144685 | took 0ms | statement | connection 5| url jdbc:h2:mem:1c941bc3-8742-4247-a542-133e0a66e289
update post set contact=?, contact_type=?, content=?, created_time=?, expected_term=?, hits=?, modified_time=?, user_id=?, recruit_capacity=?, recruit_status=?, remote=?, start_date=?, title=? where post_id=?
update post set contact='some_open_chat_url_/kakao.xyz', contact_type='KAKAO_OPEN_CHAT', content='this is empty content..', created_time='2022-12-04T11:32:24.678+0900', expected_term=28, hits=0, modified_time='2022-12-04T11:32:24.678+0900', user_id=2, recruit_capacity=4, recruit_status='RECRUIT', remote=NULL, start_date='2024-10-23T00:00:00.000+0900', title='NEW POST!' where post_id=3;
2022-12-04 11:32:24.686  INFO 31164 --- [    Test worker] p6spy                                    : #1670121144686 | took 0ms | statement | connection 5| url jdbc:h2:mem:1c941bc3-8742-4247-a542-133e0a66e289
select posts0_.post_id as post_id1_2_, posts0_.contact as contact2_2_, posts0_.contact_type as contact_3_2_, posts0_.content as content4_2_, posts0_.created_time as created_5_2_, posts0_.expected_term as expected6_2_, posts0_.hits as hits7_2_, posts0_.modified_time as modified8_2_, posts0_.user_id as user_id14_2_, posts0_.recruit_capacity as recruit_9_2_, posts0_.recruit_status as recruit10_2_, posts0_.remote as remote11_2_, posts0_.start_date as start_d12_2_, posts0_.title as title13_2_ from post posts0_
select posts0_.post_id as post_id1_2_, posts0_.contact as contact2_2_, posts0_.contact_type as contact_3_2_, posts0_.content as content4_2_, posts0_.created_time as created_5_2_, posts0_.expected_term as expected6_2_, posts0_.hits as hits7_2_, posts0_.modified_time as modified8_2_, posts0_.user_id as user_id14_2_, posts0_.recruit_capacity as recruit_9_2_, posts0_.recruit_status as recruit10_2_, posts0_.remote as remote11_2_, posts0_.start_date as start_d12_2_, posts0_.title as title13_2_ from post posts0_;
2022-12-04 11:32:24.689  INFO 31164 --- [    Test worker] p6spy                                    : #1670121144689 | took 0ms | statement | connection 5| url jdbc:h2:mem:1c941bc3-8742-4247-a542-133e0a66e289
select users0_.user_id as user_id1_4_, users0_.created_time as created_2_4_, users0_.email as email3_4_, users0_.modified_time as modified4_4_, users0_.nickname as nickname5_4_, users0_.password as password6_4_, users0_.image_id as image_id7_4_ from users users0_
select users0_.user_id as user_id1_4_, users0_.created_time as created_2_4_, users0_.email as email3_4_, users0_.modified_time as modified4_4_, users0_.nickname as nickname5_4_, users0_.password as password6_4_, users0_.image_id as image_id7_4_ from users users0_;
2022-12-04 11:32:24.690  INFO 31164 --- [    Test worker] p6spy                                    : #1670121144690 | took 0ms | statement | connection 5| url jdbc:h2:mem:1c941bc3-8742-4247-a542-133e0a66e289
call next value for hibernate_sequence
call next value for hibernate_sequence;
2022-12-04 11:32:24.695  INFO 31164 --- [    Test worker] p6spy                                    : #1670121144695 | took 0ms | statement | connection 5| url jdbc:h2:mem:1c941bc3-8742-4247-a542-133e0a66e289
insert into comment (content, created_time, modified_time, post_id, user_id, comment_id) values (?, ?, ?, ?, ?, ?)
insert into comment (content, created_time, modified_time, post_id, user_id, comment_id) values ('foo boo', '2022-12-04T11:32:24.690+0900', '2022-12-04T11:32:24.690+0900', 3, 2, 4);
2022-12-04 11:32:24.698  INFO 31164 --- [    Test worker] p6spy                                    : #1670121144698 | took 0ms | statement | connection 5| url jdbc:h2:mem:1c941bc3-8742-4247-a542-133e0a66e289
update comment set content=?, created_time=?, modified_time=?, post_id=?, user_id=? where comment_id=?
update comment set content='foo boo', created_time='2022-12-04T11:32:24.691+0900', modified_time='2022-12-04T11:32:24.691+0900', post_id=3, user_id=2 where comment_id=4;
2022-12-04 11:32:24.699  INFO 31164 --- [    Test worker] p6spy                                    : #1670121144699 | took 0ms | statement | connection 5| url jdbc:h2:mem:1c941bc3-8742-4247-a542-133e0a66e289
select comment0_.comment_id as comment_1_0_, comment0_.content as content2_0_, comment0_.created_time as created_3_0_, comment0_.modified_time as modified4_0_, comment0_.post_id as post_id5_0_, comment0_.user_id as user_id6_0_ from comment comment0_ where comment0_.comment_id=?
select comment0_.comment_id as comment_1_0_, comment0_.content as content2_0_, comment0_.created_time as created_3_0_, comment0_.modified_time as modified4_0_, comment0_.post_id as post_id5_0_, comment0_.user_id as user_id6_0_ from comment comment0_ where comment0_.comment_id=4;
2022-12-04 11:32:24.701  INFO 31164 --- [    Test worker] p6spy                                    : #1670121144701 | took 0ms | statement | connection 5| url jdbc:h2:mem:1c941bc3-8742-4247-a542-133e0a66e289
select comment0_.comment_id as comment_1_0_, comment0_.content as content2_0_, comment0_.created_time as created_3_0_, comment0_.modified_time as modified4_0_, comment0_.post_id as post_id5_0_, comment0_.user_id as user_id6_0_ from comment comment0_ where comment0_.comment_id=?
select comment0_.comment_id as comment_1_0_, comment0_.content as content2_0_, comment0_.created_time as created_3_0_, comment0_.modified_time as modified4_0_, comment0_.post_id as post_id5_0_, comment0_.user_id as user_id6_0_ from comment comment0_ where comment0_.comment_id=4;
2022-12-04 11:32:24.706  INFO 31164 --- [    Test worker] p6spy                                    : #1670121144706 | took 1ms | rollback | connection 5| url jdbc:h2:mem:1c941bc3-8742-4247-a542-133e0a66e289

;
2022-12-04 11:32:24.707  INFO 31164 --- [    Test worker] o.s.t.c.transaction.TransactionContext   : Rolled back transaction for test: [DefaultTestContext@4ab959e8 testClass = CommentServiceTest, testInstance = Tamanegiseoul.comeet.CommentServiceTest@49620576, testMethod = 덧글_수정@CommentServiceTest, testException = [null], mergedContextConfiguration = [WebMergedContextConfiguration@5f910283 testClass = CommentServiceTest, locations = '{}', classes = '{class Tamanegiseoul.comeet.CoMeetApplication}', contextInitializerClasses = '[]', activeProfiles = '{}', propertySourceLocations = '{}', propertySourceProperties = '{org.springframework.boot.test.context.SpringBootTestContextBootstrapper=true}', contextCustomizers = set[org.springframework.boot.test.autoconfigure.actuate.metrics.MetricsExportContextCustomizerFactory$DisableMetricExportContextCustomizer@67d18ed7, org.springframework.boot.test.autoconfigure.properties.PropertyMappingContextCustomizer@0, org.springframework.boot.test.autoconfigure.web.servlet.WebDriverContextCustomizerFactory$Customizer@291a7e3c, org.springframework.boot.test.context.filter.ExcludeFilterContextCustomizer@5505ae1a, org.springframework.boot.test.json.DuplicateJsonObjectContextCustomizerFactory$DuplicateJsonObjectContextCustomizer@60df60da, org.springframework.boot.test.mock.mockito.MockitoContextCustomizer@0, org.springframework.boot.test.web.client.TestRestTemplateContextCustomizer@a3d9978, org.springframework.boot.test.web.reactive.server.WebTestClientContextCustomizer@56928307, org.springframework.boot.test.context.SpringBootTestArgs@1, org.springframework.boot.test.context.SpringBootTestWebEnvironment@11c9af63], resourceBasePath = 'src/main/webapp', contextLoader = 'org.springframework.boot.test.context.SpringBootContextLoader', parent = [null]], attributes = map['org.springframework.test.context.web.ServletTestExecutionListener.activateListener' -> true, 'org.springframework.test.context.web.ServletTestExecutionListener.populatedRequestContextHolder' -> true, 'org.springframework.test.context.web.ServletTestExecutionListener.resetRequestContextHolder' -> true, 'org.springframework.test.context.event.ApplicationEventsTestExecutionListener.recordApplicationEvents' -> false]]
2022-12-04 11:32:24.713  INFO 31164 --- [    Test worker] o.s.t.c.transaction.TransactionContext   : Began transaction (1) for test context [DefaultTestContext@4ab959e8 testClass = CommentServiceTest, testInstance = Tamanegiseoul.comeet.CommentServiceTest@4cdb7fd9, testMethod = 덧글_작성@CommentServiceTest, testException = [null], mergedContextConfiguration = [WebMergedContextConfiguration@5f910283 testClass = CommentServiceTest, locations = '{}', classes = '{class Tamanegiseoul.comeet.CoMeetApplication}', contextInitializerClasses = '[]', activeProfiles = '{}', propertySourceLocations = '{}', propertySourceProperties = '{org.springframework.boot.test.context.SpringBootTestContextBootstrapper=true}', contextCustomizers = set[org.springframework.boot.test.autoconfigure.actuate.metrics.MetricsExportContextCustomizerFactory$DisableMetricExportContextCustomizer@67d18ed7, org.springframework.boot.test.autoconfigure.properties.PropertyMappingContextCustomizer@0, org.springframework.boot.test.autoconfigure.web.servlet.WebDriverContextCustomizerFactory$Customizer@291a7e3c, org.springframework.boot.test.context.filter.ExcludeFilterContextCustomizer@5505ae1a, org.springframework.boot.test.json.DuplicateJsonObjectContextCustomizerFactory$DuplicateJsonObjectContextCustomizer@60df60da, org.springframework.boot.test.mock.mockito.MockitoContextCustomizer@0, org.springframework.boot.test.web.client.TestRestTemplateContextCustomizer@a3d9978, org.springframework.boot.test.web.reactive.server.WebTestClientContextCustomizer@56928307, org.springframework.boot.test.context.SpringBootTestArgs@1, org.springframework.boot.test.context.SpringBootTestWebEnvironment@11c9af63], resourceBasePath = 'src/main/webapp', contextLoader = 'org.springframework.boot.test.context.SpringBootContextLoader', parent = [null]], attributes = map['org.springframework.test.context.web.ServletTestExecutionListener.activateListener' -> true, 'org.springframework.test.context.web.ServletTestExecutionListener.populatedRequestContextHolder' -> true, 'org.springframework.test.context.web.ServletTestExecutionListener.resetRequestContextHolder' -> true, 'org.springframework.test.context.event.ApplicationEventsTestExecutionListener.recordApplicationEvents' -> false]]; transaction manager [org.springframework.orm.jpa.JpaTransactionManager@2eb91767]; rollback [true]
2022-12-04 11:32:24.715  INFO 31164 --- [    Test worker] Tamanegiseoul.comeet.CommentServiceTest  : test initializer exceuted
2022-12-04 11:32:24.717  INFO 31164 --- [    Test worker] p6spy                                    : #1670121144717 | took 0ms | statement | connection 6| url jdbc:h2:mem:1c941bc3-8742-4247-a542-133e0a66e289
select users0_.user_id as user_id1_4_, users0_.created_time as created_2_4_, users0_.email as email3_4_, users0_.modified_time as modified4_4_, users0_.nickname as nickname5_4_, users0_.password as password6_4_, users0_.image_id as image_id7_4_ from users users0_ where users0_.email=?
select users0_.user_id as user_id1_4_, users0_.created_time as created_2_4_, users0_.email as email3_4_, users0_.modified_time as modified4_4_, users0_.nickname as nickname5_4_, users0_.password as password6_4_, users0_.image_id as image_id7_4_ from users users0_ where users0_.email='93jpark@gmail.com';
2022-12-04 11:32:24.719  INFO 31164 --- [    Test worker] p6spy                                    : #1670121144719 | took 0ms | statement | connection 6| url jdbc:h2:mem:1c941bc3-8742-4247-a542-133e0a66e289
select users0_.user_id as user_id1_4_, users0_.created_time as created_2_4_, users0_.email as email3_4_, users0_.modified_time as modified4_4_, users0_.nickname as nickname5_4_, users0_.password as password6_4_, users0_.image_id as image_id7_4_ from users users0_ where users0_.nickname=?
select users0_.user_id as user_id1_4_, users0_.created_time as created_2_4_, users0_.email as email3_4_, users0_.modified_time as modified4_4_, users0_.nickname as nickname5_4_, users0_.password as password6_4_, users0_.image_id as image_id7_4_ from users users0_ where users0_.nickname='케네스';
2022-12-04 11:32:24.723  INFO 31164 --- [    Test worker] p6spy                                    : #1670121144723 | took 0ms | statement | connection 6| url jdbc:h2:mem:1c941bc3-8742-4247-a542-133e0a66e289
insert into users (user_id, created_time, email, modified_time, nickname, password, image_id) values (default, ?, ?, ?, ?, ?, ?)
insert into users (user_id, created_time, email, modified_time, nickname, password, image_id) values (default, '2022-12-04T11:32:24.720+0900', '93jpark@gmail.com', '2022-12-04T11:32:24.720+0900', '케네스', 'password', NULL);
2022-12-04 11:32:24.724  INFO 31164 --- [    Test worker] Tamanegiseoul.comeet.CommentServiceTest  : new user is registered
2022-12-04 11:32:24.724  INFO 31164 --- [    Test worker] T.comeet.service.PostService             : [PostService:registerPost] register method init
2022-12-04 11:32:24.725  INFO 31164 --- [    Test worker] p6spy                                    : #1670121144725 | took 0ms | statement | connection 6| url jdbc:h2:mem:1c941bc3-8742-4247-a542-133e0a66e289
call next value for hibernate_sequence
call next value for hibernate_sequence;
2022-12-04 11:32:24.726  INFO 31164 --- [    Test worker] T.comeet.service.PostService             : [PostService:registerPost] successfully registered
2022-12-04 11:32:24.726  INFO 31164 --- [    Test worker] Tamanegiseoul.comeet.CommentServiceTest  : new post is registered
2022-12-04 11:32:24.731  INFO 31164 --- [    Test worker] p6spy                                    : #1670121144731 | took 0ms | statement | connection 6| url jdbc:h2:mem:1c941bc3-8742-4247-a542-133e0a66e289
insert into post (contact, contact_type, content, created_time, expected_term, hits, modified_time, user_id, recruit_capacity, recruit_status, remote, start_date, title, post_id) values (?, ?, ?, ?, ?, ?, ?, ?, ?, ?, ?, ?, ?, ?)
insert into post (contact, contact_type, content, created_time, expected_term, hits, modified_time, user_id, recruit_capacity, recruit_status, remote, start_date, title, post_id) values ('some_open_chat_url_/kakao.xyz', 'KAKAO_OPEN_CHAT', 'this is empty content..', '2022-12-04T11:32:24.724+0900', 28, 0, '2022-12-04T11:32:24.724+0900', 3, 4, 'RECRUIT', NULL, '2024-10-23T00:00:00.000+0900', 'NEW POST!', 5);
2022-12-04 11:32:24.733  INFO 31164 --- [    Test worker] p6spy                                    : #1670121144733 | took 0ms | statement | connection 6| url jdbc:h2:mem:1c941bc3-8742-4247-a542-133e0a66e289
update post set contact=?, contact_type=?, content=?, created_time=?, expected_term=?, hits=?, modified_time=?, user_id=?, recruit_capacity=?, recruit_status=?, remote=?, start_date=?, title=? where post_id=?
update post set contact='some_open_chat_url_/kakao.xyz', contact_type='KAKAO_OPEN_CHAT', content='this is empty content..', created_time='2022-12-04T11:32:24.726+0900', expected_term=28, hits=0, modified_time='2022-12-04T11:32:24.726+0900', user_id=3, recruit_capacity=4, recruit_status='RECRUIT', remote=NULL, start_date='2024-10-23T00:00:00.000+0900', title='NEW POST!' where post_id=5;
2022-12-04 11:32:24.735  INFO 31164 --- [    Test worker] p6spy                                    : #1670121144735 | took 0ms | statement | connection 6| url jdbc:h2:mem:1c941bc3-8742-4247-a542-133e0a66e289
select posts0_.post_id as post_id1_2_, posts0_.contact as contact2_2_, posts0_.contact_type as contact_3_2_, posts0_.content as content4_2_, posts0_.created_time as created_5_2_, posts0_.expected_term as expected6_2_, posts0_.hits as hits7_2_, posts0_.modified_time as modified8_2_, posts0_.user_id as user_id14_2_, posts0_.recruit_capacity as recruit_9_2_, posts0_.recruit_status as recruit10_2_, posts0_.remote as remote11_2_, posts0_.start_date as start_d12_2_, posts0_.title as title13_2_ from post posts0_
select posts0_.post_id as post_id1_2_, posts0_.contact as contact2_2_, posts0_.contact_type as contact_3_2_, posts0_.content as content4_2_, posts0_.created_time as created_5_2_, posts0_.expected_term as expected6_2_, posts0_.hits as hits7_2_, posts0_.modified_time as modified8_2_, posts0_.user_id as user_id14_2_, posts0_.recruit_capacity as recruit_9_2_, posts0_.recruit_status as recruit10_2_, posts0_.remote as remote11_2_, posts0_.start_date as start_d12_2_, posts0_.title as title13_2_ from post posts0_;
2022-12-04 11:32:24.738  INFO 31164 --- [    Test worker] p6spy                                    : #1670121144738 | took 0ms | statement | connection 6| url jdbc:h2:mem:1c941bc3-8742-4247-a542-133e0a66e289
select users0_.user_id as user_id1_4_, users0_.created_time as created_2_4_, users0_.email as email3_4_, users0_.modified_time as modified4_4_, users0_.nickname as nickname5_4_, users0_.password as password6_4_, users0_.image_id as image_id7_4_ from users users0_
select users0_.user_id as user_id1_4_, users0_.created_time as created_2_4_, users0_.email as email3_4_, users0_.modified_time as modified4_4_, users0_.nickname as nickname5_4_, users0_.password as password6_4_, users0_.image_id as image_id7_4_ from users users0_;
2022-12-04 11:32:24.739  INFO 31164 --- [    Test worker] p6spy                                    : #1670121144739 | took 0ms | statement | connection 6| url jdbc:h2:mem:1c941bc3-8742-4247-a542-133e0a66e289
call next value for hibernate_sequence
call next value for hibernate_sequence;
2022-12-04 11:32:24.743  INFO 31164 --- [    Test worker] p6spy                                    : #1670121144743 | took 0ms | statement | connection 6| url jdbc:h2:mem:1c941bc3-8742-4247-a542-133e0a66e289
insert into comment (content, created_time, modified_time, post_id, user_id, comment_id) values (?, ?, ?, ?, ?, ?)
insert into comment (content, created_time, modified_time, post_id, user_id, comment_id) values ('foo boo', '2022-12-04T11:32:24.739+0900', '2022-12-04T11:32:24.739+0900', 5, 3, 6);
2022-12-04 11:32:24.746  INFO 31164 --- [    Test worker] p6spy                                    : #1670121144746 | took 0ms | statement | connection 6| url jdbc:h2:mem:1c941bc3-8742-4247-a542-133e0a66e289
update comment set content=?, created_time=?, modified_time=?, post_id=?, user_id=? where comment_id=?
update comment set content='foo boo', created_time='2022-12-04T11:32:24.740+0900', modified_time='2022-12-04T11:32:24.740+0900', post_id=5, user_id=3 where comment_id=6;
2022-12-04 11:32:24.747  INFO 31164 --- [    Test worker] p6spy                                    : #1670121144747 | took 0ms | statement | connection 6| url jdbc:h2:mem:1c941bc3-8742-4247-a542-133e0a66e289
select comment0_.comment_id as comment_1_0_, comment0_.content as content2_0_, comment0_.created_time as created_3_0_, comment0_.modified_time as modified4_0_, comment0_.post_id as post_id5_0_, comment0_.user_id as user_id6_0_ from comment comment0_ where comment0_.comment_id=?
select comment0_.comment_id as comment_1_0_, comment0_.content as content2_0_, comment0_.created_time as created_3_0_, comment0_.modified_time as modified4_0_, comment0_.post_id as post_id5_0_, comment0_.user_id as user_id6_0_ from comment comment0_ where comment0_.comment_id=6;
2022-12-04 11:32:24.751  INFO 31164 --- [    Test worker] p6spy                                    : #1670121144751 | took 0ms | rollback | connection 6| url jdbc:h2:mem:1c941bc3-8742-4247-a542-133e0a66e289

;
2022-12-04 11:32:24.752  INFO 31164 --- [    Test worker] o.s.t.c.transaction.TransactionContext   : Rolled back transaction for test: [DefaultTestContext@4ab959e8 testClass = CommentServiceTest, testInstance = Tamanegiseoul.comeet.CommentServiceTest@4cdb7fd9, testMethod = 덧글_작성@CommentServiceTest, testException = [null], mergedContextConfiguration = [WebMergedContextConfiguration@5f910283 testClass = CommentServiceTest, locations = '{}', classes = '{class Tamanegiseoul.comeet.CoMeetApplication}', contextInitializerClasses = '[]', activeProfiles = '{}', propertySourceLocations = '{}', propertySourceProperties = '{org.springframework.boot.test.context.SpringBootTestContextBootstrapper=true}', contextCustomizers = set[org.springframework.boot.test.autoconfigure.actuate.metrics.MetricsExportContextCustomizerFactory$DisableMetricExportContextCustomizer@67d18ed7, org.springframework.boot.test.autoconfigure.properties.PropertyMappingContextCustomizer@0, org.springframework.boot.test.autoconfigure.web.servlet.WebDriverContextCustomizerFactory$Customizer@291a7e3c, org.springframework.boot.test.context.filter.ExcludeFilterContextCustomizer@5505ae1a, org.springframework.boot.test.json.DuplicateJsonObjectContextCustomizerFactory$DuplicateJsonObjectContextCustomizer@60df60da, org.springframework.boot.test.mock.mockito.MockitoContextCustomizer@0, org.springframework.boot.test.web.client.TestRestTemplateContextCustomizer@a3d9978, org.springframework.boot.test.web.reactive.server.WebTestClientContextCustomizer@56928307, org.springframework.boot.test.context.SpringBootTestArgs@1, org.springframework.boot.test.context.SpringBootTestWebEnvironment@11c9af63], resourceBasePath = 'src/main/webapp', contextLoader = 'org.springframework.boot.test.context.SpringBootContextLoader', parent = [null]], attributes = map['org.springframework.test.context.web.ServletTestExecutionListener.activateListener' -> true, 'org.springframework.test.context.web.ServletTestExecutionListener.populatedRequestContextHolder' -> true, 'org.springframework.test.context.web.ServletTestExecutionListener.resetRequestContextHolder' -> true, 'org.springframework.test.context.event.ApplicationEventsTestExecutionListener.recordApplicationEvents' -> false]]
2022-12-04 11:32:24.758  INFO 31164 --- [    Test worker] o.s.t.c.transaction.TransactionContext   : Began transaction (1) for test context [DefaultTestContext@4ab959e8 testClass = CommentServiceTest, testInstance = Tamanegiseoul.comeet.CommentServiceTest@8fd3eee, testMethod = 덧글_조회@CommentServiceTest, testException = [null], mergedContextConfiguration = [WebMergedContextConfiguration@5f910283 testClass = CommentServiceTest, locations = '{}', classes = '{class Tamanegiseoul.comeet.CoMeetApplication}', contextInitializerClasses = '[]', activeProfiles = '{}', propertySourceLocations = '{}', propertySourceProperties = '{org.springframework.boot.test.context.SpringBootTestContextBootstrapper=true}', contextCustomizers = set[org.springframework.boot.test.autoconfigure.actuate.metrics.MetricsExportContextCustomizerFactory$DisableMetricExportContextCustomizer@67d18ed7, org.springframework.boot.test.autoconfigure.properties.PropertyMappingContextCustomizer@0, org.springframework.boot.test.autoconfigure.web.servlet.WebDriverContextCustomizerFactory$Customizer@291a7e3c, org.springframework.boot.test.context.filter.ExcludeFilterContextCustomizer@5505ae1a, org.springframework.boot.test.json.DuplicateJsonObjectContextCustomizerFactory$DuplicateJsonObjectContextCustomizer@60df60da, org.springframework.boot.test.mock.mockito.MockitoContextCustomizer@0, org.springframework.boot.test.web.client.TestRestTemplateContextCustomizer@a3d9978, org.springframework.boot.test.web.reactive.server.WebTestClientContextCustomizer@56928307, org.springframework.boot.test.context.SpringBootTestArgs@1, org.springframework.boot.test.context.SpringBootTestWebEnvironment@11c9af63], resourceBasePath = 'src/main/webapp', contextLoader = 'org.springframework.boot.test.context.SpringBootContextLoader', parent = [null]], attributes = map['org.springframework.test.context.web.ServletTestExecutionListener.activateListener' -> true, 'org.springframework.test.context.web.ServletTestExecutionListener.populatedRequestContextHolder' -> true, 'org.springframework.test.context.web.ServletTestExecutionListener.resetRequestContextHolder' -> true, 'org.springframework.test.context.event.ApplicationEventsTestExecutionListener.recordApplicationEvents' -> false]]; transaction manager [org.springframework.orm.jpa.JpaTransactionManager@2eb91767]; rollback [true]
2022-12-04 11:32:24.761  INFO 31164 --- [    Test worker] Tamanegiseoul.comeet.CommentServiceTest  : test initializer exceuted
2022-12-04 11:32:24.763  INFO 31164 --- [    Test worker] p6spy                                    : #1670121144763 | took 0ms | statement | connection 7| url jdbc:h2:mem:1c941bc3-8742-4247-a542-133e0a66e289
select users0_.user_id as user_id1_4_, users0_.created_time as created_2_4_, users0_.email as email3_4_, users0_.modified_time as modified4_4_, users0_.nickname as nickname5_4_, users0_.password as password6_4_, users0_.image_id as image_id7_4_ from users users0_ where users0_.email=?
select users0_.user_id as user_id1_4_, users0_.created_time as created_2_4_, users0_.email as email3_4_, users0_.modified_time as modified4_4_, users0_.nickname as nickname5_4_, users0_.password as password6_4_, users0_.image_id as image_id7_4_ from users users0_ where users0_.email='93jpark@gmail.com';
2022-12-04 11:32:24.765  INFO 31164 --- [    Test worker] p6spy                                    : #1670121144765 | took 0ms | statement | connection 7| url jdbc:h2:mem:1c941bc3-8742-4247-a542-133e0a66e289
select users0_.user_id as user_id1_4_, users0_.created_time as created_2_4_, users0_.email as email3_4_, users0_.modified_time as modified4_4_, users0_.nickname as nickname5_4_, users0_.password as password6_4_, users0_.image_id as image_id7_4_ from users users0_ where users0_.nickname=?
select users0_.user_id as user_id1_4_, users0_.created_time as created_2_4_, users0_.email as email3_4_, users0_.modified_time as modified4_4_, users0_.nickname as nickname5_4_, users0_.password as password6_4_, users0_.image_id as image_id7_4_ from users users0_ where users0_.nickname='케네스';
2022-12-04 11:32:24.769  INFO 31164 --- [    Test worker] p6spy                                    : #1670121144768 | took 0ms | statement | connection 7| url jdbc:h2:mem:1c941bc3-8742-4247-a542-133e0a66e289
insert into users (user_id, created_time, email, modified_time, nickname, password, image_id) values (default, ?, ?, ?, ?, ?, ?)
insert into users (user_id, created_time, email, modified_time, nickname, password, image_id) values (default, '2022-12-04T11:32:24.766+0900', '93jpark@gmail.com', '2022-12-04T11:32:24.766+0900', '케네스', 'password', NULL);
2022-12-04 11:32:24.769  INFO 31164 --- [    Test worker] Tamanegiseoul.comeet.CommentServiceTest  : new user is registered
2022-12-04 11:32:24.770  INFO 31164 --- [    Test worker] T.comeet.service.PostService             : [PostService:registerPost] register method init
2022-12-04 11:32:24.771  INFO 31164 --- [    Test worker] p6spy                                    : #1670121144771 | took 0ms | statement | connection 7| url jdbc:h2:mem:1c941bc3-8742-4247-a542-133e0a66e289
call next value for hibernate_sequence
call next value for hibernate_sequence;
2022-12-04 11:32:24.772  INFO 31164 --- [    Test worker] T.comeet.service.PostService             : [PostService:registerPost] successfully registered
2022-12-04 11:32:24.773  INFO 31164 --- [    Test worker] Tamanegiseoul.comeet.CommentServiceTest  : new post is registered
2022-12-04 11:32:24.776  INFO 31164 --- [    Test worker] p6spy                                    : #1670121144776 | took 0ms | statement | connection 7| url jdbc:h2:mem:1c941bc3-8742-4247-a542-133e0a66e289
select users0_.user_id as user_id1_4_, users0_.created_time as created_2_4_, users0_.email as email3_4_, users0_.modified_time as modified4_4_, users0_.nickname as nickname5_4_, users0_.password as password6_4_, users0_.image_id as image_id7_4_ from users users0_ where users0_.nickname=?
select users0_.user_id as user_id1_4_, users0_.created_time as created_2_4_, users0_.email as email3_4_, users0_.modified_time as modified4_4_, users0_.nickname as nickname5_4_, users0_.password as password6_4_, users0_.image_id as image_id7_4_ from users users0_ where users0_.nickname='케네스';
2022-12-04 11:32:24.787  INFO 31164 --- [    Test worker] p6spy                                    : #1670121144787 | took 0ms | statement | connection 7| url jdbc:h2:mem:1c941bc3-8742-4247-a542-133e0a66e289
insert into post (contact, contact_type, content, created_time, expected_term, hits, modified_time, user_id, recruit_capacity, recruit_status, remote, start_date, title, post_id) values (?, ?, ?, ?, ?, ?, ?, ?, ?, ?, ?, ?, ?, ?)
insert into post (contact, contact_type, content, created_time, expected_term, hits, modified_time, user_id, recruit_capacity, recruit_status, remote, start_date, title, post_id) values ('some_open_chat_url_/kakao.xyz', 'KAKAO_OPEN_CHAT', 'this is empty content..', '2022-12-04T11:32:24.770+0900', 28, 0, '2022-12-04T11:32:24.770+0900', 4, 4, 'RECRUIT', NULL, '2024-10-23T00:00:00.000+0900', 'NEW POST!', 7);
2022-12-04 11:32:24.791  INFO 31164 --- [    Test worker] p6spy                                    : #1670121144791 | took 0ms | statement | connection 7| url jdbc:h2:mem:1c941bc3-8742-4247-a542-133e0a66e289
update post set contact=?, contact_type=?, content=?, created_time=?, expected_term=?, hits=?, modified_time=?, user_id=?, recruit_capacity=?, recruit_status=?, remote=?, start_date=?, title=? where post_id=?
update post set contact='some_open_chat_url_/kakao.xyz', contact_type='KAKAO_OPEN_CHAT', content='this is empty content..', created_time='2022-12-04T11:32:24.772+0900', expected_term=28, hits=0, modified_time='2022-12-04T11:32:24.772+0900', user_id=4, recruit_capacity=4, recruit_status='RECRUIT', remote=NULL, start_date='2024-10-23T00:00:00.000+0900', title='NEW POST!' where post_id=7;
2022-12-04 11:32:24.794  INFO 31164 --- [    Test worker] p6spy                                    : #1670121144794 | took 1ms | statement | connection 7| url jdbc:h2:mem:1c941bc3-8742-4247-a542-133e0a66e289
select posts0_.post_id as post_id1_2_, posts0_.contact as contact2_2_, posts0_.contact_type as contact_3_2_, posts0_.content as content4_2_, posts0_.created_time as created_5_2_, posts0_.expected_term as expected6_2_, posts0_.hits as hits7_2_, posts0_.modified_time as modified8_2_, posts0_.user_id as user_id14_2_, posts0_.recruit_capacity as recruit_9_2_, posts0_.recruit_status as recruit10_2_, posts0_.remote as remote11_2_, posts0_.start_date as start_d12_2_, posts0_.title as title13_2_ from post posts0_ where posts0_.user_id=?
select posts0_.post_id as post_id1_2_, posts0_.contact as contact2_2_, posts0_.contact_type as contact_3_2_, posts0_.content as content4_2_, posts0_.created_time as created_5_2_, posts0_.expected_term as expected6_2_, posts0_.hits as hits7_2_, posts0_.modified_time as modified8_2_, posts0_.user_id as user_id14_2_, posts0_.recruit_capacity as recruit_9_2_, posts0_.recruit_status as recruit10_2_, posts0_.remote as remote11_2_, posts0_.start_date as start_d12_2_, posts0_.title as title13_2_ from post posts0_ where posts0_.user_id=4;
2022-12-04 11:32:24.796  INFO 31164 --- [    Test worker] p6spy                                    : #1670121144796 | took 0ms | statement | connection 7| url jdbc:h2:mem:1c941bc3-8742-4247-a542-133e0a66e289
call next value for hibernate_sequence
call next value for hibernate_sequence;
2022-12-04 11:32:24.804  INFO 31164 --- [    Test worker] p6spy                                    : #1670121144804 | took 0ms | statement | connection 7| url jdbc:h2:mem:1c941bc3-8742-4247-a542-133e0a66e289
insert into comment (content, created_time, modified_time, post_id, user_id, comment_id) values (?, ?, ?, ?, ?, ?)
insert into comment (content, created_time, modified_time, post_id, user_id, comment_id) values ('foo boo', '2022-12-04T11:32:24.795+0900', '2022-12-04T11:32:24.796+0900', 7, 4, 8);
2022-12-04 11:32:24.807  INFO 31164 --- [    Test worker] p6spy                                    : #1670121144807 | took 0ms | statement | connection 7| url jdbc:h2:mem:1c941bc3-8742-4247-a542-133e0a66e289
update comment set content=?, created_time=?, modified_time=?, post_id=?, user_id=? where comment_id=?
update comment set content='foo boo', created_time='2022-12-04T11:32:24.797+0900', modified_time='2022-12-04T11:32:24.797+0900', post_id=7, user_id=4 where comment_id=8;
2022-12-04 11:32:24.809  INFO 31164 --- [    Test worker] p6spy                                    : #1670121144809 | took 0ms | statement | connection 7| url jdbc:h2:mem:1c941bc3-8742-4247-a542-133e0a66e289
select comment0_.comment_id as comment_1_0_, comment0_.content as content2_0_, comment0_.created_time as created_3_0_, comment0_.modified_time as modified4_0_, comment0_.post_id as post_id5_0_, comment0_.user_id as user_id6_0_ from comment comment0_ where comment0_.user_id=?
select comment0_.comment_id as comment_1_0_, comment0_.content as content2_0_, comment0_.created_time as created_3_0_, comment0_.modified_time as modified4_0_, comment0_.post_id as post_id5_0_, comment0_.user_id as user_id6_0_ from comment comment0_ where comment0_.user_id=4;
2022-12-04 11:32:24.810  WARN 31164 --- [    Test worker] T.comeet.service.CommentService          : [CommentServce:findCommentByPostId]method init
2022-12-04 11:32:24.816  INFO 31164 --- [    Test worker] p6spy                                    : #1670121144816 | took 0ms | statement | connection 7| url jdbc:h2:mem:1c941bc3-8742-4247-a542-133e0a66e289
select comment0_.comment_id as comment_1_0_, comment0_.content as content2_0_, comment0_.created_time as created_3_0_, comment0_.modified_time as modified4_0_, comment0_.post_id as post_id5_0_, comment0_.user_id as user_id6_0_ from comment comment0_ where comment0_.post_id=?
select comment0_.comment_id as comment_1_0_, comment0_.content as content2_0_, comment0_.created_time as created_3_0_, comment0_.modified_time as modified4_0_, comment0_.post_id as post_id5_0_, comment0_.user_id as user_id6_0_ from comment comment0_ where comment0_.post_id=7;
2022-12-04 11:32:24.818  WARN 31164 --- [    Test worker] T.comeet.service.CommentService          : [CommentServce:findCommentByPostId] found 1ea comments for 7
2022-12-04 11:32:24.824  INFO 31164 --- [    Test worker] p6spy                                    : #1670121144824 | took 2ms | rollback | connection 7| url jdbc:h2:mem:1c941bc3-8742-4247-a542-133e0a66e289

;
2022-12-04 11:32:24.825  INFO 31164 --- [    Test worker] o.s.t.c.transaction.TransactionContext   : Rolled back transaction for test: [DefaultTestContext@4ab959e8 testClass = CommentServiceTest, testInstance = Tamanegiseoul.comeet.CommentServiceTest@8fd3eee, testMethod = 덧글_조회@CommentServiceTest, testException = [null], mergedContextConfiguration = [WebMergedContextConfiguration@5f910283 testClass = CommentServiceTest, locations = '{}', classes = '{class Tamanegiseoul.comeet.CoMeetApplication}', contextInitializerClasses = '[]', activeProfiles = '{}', propertySourceLocations = '{}', propertySourceProperties = '{org.springframework.boot.test.context.SpringBootTestContextBootstrapper=true}', contextCustomizers = set[org.springframework.boot.test.autoconfigure.actuate.metrics.MetricsExportContextCustomizerFactory$DisableMetricExportContextCustomizer@67d18ed7, org.springframework.boot.test.autoconfigure.properties.PropertyMappingContextCustomizer@0, org.springframework.boot.test.autoconfigure.web.servlet.WebDriverContextCustomizerFactory$Customizer@291a7e3c, org.springframework.boot.test.context.filter.ExcludeFilterContextCustomizer@5505ae1a, org.springframework.boot.test.json.DuplicateJsonObjectContextCustomizerFactory$DuplicateJsonObjectContextCustomizer@60df60da, org.springframework.boot.test.mock.mockito.MockitoContextCustomizer@0, org.springframework.boot.test.web.client.TestRestTemplateContextCustomizer@a3d9978, org.springframework.boot.test.web.reactive.server.WebTestClientContextCustomizer@56928307, org.springframework.boot.test.context.SpringBootTestArgs@1, org.springframework.boot.test.context.SpringBootTestWebEnvironment@11c9af63], resourceBasePath = 'src/main/webapp', contextLoader = 'org.springframework.boot.test.context.SpringBootContextLoader', parent = [null]], attributes = map['org.springframework.test.context.web.ServletTestExecutionListener.activateListener' -> true, 'org.springframework.test.context.web.ServletTestExecutionListener.populatedRequestContextHolder' -> true, 'org.springframework.test.context.web.ServletTestExecutionListener.resetRequestContextHolder' -> true, 'org.springframework.test.context.event.ApplicationEventsTestExecutionListener.recordApplicationEvents' -> false]]
]]></system-out>
  <system-err><![CDATA[]]></system-err>
</testsuite>
