<?xml version="1.0" encoding="UTF-8"?>
<testsuite name="Tamanegiseoul.comeet.utilTest" tests="1" skipped="0" failures="0" errors="0" timestamp="2022-12-04T02:32:25" hostname="Joonwoos-MacBook-Pro.local" time="0.01">
  <properties/>
  <testcase name="LocalDateTime_test" classname="Tamanegiseoul.comeet.utilTest" time="0.01"/>
  <system-out><![CDATA[2022-12-04 11:32:25.252  INFO 31164 --- [    Test worker] o.s.t.c.transaction.TransactionContext   : Began transaction (1) for test context [DefaultTestContext@1912ba29 testClass = utilTest, testInstance = Tamanegiseoul.comeet.utilTest@2c6ed95a, testMethod = LocalDateTime_test@utilTest, testException = [null], mergedContextConfiguration = [WebMergedContextConfiguration@62b72289 testClass = utilTest, locations = '{}', classes = '{class Tamanegiseoul.comeet.CoMeetApplication}', contextInitializerClasses = '[]', activeProfiles = '{}', propertySourceLocations = '{}', propertySourceProperties = '{org.springframework.boot.test.context.SpringBootTestContextBootstrapper=true}', contextCustomizers = set[org.springframework.boot.test.autoconfigure.actuate.metrics.MetricsExportContextCustomizerFactory$DisableMetricExportContextCustomizer@67d18ed7, org.springframework.boot.test.autoconfigure.properties.PropertyMappingContextCustomizer@0, org.springframework.boot.test.autoconfigure.web.servlet.WebDriverContextCustomizerFactory$Customizer@291a7e3c, org.springframework.boot.test.context.filter.ExcludeFilterContextCustomizer@5505ae1a, org.springframework.boot.test.json.DuplicateJsonObjectContextCustomizerFactory$DuplicateJsonObjectContextCustomizer@60df60da, org.springframework.boot.test.mock.mockito.MockitoContextCustomizer@0, org.springframework.boot.test.web.client.TestRestTemplateContextCustomizer@a3d9978, org.springframework.boot.test.web.reactive.server.WebTestClientContextCustomizer@56928307, org.springframework.boot.test.context.SpringBootTestArgs@1, org.springframework.boot.test.context.SpringBootTestWebEnvironment@11c9af63], resourceBasePath = 'src/main/webapp', contextLoader = 'org.springframework.boot.test.context.SpringBootContextLoader', parent = [null]], attributes = map['org.springframework.test.context.web.ServletTestExecutionListener.activateListener' -> true, 'org.springframework.test.context.web.ServletTestExecutionListener.populatedRequestContextHolder' -> true, 'org.springframework.test.context.web.ServletTestExecutionListener.resetRequestContextHolder' -> true, 'org.springframework.test.context.event.ApplicationEventsTestExecutionListener.recordApplicationEvents' -> false]]; transaction manager [org.springframework.orm.jpa.JpaTransactionManager@2eb91767]; rollback [true]
2022-12-04 11:32:25.254  WARN 31164 --- [    Test worker] Tamanegiseoul.comeet.utilTest            : 2022-12-04T11:32:25.254717
2022-12-04 11:32:25.254  WARN 31164 --- [    Test worker] Tamanegiseoul.comeet.utilTest            : 2022-10-23T22:14:30
2022-12-04 11:32:25.257  WARN 31164 --- [    Test worker] Tamanegiseoul.comeet.utilTest            : 2022-10-23T22:14:30
2022-12-04 11:32:25.260  INFO 31164 --- [    Test worker] p6spy                                    : #1670121145260 | took 0ms | rollback | connection 16| url jdbc:h2:mem:1c941bc3-8742-4247-a542-133e0a66e289

;
2022-12-04 11:32:25.261  INFO 31164 --- [    Test worker] o.s.t.c.transaction.TransactionContext   : Rolled back transaction for test: [DefaultTestContext@1912ba29 testClass = utilTest, testInstance = Tamanegiseoul.comeet.utilTest@2c6ed95a, testMethod = LocalDateTime_test@utilTest, testException = [null], mergedContextConfiguration = [WebMergedContextConfiguration@62b72289 testClass = utilTest, locations = '{}', classes = '{class Tamanegiseoul.comeet.CoMeetApplication}', contextInitializerClasses = '[]', activeProfiles = '{}', propertySourceLocations = '{}', propertySourceProperties = '{org.springframework.boot.test.context.SpringBootTestContextBootstrapper=true}', contextCustomizers = set[org.springframework.boot.test.autoconfigure.actuate.metrics.MetricsExportContextCustomizerFactory$DisableMetricExportContextCustomizer@67d18ed7, org.springframework.boot.test.autoconfigure.properties.PropertyMappingContextCustomizer@0, org.springframework.boot.test.autoconfigure.web.servlet.WebDriverContextCustomizerFactory$Customizer@291a7e3c, org.springframework.boot.test.context.filter.ExcludeFilterContextCustomizer@5505ae1a, org.springframework.boot.test.json.DuplicateJsonObjectContextCustomizerFactory$DuplicateJsonObjectContextCustomizer@60df60da, org.springframework.boot.test.mock.mockito.MockitoContextCustomizer@0, org.springframework.boot.test.web.client.TestRestTemplateContextCustomizer@a3d9978, org.springframework.boot.test.web.reactive.server.WebTestClientContextCustomizer@56928307, org.springframework.boot.test.context.SpringBootTestArgs@1, org.springframework.boot.test.context.SpringBootTestWebEnvironment@11c9af63], resourceBasePath = 'src/main/webapp', contextLoader = 'org.springframework.boot.test.context.SpringBootContextLoader', parent = [null]], attributes = map['org.springframework.test.context.web.ServletTestExecutionListener.activateListener' -> true, 'org.springframework.test.context.web.ServletTestExecutionListener.populatedRequestContextHolder' -> true, 'org.springframework.test.context.web.ServletTestExecutionListener.resetRequestContextHolder' -> true, 'org.springframework.test.context.event.ApplicationEventsTestExecutionListener.recordApplicationEvents' -> false]]
]]></system-out>
  <system-err><![CDATA[]]></system-err>
</testsuite>
