<?xml version="1.0" encoding="UTF-8"?>
<testsuite name="Tamanegiseoul.comeet.CoMeetApplicationTests" tests="1" skipped="0" failures="0" errors="0" timestamp="2022-12-05T06:25:50" hostname="Joonwoos-MacBook-Pro.local" time="0.152">
  <properties/>
  <testcase name="contextLoads()" classname="Tamanegiseoul.comeet.CoMeetApplicationTests" time="0.152"/>
  <system-out><![CDATA[15:25:46.494 [Test worker] DEBUG org.springframework.test.context.BootstrapUtils - Instantiating CacheAwareContextLoaderDelegate from class [org.springframework.test.context.cache.DefaultCacheAwareContextLoaderDelegate]
15:25:46.494 [Test worker] DEBUG org.springframework.test.context.BootstrapUtils - Instantiating BootstrapContext using constructor [public org.springframework.test.context.support.DefaultBootstrapContext(java.lang.Class,org.springframework.test.context.CacheAwareContextLoaderDelegate)]
15:25:46.495 [Test worker] DEBUG org.springframework.test.context.BootstrapUtils - Instantiating TestContextBootstrapper for test class [Tamanegiseoul.comeet.CoMeetApplicationTests] from class [org.springframework.boot.test.context.SpringBootTestContextBootstrapper]
15:25:46.495 [Test worker] INFO org.springframework.boot.test.context.SpringBootTestContextBootstrapper - Neither @ContextConfiguration nor @ContextHierarchy found for test class [Tamanegiseoul.comeet.CoMeetApplicationTests], using SpringBootContextLoader
15:25:46.496 [Test worker] DEBUG org.springframework.test.context.support.AbstractContextLoader - Did not detect default resource location for test class [Tamanegiseoul.comeet.CoMeetApplicationTests]: class path resource [Tamanegiseoul/comeet/CoMeetApplicationTests-context.xml] does not exist
15:25:46.496 [Test worker] DEBUG org.springframework.test.context.support.AbstractContextLoader - Did not detect default resource location for test class [Tamanegiseoul.comeet.CoMeetApplicationTests]: class path resource [Tamanegiseoul/comeet/CoMeetApplicationTestsContext.groovy] does not exist
15:25:46.496 [Test worker] INFO org.springframework.test.context.support.AbstractContextLoader - Could not detect default resource locations for test class [Tamanegiseoul.comeet.CoMeetApplicationTests]: no resource found for suffixes {-context.xml, Context.groovy}.
15:25:46.496 [Test worker] INFO org.springframework.test.context.support.AnnotationConfigContextLoaderUtils - Could not detect default configuration classes for test class [Tamanegiseoul.comeet.CoMeetApplicationTests]: CoMeetApplicationTests does not declare any static, non-private, non-final, nested classes annotated with @Configuration.
15:25:46.498 [Test worker] DEBUG org.springframework.test.context.support.ActiveProfilesUtils - Could not find an 'annotation declaring class' for annotation type [org.springframework.test.context.ActiveProfiles] and class [Tamanegiseoul.comeet.CoMeetApplicationTests]
15:25:46.499 [Test worker] INFO org.springframework.boot.test.context.SpringBootTestContextBootstrapper - Found @SpringBootConfiguration Tamanegiseoul.comeet.CoMeetApplication for test class Tamanegiseoul.comeet.CoMeetApplicationTests
15:25:46.500 [Test worker] DEBUG org.springframework.boot.test.context.SpringBootTestContextBootstrapper - @TestExecutionListeners is not present for class [Tamanegiseoul.comeet.CoMeetApplicationTests]: using defaults.
15:25:46.500 [Test worker] INFO org.springframework.boot.test.context.SpringBootTestContextBootstrapper - Loaded default TestExecutionListener class names from location [META-INF/spring.factories]: [org.springframework.security.test.context.support.WithSecurityContextTestExecutionListener, org.springframework.security.test.context.support.ReactorContextTestExecutionListener, org.springframework.boot.test.autoconfigure.restdocs.RestDocsTestExecutionListener, org.springframework.boot.test.autoconfigure.web.client.MockRestServiceServerResetTestExecutionListener, org.springframework.boot.test.autoconfigure.web.servlet.MockMvcPrintOnlyOnFailureTestExecutionListener, org.springframework.boot.test.autoconfigure.web.servlet.WebDriverTestExecutionListener, org.springframework.boot.test.autoconfigure.webservices.client.MockWebServiceServerTestExecutionListener, org.springframework.boot.test.mock.mockito.MockitoTestExecutionListener, org.springframework.boot.test.mock.mockito.ResetMocksTestExecutionListener, org.springframework.test.context.web.ServletTestExecutionListener, org.springframework.test.context.support.DirtiesContextBeforeModesTestExecutionListener, org.springframework.test.context.event.ApplicationEventsTestExecutionListener, org.springframework.test.context.support.DependencyInjectionTestExecutionListener, org.springframework.test.context.support.DirtiesContextTestExecutionListener, org.springframework.test.context.transaction.TransactionalTestExecutionListener, org.springframework.test.context.jdbc.SqlScriptsTestExecutionListener, org.springframework.test.context.event.EventPublishingTestExecutionListener]
15:25:46.500 [Test worker] INFO org.springframework.boot.test.context.SpringBootTestContextBootstrapper - Using TestExecutionListeners: [org.springframework.test.context.web.ServletTestExecutionListener@302fec27, org.springframework.test.context.support.DirtiesContextBeforeModesTestExecutionListener@770d0ea6, org.springframework.test.context.event.ApplicationEventsTestExecutionListener@48c40605, org.springframework.boot.test.mock.mockito.MockitoTestExecutionListener@54107f42, org.springframework.boot.test.autoconfigure.SpringBootDependencyInjectionTestExecutionListener@1b11ef33, org.springframework.test.context.support.DirtiesContextTestExecutionListener@476aac9, org.springframework.test.context.transaction.TransactionalTestExecutionListener@6cea706c, org.springframework.test.context.jdbc.SqlScriptsTestExecutionListener@3bd7f8dc, org.springframework.security.test.context.support.WithSecurityContextTestExecutionListener@2f2bf0e2, org.springframework.test.context.event.EventPublishingTestExecutionListener@1eba372c, org.springframework.security.test.context.support.ReactorContextTestExecutionListener@21ec5d87, org.springframework.boot.test.autoconfigure.restdocs.RestDocsTestExecutionListener@25f9407e, org.springframework.boot.test.autoconfigure.web.client.MockRestServiceServerResetTestExecutionListener@552518c3, org.springframework.boot.test.autoconfigure.web.servlet.MockMvcPrintOnlyOnFailureTestExecutionListener@1a69561c, org.springframework.boot.test.autoconfigure.web.servlet.WebDriverTestExecutionListener@59aa20b3, org.springframework.boot.test.autoconfigure.webservices.client.MockWebServiceServerTestExecutionListener@363f6148, org.springframework.boot.test.mock.mockito.ResetMocksTestExecutionListener@4b21844c]
15:25:46.503 [Test worker] DEBUG org.springframework.test.context.support.AbstractDirtiesContextTestExecutionListener - Before test class: context [DefaultTestContext@7e70bd39 testClass = CoMeetApplicationTests, testInstance = [null], testMethod = [null], testException = [null], mergedContextConfiguration = [WebMergedContextConfiguration@e6516e testClass = CoMeetApplicationTests, locations = '{}', classes = '{class Tamanegiseoul.comeet.CoMeetApplication}', contextInitializerClasses = '[]', activeProfiles = '{}', propertySourceLocations = '{}', propertySourceProperties = '{org.springframework.boot.test.context.SpringBootTestContextBootstrapper=true}', contextCustomizers = set[org.springframework.boot.test.autoconfigure.actuate.metrics.MetricsExportContextCustomizerFactory$DisableMetricExportContextCustomizer@5c44c582, org.springframework.boot.test.autoconfigure.properties.PropertyMappingContextCustomizer@0, org.springframework.boot.test.autoconfigure.web.servlet.WebDriverContextCustomizerFactory$Customizer@7efaad5a, org.springframework.boot.test.context.filter.ExcludeFilterContextCustomizer@416c58f5, org.springframework.boot.test.json.DuplicateJsonObjectContextCustomizerFactory$DuplicateJsonObjectContextCustomizer@7a362b6b, org.springframework.boot.test.mock.mockito.MockitoContextCustomizer@0, org.springframework.boot.test.web.client.TestRestTemplateContextCustomizer@265adfad, org.springframework.boot.test.web.reactive.server.WebTestClientContextCustomizer@5ba88be8, org.springframework.boot.test.context.SpringBootTestArgs@1, org.springframework.boot.test.context.SpringBootTestWebEnvironment@45ca843], resourceBasePath = 'src/main/webapp', contextLoader = 'org.springframework.boot.test.context.SpringBootContextLoader', parent = [null]], attributes = map['org.springframework.test.context.web.ServletTestExecutionListener.activateListener' -> true]], class annotated with @DirtiesContext [false] with mode [null].

  .   ____          _            __ _ _
 /\\ / ___'_ __ _ _(_)_ __  __ _ \ \ \ \
( ( )\___ | '_ | '_| | '_ \/ _` | \ \ \ \
 \\/  ___)| |_)| | | | | || (_| |  ) ) ) )
  '  |____| .__|_| |_|_| |_\__, | / / / /
 =========|_|==============|___/=/_/_/_/
 :: Spring Boot ::                (v2.7.5)

2022-12-05 15:25:46.941  INFO 77776 --- [    Test worker] T.comeet.CoMeetApplicationTests          : Starting CoMeetApplicationTests using Java 18.0.2 on Joonwoos-MacBook-Pro.local with PID 77776 (started by joon in /Users/joon/workspace/co-meet-back)
2022-12-05 15:25:46.942  INFO 77776 --- [    Test worker] T.comeet.CoMeetApplicationTests          : No active profile set, falling back to 1 default profile: "default"
2022-12-05 15:25:47.552  INFO 77776 --- [    Test worker] .s.d.r.c.RepositoryConfigurationDelegate : Bootstrapping Spring Data JPA repositories in DEFAULT mode.
2022-12-05 15:25:47.568  INFO 77776 --- [    Test worker] .s.d.r.c.RepositoryConfigurationDelegate : Finished Spring Data repository scanning in 9 ms. Found 0 JPA repository interfaces.
2022-12-05 15:25:47.864  INFO 77776 --- [    Test worker] trationDelegate$BeanPostProcessorChecker : Bean 'org.springframework.ws.config.annotation.DelegatingWsConfiguration' of type [org.springframework.ws.config.annotation.DelegatingWsConfiguration$$EnhancerBySpringCGLIB$$a2d193c4] is not eligible for getting processed by all BeanPostProcessors (for example: not eligible for auto-proxying)
2022-12-05 15:25:47.913  INFO 77776 --- [    Test worker] .w.s.a.s.AnnotationActionEndpointMapping : Supporting [WS-Addressing August 2004, WS-Addressing 1.0]
2022-12-05 15:25:48.249  INFO 77776 --- [    Test worker] com.zaxxer.hikari.HikariDataSource       : HikariPool-1 - Starting...
2022-12-05 15:25:48.403  INFO 77776 --- [    Test worker] com.zaxxer.hikari.HikariDataSource       : HikariPool-1 - Start completed.
2022-12-05 15:25:48.473  INFO 77776 --- [    Test worker] o.hibernate.jpa.internal.util.LogHelper  : HHH000204: Processing PersistenceUnitInfo [name: default]
2022-12-05 15:25:48.519  INFO 77776 --- [    Test worker] org.hibernate.Version                    : HHH000412: Hibernate ORM core version 5.6.12.Final
2022-12-05 15:25:48.656  INFO 77776 --- [    Test worker] o.hibernate.annotations.common.Version   : HCANN000001: Hibernate Commons Annotations {5.1.2.Final}
2022-12-05 15:25:48.766  INFO 77776 --- [    Test worker] org.hibernate.dialect.Dialect            : HHH000400: Using dialect: org.hibernate.dialect.H2Dialect
2022-12-05 15:25:49.381  INFO 77776 --- [    Test worker] p6spy                                    : #1670221549381 | took 0ms | statement | connection 2| url jdbc:h2:mem:a3c45986-1556-4418-b53a-80ffaa30b02f
drop table if exists comment CASCADE 
drop table if exists comment CASCADE ;
2022-12-05 15:25:49.381  INFO 77776 --- [    Test worker] p6spy                                    : #1670221549381 | took 0ms | statement | connection 2| url jdbc:h2:mem:a3c45986-1556-4418-b53a-80ffaa30b02f
drop table if exists image_data CASCADE 
drop table if exists image_data CASCADE ;
2022-12-05 15:25:49.381  INFO 77776 --- [    Test worker] p6spy                                    : #1670221549381 | took 0ms | statement | connection 2| url jdbc:h2:mem:a3c45986-1556-4418-b53a-80ffaa30b02f
drop table if exists post CASCADE 
drop table if exists post CASCADE ;
2022-12-05 15:25:49.382  INFO 77776 --- [    Test worker] p6spy                                    : #1670221549382 | took 0ms | statement | connection 2| url jdbc:h2:mem:a3c45986-1556-4418-b53a-80ffaa30b02f
drop table if exists stack_relation CASCADE 
drop table if exists stack_relation CASCADE ;
2022-12-05 15:25:49.382  INFO 77776 --- [    Test worker] p6spy                                    : #1670221549382 | took 0ms | statement | connection 2| url jdbc:h2:mem:a3c45986-1556-4418-b53a-80ffaa30b02f
drop table if exists users CASCADE 
drop table if exists users CASCADE ;
2022-12-05 15:25:49.383  INFO 77776 --- [    Test worker] p6spy                                    : #1670221549383 | took 0ms | statement | connection 2| url jdbc:h2:mem:a3c45986-1556-4418-b53a-80ffaa30b02f
drop sequence if exists hibernate_sequence
drop sequence if exists hibernate_sequence;
2022-12-05 15:25:49.386  INFO 77776 --- [    Test worker] p6spy                                    : #1670221549386 | took 1ms | statement | connection 3| url jdbc:h2:mem:a3c45986-1556-4418-b53a-80ffaa30b02f
create sequence hibernate_sequence start with 1 increment by 1
create sequence hibernate_sequence start with 1 increment by 1;
2022-12-05 15:25:49.392  INFO 77776 --- [    Test worker] p6spy                                    : #1670221549392 | took 4ms | statement | connection 3| url jdbc:h2:mem:a3c45986-1556-4418-b53a-80ffaa30b02f
create table comment (comment_id bigint not null, content varchar(255), created_time timestamp, modified_time timestamp, post_id bigint, user_id bigint, primary key (comment_id))
create table comment (comment_id bigint not null, content varchar(255), created_time timestamp, modified_time timestamp, post_id bigint, user_id bigint, primary key (comment_id));
2022-12-05 15:25:49.393  INFO 77776 --- [    Test worker] p6spy                                    : #1670221549393 | took 0ms | statement | connection 3| url jdbc:h2:mem:a3c45986-1556-4418-b53a-80ffaa30b02f
create table image_data (image_id bigint not null, file_name varchar(255) not null, file_type varchar(255) not null, image_data blob, owner_user_id bigint, primary key (image_id))
create table image_data (image_id bigint not null, file_name varchar(255) not null, file_type varchar(255) not null, image_data blob, owner_user_id bigint, primary key (image_id));
2022-12-05 15:25:49.394  INFO 77776 --- [    Test worker] p6spy                                    : #1670221549394 | took 0ms | statement | connection 3| url jdbc:h2:mem:a3c45986-1556-4418-b53a-80ffaa30b02f
create table post (post_id bigint not null, contact varchar(255), contact_type varchar(255), content varchar(255), created_time timestamp, expected_term bigint, hits bigint, modified_time timestamp, recruit_capacity bigint, recruit_status varchar(255), remote boolean, start_date date, title varchar(255), user_id bigint, primary key (post_id))
create table post (post_id bigint not null, contact varchar(255), contact_type varchar(255), content varchar(255), created_time timestamp, expected_term bigint, hits bigint, modified_time timestamp, recruit_capacity bigint, recruit_status varchar(255), remote boolean, start_date date, title varchar(255), user_id bigint, primary key (post_id));
2022-12-05 15:25:49.395  INFO 77776 --- [    Test worker] p6spy                                    : #1670221549395 | took 0ms | statement | connection 3| url jdbc:h2:mem:a3c45986-1556-4418-b53a-80ffaa30b02f
create table stack_relation (stack_relation_id bigint not null, tech_stack varchar(255), post_id bigint, user_id bigint, primary key (stack_relation_id))
create table stack_relation (stack_relation_id bigint not null, tech_stack varchar(255), post_id bigint, user_id bigint, primary key (stack_relation_id));
2022-12-05 15:25:49.399  INFO 77776 --- [    Test worker] p6spy                                    : #1670221549399 | took 2ms | statement | connection 3| url jdbc:h2:mem:a3c45986-1556-4418-b53a-80ffaa30b02f
create table users (user_id bigint generated by default as identity, created_time timestamp, email varchar(255), modified_time timestamp, nickname varchar(255), password varchar(255), roles varchar(255), image_id bigint, primary key (user_id))
create table users (user_id bigint generated by default as identity, created_time timestamp, email varchar(255), modified_time timestamp, nickname varchar(255), password varchar(255), roles varchar(255), image_id bigint, primary key (user_id));
2022-12-05 15:25:49.400  INFO 77776 --- [    Test worker] p6spy                                    : #1670221549400 | took 1ms | statement | connection 3| url jdbc:h2:mem:a3c45986-1556-4418-b53a-80ffaa30b02f
alter table users add constraint UK_6dotkott2kjsp8vw4d0m25fb7 unique (email)
alter table users add constraint UK_6dotkott2kjsp8vw4d0m25fb7 unique (email);
2022-12-05 15:25:49.401  INFO 77776 --- [    Test worker] p6spy                                    : #1670221549401 | took 0ms | statement | connection 3| url jdbc:h2:mem:a3c45986-1556-4418-b53a-80ffaa30b02f
alter table users add constraint UK_2ty1xmrrgtn89xt7kyxx6ta7h unique (nickname)
alter table users add constraint UK_2ty1xmrrgtn89xt7kyxx6ta7h unique (nickname);
2022-12-05 15:25:49.411  INFO 77776 --- [    Test worker] p6spy                                    : #1670221549411 | took 9ms | statement | connection 3| url jdbc:h2:mem:a3c45986-1556-4418-b53a-80ffaa30b02f
alter table comment add constraint FKs1slvnkuemjsq2kj4h3vhx7i1 foreign key (post_id) references post
alter table comment add constraint FKs1slvnkuemjsq2kj4h3vhx7i1 foreign key (post_id) references post;
2022-12-05 15:25:49.413  INFO 77776 --- [    Test worker] p6spy                                    : #1670221549413 | took 1ms | statement | connection 3| url jdbc:h2:mem:a3c45986-1556-4418-b53a-80ffaa30b02f
alter table comment add constraint FKqm52p1v3o13hy268he0wcngr5 foreign key (user_id) references users
alter table comment add constraint FKqm52p1v3o13hy268he0wcngr5 foreign key (user_id) references users;
2022-12-05 15:25:49.414  INFO 77776 --- [    Test worker] p6spy                                    : #1670221549414 | took 1ms | statement | connection 3| url jdbc:h2:mem:a3c45986-1556-4418-b53a-80ffaa30b02f
alter table image_data add constraint FKtlgo8hulv9dhgkel7o4315m5f foreign key (owner_user_id) references users
alter table image_data add constraint FKtlgo8hulv9dhgkel7o4315m5f foreign key (owner_user_id) references users;
2022-12-05 15:25:49.416  INFO 77776 --- [    Test worker] p6spy                                    : #1670221549416 | took 1ms | statement | connection 3| url jdbc:h2:mem:a3c45986-1556-4418-b53a-80ffaa30b02f
alter table post add constraint FK7ky67sgi7k0ayf22652f7763r foreign key (user_id) references users
alter table post add constraint FK7ky67sgi7k0ayf22652f7763r foreign key (user_id) references users;
2022-12-05 15:25:49.417  INFO 77776 --- [    Test worker] p6spy                                    : #1670221549417 | took 1ms | statement | connection 3| url jdbc:h2:mem:a3c45986-1556-4418-b53a-80ffaa30b02f
alter table stack_relation add constraint FKew0uemuvdnd9p1c2qxqj469q6 foreign key (post_id) references post
alter table stack_relation add constraint FKew0uemuvdnd9p1c2qxqj469q6 foreign key (post_id) references post;
2022-12-05 15:25:49.419  INFO 77776 --- [    Test worker] p6spy                                    : #1670221549419 | took 1ms | statement | connection 3| url jdbc:h2:mem:a3c45986-1556-4418-b53a-80ffaa30b02f
alter table stack_relation add constraint FKh51kfe4f981kpabd4w1a41pym foreign key (user_id) references users
alter table stack_relation add constraint FKh51kfe4f981kpabd4w1a41pym foreign key (user_id) references users;
2022-12-05 15:25:49.421  INFO 77776 --- [    Test worker] p6spy                                    : #1670221549421 | took 1ms | statement | connection 3| url jdbc:h2:mem:a3c45986-1556-4418-b53a-80ffaa30b02f
alter table users add constraint FKeeulc8mrqoxvdh372vrmd9k7g foreign key (image_id) references image_data
alter table users add constraint FKeeulc8mrqoxvdh372vrmd9k7g foreign key (image_id) references image_data;
2022-12-05 15:25:49.423  INFO 77776 --- [    Test worker] o.h.e.t.j.p.i.JtaPlatformInitiator       : HHH000490: Using JtaPlatform implementation: [org.hibernate.engine.transaction.jta.platform.internal.NoJtaPlatform]
2022-12-05 15:25:49.429  INFO 77776 --- [    Test worker] j.LocalContainerEntityManagerFactoryBean : Initialized JPA EntityManagerFactory for persistence unit 'default'
2022-12-05 15:25:49.608  WARN 77776 --- [    Test worker] o.s.security.core.userdetails.User       : User.withDefaultPasswordEncoder() is considered unsafe for production and is only intended for sample applications.
2022-12-05 15:25:49.843  INFO 77776 --- [    Test worker] o.s.s.web.DefaultSecurityFilterChain     : Will secure any request with [org.springframework.security.web.session.DisableEncodeUrlFilter@4202276, org.springframework.security.web.context.request.async.WebAsyncManagerIntegrationFilter@2053b761, org.springframework.security.web.context.SecurityContextPersistenceFilter@11771fd6, org.springframework.security.web.header.HeaderWriterFilter@ecb8b3e, org.springframework.web.filter.CorsFilter@34001c5d, org.springframework.security.web.authentication.logout.LogoutFilter@47c422d3, org.springframework.security.web.savedrequest.RequestCacheAwareFilter@3bac86a3, org.springframework.security.web.servletapi.SecurityContextHolderAwareRequestFilter@128ca7af, org.springframework.security.web.authentication.AnonymousAuthenticationFilter@34588991, org.springframework.security.web.session.SessionManagementFilter@92de794, org.springframework.security.web.access.ExceptionTranslationFilter@79982bcc, org.springframework.security.web.access.intercept.FilterSecurityInterceptor@72b6fa98]
2022-12-05 15:25:50.129  WARN 77776 --- [    Test worker] JpaBaseConfiguration$JpaWebConfiguration : spring.jpa.open-in-view is enabled by default. Therefore, database queries may be performed during view rendering. Explicitly configure spring.jpa.open-in-view to disable this warning
2022-12-05 15:25:50.617  INFO 77776 --- [    Test worker] T.comeet.CoMeetApplicationTests          : Started CoMeetApplicationTests in 4.083 seconds (JVM running for 5.243)
]]></system-out>
  <system-err><![CDATA[]]></system-err>
</testsuite>
