<?xml version="1.0" encoding="UTF-8"?>
<testsuite name="Tamanegiseoul.comeet.utilTest" tests="1" skipped="0" failures="0" errors="0" timestamp="2022-12-05T06:25:51" hostname="Joonwoos-MacBook-Pro.local" time="0.005">
  <properties/>
  <testcase name="LocalDateTime_test" classname="Tamanegiseoul.comeet.utilTest" time="0.005"/>
  <system-out><![CDATA[2022-12-05 15:25:51.312  INFO 77776 --- [    Test worker] o.s.t.c.transaction.TransactionContext   : Began transaction (1) for test context [DefaultTestContext@41030c21 testClass = utilTest, testInstance = Tamanegiseoul.comeet.utilTest@3c5797c6, testMethod = LocalDateTime_test@utilTest, testException = [null], mergedContextConfiguration = [WebMergedContextConfiguration@2527765a testClass = utilTest, locations = '{}', classes = '{class Tamanegiseoul.comeet.CoMeetApplication}', contextInitializerClasses = '[]', activeProfiles = '{}', propertySourceLocations = '{}', propertySourceProperties = '{org.springframework.boot.test.context.SpringBootTestContextBootstrapper=true}', contextCustomizers = set[org.springframework.boot.test.autoconfigure.actuate.metrics.MetricsExportContextCustomizerFactory$DisableMetricExportContextCustomizer@5c44c582, org.springframework.boot.test.autoconfigure.properties.PropertyMappingContextCustomizer@0, org.springframework.boot.test.autoconfigure.web.servlet.WebDriverContextCustomizerFactory$Customizer@7efaad5a, org.springframework.boot.test.context.filter.ExcludeFilterContextCustomizer@416c58f5, org.springframework.boot.test.json.DuplicateJsonObjectContextCustomizerFactory$DuplicateJsonObjectContextCustomizer@7a362b6b, org.springframework.boot.test.mock.mockito.MockitoContextCustomizer@0, org.springframework.boot.test.web.client.TestRestTemplateContextCustomizer@265adfad, org.springframework.boot.test.web.reactive.server.WebTestClientContextCustomizer@5ba88be8, org.springframework.boot.test.context.SpringBootTestArgs@1, org.springframework.boot.test.context.SpringBootTestWebEnvironment@45ca843], resourceBasePath = 'src/main/webapp', contextLoader = 'org.springframework.boot.test.context.SpringBootContextLoader', parent = [null]], attributes = map['org.springframework.test.context.web.ServletTestExecutionListener.activateListener' -> true, 'org.springframework.test.context.web.ServletTestExecutionListener.populatedRequestContextHolder' -> true, 'org.springframework.test.context.web.ServletTestExecutionListener.resetRequestContextHolder' -> true, 'org.springframework.test.context.event.ApplicationEventsTestExecutionListener.recordApplicationEvents' -> false]]; transaction manager [org.springframework.orm.jpa.JpaTransactionManager@29dcad7e]; rollback [true]
2022-12-05 15:25:51.313  WARN 77776 --- [    Test worker] Tamanegiseoul.comeet.utilTest            : 2022-12-05T15:25:51.313525
2022-12-05 15:25:51.313  WARN 77776 --- [    Test worker] Tamanegiseoul.comeet.utilTest            : 2022-10-23T22:14:30
2022-12-05 15:25:51.314  WARN 77776 --- [    Test worker] Tamanegiseoul.comeet.utilTest            : 2022-10-23T22:14:30
2022-12-05 15:25:51.316  INFO 77776 --- [    Test worker] p6spy                                    : #1670221551316 | took 0ms | rollback | connection 16| url jdbc:h2:mem:a3c45986-1556-4418-b53a-80ffaa30b02f

;
2022-12-05 15:25:51.316  INFO 77776 --- [    Test worker] o.s.t.c.transaction.TransactionContext   : Rolled back transaction for test: [DefaultTestContext@41030c21 testClass = utilTest, testInstance = Tamanegiseoul.comeet.utilTest@3c5797c6, testMethod = LocalDateTime_test@utilTest, testException = [null], mergedContextConfiguration = [WebMergedContextConfiguration@2527765a testClass = utilTest, locations = '{}', classes = '{class Tamanegiseoul.comeet.CoMeetApplication}', contextInitializerClasses = '[]', activeProfiles = '{}', propertySourceLocations = '{}', propertySourceProperties = '{org.springframework.boot.test.context.SpringBootTestContextBootstrapper=true}', contextCustomizers = set[org.springframework.boot.test.autoconfigure.actuate.metrics.MetricsExportContextCustomizerFactory$DisableMetricExportContextCustomizer@5c44c582, org.springframework.boot.test.autoconfigure.properties.PropertyMappingContextCustomizer@0, org.springframework.boot.test.autoconfigure.web.servlet.WebDriverContextCustomizerFactory$Customizer@7efaad5a, org.springframework.boot.test.context.filter.ExcludeFilterContextCustomizer@416c58f5, org.springframework.boot.test.json.DuplicateJsonObjectContextCustomizerFactory$DuplicateJsonObjectContextCustomizer@7a362b6b, org.springframework.boot.test.mock.mockito.MockitoContextCustomizer@0, org.springframework.boot.test.web.client.TestRestTemplateContextCustomizer@265adfad, org.springframework.boot.test.web.reactive.server.WebTestClientContextCustomizer@5ba88be8, org.springframework.boot.test.context.SpringBootTestArgs@1, org.springframework.boot.test.context.SpringBootTestWebEnvironment@45ca843], resourceBasePath = 'src/main/webapp', contextLoader = 'org.springframework.boot.test.context.SpringBootContextLoader', parent = [null]], attributes = map['org.springframework.test.context.web.ServletTestExecutionListener.activateListener' -> true, 'org.springframework.test.context.web.ServletTestExecutionListener.populatedRequestContextHolder' -> true, 'org.springframework.test.context.web.ServletTestExecutionListener.resetRequestContextHolder' -> true, 'org.springframework.test.context.event.ApplicationEventsTestExecutionListener.recordApplicationEvents' -> false]]
]]></system-out>
  <system-err><![CDATA[]]></system-err>
</testsuite>
