<?xml version="1.0" encoding="UTF-8"?>
<testsuite name="Tamanegiseoul.comeet.PostServiceTest" tests="2" skipped="0" failures="0" errors="0" timestamp="2022-12-02T15:35:28" hostname="Joonwoos-MacBook-Pro.local" time="0.147">
  <properties/>
  <testcase name="포스트_생성" classname="Tamanegiseoul.comeet.PostServiceTest" time="0.047"/>
  <testcase name="포스트_수정" classname="Tamanegiseoul.comeet.PostServiceTest" time="0.096"/>
  <system-out><![CDATA[2022-12-03 00:35:28.164  INFO 9787 --- [    Test worker] o.s.t.c.transaction.TransactionContext   : Began transaction (1) for test context [DefaultTestContext@395854dd testClass = PostServiceTest, testInstance = Tamanegiseoul.comeet.PostServiceTest@53b60595, testMethod = 포스트_생성@PostServiceTest, testException = [null], mergedContextConfiguration = [WebMergedContextConfiguration@2f9d47a3 testClass = PostServiceTest, locations = '{}', classes = '{class Tamanegiseoul.comeet.CoMeetApplication}', contextInitializerClasses = '[]', activeProfiles = '{}', propertySourceLocations = '{}', propertySourceProperties = '{org.springframework.boot.test.context.SpringBootTestContextBootstrapper=true}', contextCustomizers = set[org.springframework.boot.test.autoconfigure.actuate.metrics.MetricsExportContextCustomizerFactory$DisableMetricExportContextCustomizer@30c93896, org.springframework.boot.test.autoconfigure.properties.PropertyMappingContextCustomizer@0, org.springframework.boot.test.autoconfigure.web.servlet.WebDriverContextCustomizerFactory$Customizer@558bdf1f, org.springframework.boot.test.context.filter.ExcludeFilterContextCustomizer@5f354bcf, org.springframework.boot.test.json.DuplicateJsonObjectContextCustomizerFactory$DuplicateJsonObjectContextCustomizer@4716be8b, org.springframework.boot.test.mock.mockito.MockitoContextCustomizer@0, org.springframework.boot.test.web.client.TestRestTemplateContextCustomizer@5ddf0d24, org.springframework.boot.test.web.reactive.server.WebTestClientContextCustomizer@3abada5a, org.springframework.boot.test.context.SpringBootTestArgs@1, org.springframework.boot.test.context.SpringBootTestWebEnvironment@69fb6037], resourceBasePath = 'src/main/webapp', contextLoader = 'org.springframework.boot.test.context.SpringBootContextLoader', parent = [null]], attributes = map['org.springframework.test.context.web.ServletTestExecutionListener.activateListener' -> true, 'org.springframework.test.context.web.ServletTestExecutionListener.populatedRequestContextHolder' -> true, 'org.springframework.test.context.web.ServletTestExecutionListener.resetRequestContextHolder' -> true, 'org.springframework.test.context.event.ApplicationEventsTestExecutionListener.recordApplicationEvents' -> false]]; transaction manager [org.springframework.orm.jpa.JpaTransactionManager@41e43885]; rollback [true]
2022-12-03 00:35:28.167  INFO 9787 --- [    Test worker] p6spy                                    : #1669995328167 | took 0ms | statement | connection 8| url jdbc:h2:mem:dfeda05c-1f6a-4d3b-ba08-2257fa02f659
select users0_.user_id as user_id1_4_, users0_.created_time as created_2_4_, users0_.email as email3_4_, users0_.modified_time as modified4_4_, users0_.nickname as nickname5_4_, users0_.password as password6_4_, users0_.image_id as image_id7_4_ from users users0_ where users0_.email=?
select users0_.user_id as user_id1_4_, users0_.created_time as created_2_4_, users0_.email as email3_4_, users0_.modified_time as modified4_4_, users0_.nickname as nickname5_4_, users0_.password as password6_4_, users0_.image_id as image_id7_4_ from users users0_ where users0_.email='93jpark@gmail.com';
2022-12-03 00:35:28.169  INFO 9787 --- [    Test worker] p6spy                                    : #1669995328169 | took 0ms | statement | connection 8| url jdbc:h2:mem:dfeda05c-1f6a-4d3b-ba08-2257fa02f659
select users0_.user_id as user_id1_4_, users0_.created_time as created_2_4_, users0_.email as email3_4_, users0_.modified_time as modified4_4_, users0_.nickname as nickname5_4_, users0_.password as password6_4_, users0_.image_id as image_id7_4_ from users users0_ where users0_.nickname=?
select users0_.user_id as user_id1_4_, users0_.created_time as created_2_4_, users0_.email as email3_4_, users0_.modified_time as modified4_4_, users0_.nickname as nickname5_4_, users0_.password as password6_4_, users0_.image_id as image_id7_4_ from users users0_ where users0_.nickname='케네스';
2022-12-03 00:35:28.172  INFO 9787 --- [    Test worker] p6spy                                    : #1669995328172 | took 0ms | statement | connection 8| url jdbc:h2:mem:dfeda05c-1f6a-4d3b-ba08-2257fa02f659
insert into users (user_id, created_time, email, modified_time, nickname, password, image_id) values (default, ?, ?, ?, ?, ?, ?)
insert into users (user_id, created_time, email, modified_time, nickname, password, image_id) values (default, '2022-12-03T00:35:28.170+0900', '93jpark@gmail.com', '2022-12-03T00:35:28.170+0900', '케네스', 'password', NULL);
2022-12-03 00:35:28.173  INFO 9787 --- [    Test worker] T.comeet.service.PostService             : [PostService:registerPost] register method init
2022-12-03 00:35:28.174  INFO 9787 --- [    Test worker] p6spy                                    : #1669995328174 | took 0ms | statement | connection 8| url jdbc:h2:mem:dfeda05c-1f6a-4d3b-ba08-2257fa02f659
call next value for hibernate_sequence
call next value for hibernate_sequence;
2022-12-03 00:35:28.174  INFO 9787 --- [    Test worker] T.comeet.service.PostService             : [PostService:registerPost] successfully registered
2022-12-03 00:35:28.185  INFO 9787 --- [    Test worker] p6spy                                    : #1669995328185 | took 0ms | statement | connection 8| url jdbc:h2:mem:dfeda05c-1f6a-4d3b-ba08-2257fa02f659
call next value for hibernate_sequence
call next value for hibernate_sequence;
2022-12-03 00:35:28.186  INFO 9787 --- [    Test worker] p6spy                                    : #1669995328186 | took 0ms | statement | connection 8| url jdbc:h2:mem:dfeda05c-1f6a-4d3b-ba08-2257fa02f659
call next value for hibernate_sequence
call next value for hibernate_sequence;
2022-12-03 00:35:28.191  INFO 9787 --- [    Test worker] p6spy                                    : #1669995328191 | took 0ms | statement | connection 8| url jdbc:h2:mem:dfeda05c-1f6a-4d3b-ba08-2257fa02f659
insert into post (contact, contact_type, content, created_time, expected_term, hits, modified_time, user_id, recruit_capacity, recruit_status, remote, start_date, title, post_id) values (?, ?, ?, ?, ?, ?, ?, ?, ?, ?, ?, ?, ?, ?)
insert into post (contact, contact_type, content, created_time, expected_term, hits, modified_time, user_id, recruit_capacity, recruit_status, remote, start_date, title, post_id) values ('93jpark@gmail.com', 'POSTER_EMAIL', '빈 내용', '2022-12-03T00:35:28.173+0900', 14, 0, '2022-12-03T00:35:28.173+0900', 5, 4, 'RECRUIT', false, '2022-10-23T00:00:00.000+0900', '이것은 새로운 포스트입니다.', 9);
2022-12-03 00:35:28.192  INFO 9787 --- [    Test worker] p6spy                                    : #1669995328192 | took 0ms | statement | connection 8| url jdbc:h2:mem:dfeda05c-1f6a-4d3b-ba08-2257fa02f659
insert into stack_relation (post_id, tech_stack, user_id, stack_relation_id) values (?, ?, ?, ?)
insert into stack_relation (post_id, tech_stack, user_id, stack_relation_id) values (9, 'JAVA', NULL, 10);
2022-12-03 00:35:28.193  INFO 9787 --- [    Test worker] p6spy                                    : #1669995328193 | took 0ms | statement | connection 8| url jdbc:h2:mem:dfeda05c-1f6a-4d3b-ba08-2257fa02f659
insert into stack_relation (post_id, tech_stack, user_id, stack_relation_id) values (?, ?, ?, ?)
insert into stack_relation (post_id, tech_stack, user_id, stack_relation_id) values (9, 'SPRING', NULL, 11);
2022-12-03 00:35:28.196  INFO 9787 --- [    Test worker] p6spy                                    : #1669995328196 | took 0ms | statement | connection 8| url jdbc:h2:mem:dfeda05c-1f6a-4d3b-ba08-2257fa02f659
update post set contact=?, contact_type=?, content=?, created_time=?, expected_term=?, hits=?, modified_time=?, user_id=?, recruit_capacity=?, recruit_status=?, remote=?, start_date=?, title=? where post_id=?
update post set contact='93jpark@gmail.com', contact_type='POSTER_EMAIL', content='빈 내용', created_time='2022-12-03T00:35:28.174+0900', expected_term=14, hits=0, modified_time='2022-12-03T00:35:28.174+0900', user_id=5, recruit_capacity=4, recruit_status='RECRUIT', remote=false, start_date='2022-10-23T00:00:00.000+0900', title='이것은 새로운 포스트입니다.' where post_id=9;
2022-12-03 00:35:28.197  INFO 9787 --- [    Test worker] p6spy                                    : #1669995328197 | took 0ms | statement | connection 8| url jdbc:h2:mem:dfeda05c-1f6a-4d3b-ba08-2257fa02f659
select posts0_.post_id as post_id1_2_, posts0_.contact as contact2_2_, posts0_.contact_type as contact_3_2_, posts0_.content as content4_2_, posts0_.created_time as created_5_2_, posts0_.expected_term as expected6_2_, posts0_.hits as hits7_2_, posts0_.modified_time as modified8_2_, posts0_.user_id as user_id14_2_, posts0_.recruit_capacity as recruit_9_2_, posts0_.recruit_status as recruit10_2_, posts0_.remote as remote11_2_, posts0_.start_date as start_d12_2_, posts0_.title as title13_2_ from post posts0_ where posts0_.user_id=?
select posts0_.post_id as post_id1_2_, posts0_.contact as contact2_2_, posts0_.contact_type as contact_3_2_, posts0_.content as content4_2_, posts0_.created_time as created_5_2_, posts0_.expected_term as expected6_2_, posts0_.hits as hits7_2_, posts0_.modified_time as modified8_2_, posts0_.user_id as user_id14_2_, posts0_.recruit_capacity as recruit_9_2_, posts0_.recruit_status as recruit10_2_, posts0_.remote as remote11_2_, posts0_.start_date as start_d12_2_, posts0_.title as title13_2_ from post posts0_ where posts0_.user_id=5;
2022-12-03 00:35:28.198  INFO 9787 --- [    Test worker] Tamanegiseoul.comeet.PostServiceTest     : title: 이것은 새로운 포스트입니다.
 content: 빈 내용
 recruit status: RECRUIT
 recruit capacity: 4
 start date: 2022-10-23
contact: 93jpark@gmail.com
 contact type: POSTER_EMAIL
 start date: 2022-10-23
 expected term: 14
 created date: 2022-12-03T00:35:28.174968
 modified date: 2022-12-03T00:35:28.174944

2022-12-03 00:35:28.204  INFO 9787 --- [    Test worker] p6spy                                    : #1669995328204 | took 0ms | rollback | connection 8| url jdbc:h2:mem:dfeda05c-1f6a-4d3b-ba08-2257fa02f659

;
2022-12-03 00:35:28.207  INFO 9787 --- [    Test worker] o.s.t.c.transaction.TransactionContext   : Rolled back transaction for test: [DefaultTestContext@395854dd testClass = PostServiceTest, testInstance = Tamanegiseoul.comeet.PostServiceTest@53b60595, testMethod = 포스트_생성@PostServiceTest, testException = [null], mergedContextConfiguration = [WebMergedContextConfiguration@2f9d47a3 testClass = PostServiceTest, locations = '{}', classes = '{class Tamanegiseoul.comeet.CoMeetApplication}', contextInitializerClasses = '[]', activeProfiles = '{}', propertySourceLocations = '{}', propertySourceProperties = '{org.springframework.boot.test.context.SpringBootTestContextBootstrapper=true}', contextCustomizers = set[org.springframework.boot.test.autoconfigure.actuate.metrics.MetricsExportContextCustomizerFactory$DisableMetricExportContextCustomizer@30c93896, org.springframework.boot.test.autoconfigure.properties.PropertyMappingContextCustomizer@0, org.springframework.boot.test.autoconfigure.web.servlet.WebDriverContextCustomizerFactory$Customizer@558bdf1f, org.springframework.boot.test.context.filter.ExcludeFilterContextCustomizer@5f354bcf, org.springframework.boot.test.json.DuplicateJsonObjectContextCustomizerFactory$DuplicateJsonObjectContextCustomizer@4716be8b, org.springframework.boot.test.mock.mockito.MockitoContextCustomizer@0, org.springframework.boot.test.web.client.TestRestTemplateContextCustomizer@5ddf0d24, org.springframework.boot.test.web.reactive.server.WebTestClientContextCustomizer@3abada5a, org.springframework.boot.test.context.SpringBootTestArgs@1, org.springframework.boot.test.context.SpringBootTestWebEnvironment@69fb6037], resourceBasePath = 'src/main/webapp', contextLoader = 'org.springframework.boot.test.context.SpringBootContextLoader', parent = [null]], attributes = map['org.springframework.test.context.web.ServletTestExecutionListener.activateListener' -> true, 'org.springframework.test.context.web.ServletTestExecutionListener.populatedRequestContextHolder' -> true, 'org.springframework.test.context.web.ServletTestExecutionListener.resetRequestContextHolder' -> true, 'org.springframework.test.context.event.ApplicationEventsTestExecutionListener.recordApplicationEvents' -> false]]
2022-12-03 00:35:28.215  INFO 9787 --- [    Test worker] o.s.t.c.transaction.TransactionContext   : Began transaction (1) for test context [DefaultTestContext@395854dd testClass = PostServiceTest, testInstance = Tamanegiseoul.comeet.PostServiceTest@7441edeb, testMethod = 포스트_수정@PostServiceTest, testException = [null], mergedContextConfiguration = [WebMergedContextConfiguration@2f9d47a3 testClass = PostServiceTest, locations = '{}', classes = '{class Tamanegiseoul.comeet.CoMeetApplication}', contextInitializerClasses = '[]', activeProfiles = '{}', propertySourceLocations = '{}', propertySourceProperties = '{org.springframework.boot.test.context.SpringBootTestContextBootstrapper=true}', contextCustomizers = set[org.springframework.boot.test.autoconfigure.actuate.metrics.MetricsExportContextCustomizerFactory$DisableMetricExportContextCustomizer@30c93896, org.springframework.boot.test.autoconfigure.properties.PropertyMappingContextCustomizer@0, org.springframework.boot.test.autoconfigure.web.servlet.WebDriverContextCustomizerFactory$Customizer@558bdf1f, org.springframework.boot.test.context.filter.ExcludeFilterContextCustomizer@5f354bcf, org.springframework.boot.test.json.DuplicateJsonObjectContextCustomizerFactory$DuplicateJsonObjectContextCustomizer@4716be8b, org.springframework.boot.test.mock.mockito.MockitoContextCustomizer@0, org.springframework.boot.test.web.client.TestRestTemplateContextCustomizer@5ddf0d24, org.springframework.boot.test.web.reactive.server.WebTestClientContextCustomizer@3abada5a, org.springframework.boot.test.context.SpringBootTestArgs@1, org.springframework.boot.test.context.SpringBootTestWebEnvironment@69fb6037], resourceBasePath = 'src/main/webapp', contextLoader = 'org.springframework.boot.test.context.SpringBootContextLoader', parent = [null]], attributes = map['org.springframework.test.context.web.ServletTestExecutionListener.activateListener' -> true, 'org.springframework.test.context.web.ServletTestExecutionListener.populatedRequestContextHolder' -> true, 'org.springframework.test.context.web.ServletTestExecutionListener.resetRequestContextHolder' -> true, 'org.springframework.test.context.event.ApplicationEventsTestExecutionListener.recordApplicationEvents' -> false]]; transaction manager [org.springframework.orm.jpa.JpaTransactionManager@41e43885]; rollback [true]
2022-12-03 00:35:28.223  INFO 9787 --- [    Test worker] p6spy                                    : #1669995328222 | took 0ms | statement | connection 9| url jdbc:h2:mem:dfeda05c-1f6a-4d3b-ba08-2257fa02f659
select users0_.user_id as user_id1_4_, users0_.created_time as created_2_4_, users0_.email as email3_4_, users0_.modified_time as modified4_4_, users0_.nickname as nickname5_4_, users0_.password as password6_4_, users0_.image_id as image_id7_4_ from users users0_ where users0_.email=?
select users0_.user_id as user_id1_4_, users0_.created_time as created_2_4_, users0_.email as email3_4_, users0_.modified_time as modified4_4_, users0_.nickname as nickname5_4_, users0_.password as password6_4_, users0_.image_id as image_id7_4_ from users users0_ where users0_.email='93jpark@gmail.com';
2022-12-03 00:35:28.227  INFO 9787 --- [    Test worker] p6spy                                    : #1669995328227 | took 0ms | statement | connection 9| url jdbc:h2:mem:dfeda05c-1f6a-4d3b-ba08-2257fa02f659
select users0_.user_id as user_id1_4_, users0_.created_time as created_2_4_, users0_.email as email3_4_, users0_.modified_time as modified4_4_, users0_.nickname as nickname5_4_, users0_.password as password6_4_, users0_.image_id as image_id7_4_ from users users0_ where users0_.nickname=?
select users0_.user_id as user_id1_4_, users0_.created_time as created_2_4_, users0_.email as email3_4_, users0_.modified_time as modified4_4_, users0_.nickname as nickname5_4_, users0_.password as password6_4_, users0_.image_id as image_id7_4_ from users users0_ where users0_.nickname='케네스';
2022-12-03 00:35:28.232  INFO 9787 --- [    Test worker] p6spy                                    : #1669995328232 | took 0ms | statement | connection 9| url jdbc:h2:mem:dfeda05c-1f6a-4d3b-ba08-2257fa02f659
insert into users (user_id, created_time, email, modified_time, nickname, password, image_id) values (default, ?, ?, ?, ?, ?, ?)
insert into users (user_id, created_time, email, modified_time, nickname, password, image_id) values (default, '2022-12-03T00:35:28.228+0900', '93jpark@gmail.com', '2022-12-03T00:35:28.228+0900', '케네스', 'password', NULL);
2022-12-03 00:35:28.233  INFO 9787 --- [    Test worker] T.comeet.service.PostService             : [PostService:registerPost] register method init
2022-12-03 00:35:28.234  INFO 9787 --- [    Test worker] p6spy                                    : #1669995328234 | took 0ms | statement | connection 9| url jdbc:h2:mem:dfeda05c-1f6a-4d3b-ba08-2257fa02f659
call next value for hibernate_sequence
call next value for hibernate_sequence;
2022-12-03 00:35:28.236  INFO 9787 --- [    Test worker] T.comeet.service.PostService             : [PostService:registerPost] successfully registered
2022-12-03 00:35:28.237  WARN 9787 --- [    Test worker] Tamanegiseoul.comeet.PostServiceTest     : 이것은 수정된 포스트입니다.
2022-12-03 00:35:28.260  INFO 9787 --- [    Test worker] p6spy                                    : #1669995328260 | took 0ms | statement | connection 9| url jdbc:h2:mem:dfeda05c-1f6a-4d3b-ba08-2257fa02f659
call next value for hibernate_sequence
call next value for hibernate_sequence;
2022-12-03 00:35:28.261  INFO 9787 --- [    Test worker] p6spy                                    : #1669995328261 | took 0ms | statement | connection 9| url jdbc:h2:mem:dfeda05c-1f6a-4d3b-ba08-2257fa02f659
call next value for hibernate_sequence
call next value for hibernate_sequence;
2022-12-03 00:35:28.265  INFO 9787 --- [    Test worker] p6spy                                    : #1669995328265 | took 0ms | statement | connection 9| url jdbc:h2:mem:dfeda05c-1f6a-4d3b-ba08-2257fa02f659
insert into post (contact, contact_type, content, created_time, expected_term, hits, modified_time, user_id, recruit_capacity, recruit_status, remote, start_date, title, post_id) values (?, ?, ?, ?, ?, ?, ?, ?, ?, ?, ?, ?, ?, ?)
insert into post (contact, contact_type, content, created_time, expected_term, hits, modified_time, user_id, recruit_capacity, recruit_status, remote, start_date, title, post_id) values ('93jpark@gmail.com', 'POSTER_EMAIL', '빈 내용', '2022-12-03T00:35:28.233+0900', 14, 0, '2022-12-03T00:35:28.233+0900', 6, 4, 'RECRUIT', false, '2022-10-23T00:00:00.000+0900', '이것은 새로운 포스트입니다.', 12);
2022-12-03 00:35:28.267  INFO 9787 --- [    Test worker] p6spy                                    : #1669995328266 | took 0ms | statement | connection 9| url jdbc:h2:mem:dfeda05c-1f6a-4d3b-ba08-2257fa02f659
insert into stack_relation (post_id, tech_stack, user_id, stack_relation_id) values (?, ?, ?, ?)
insert into stack_relation (post_id, tech_stack, user_id, stack_relation_id) values (12, 'JAVA', NULL, 13);
2022-12-03 00:35:28.267  INFO 9787 --- [    Test worker] p6spy                                    : #1669995328267 | took 0ms | statement | connection 9| url jdbc:h2:mem:dfeda05c-1f6a-4d3b-ba08-2257fa02f659
insert into stack_relation (post_id, tech_stack, user_id, stack_relation_id) values (?, ?, ?, ?)
insert into stack_relation (post_id, tech_stack, user_id, stack_relation_id) values (12, 'SPRING', NULL, 14);
2022-12-03 00:35:28.271  INFO 9787 --- [    Test worker] p6spy                                    : #1669995328271 | took 0ms | statement | connection 9| url jdbc:h2:mem:dfeda05c-1f6a-4d3b-ba08-2257fa02f659
update post set contact=?, contact_type=?, content=?, created_time=?, expected_term=?, hits=?, modified_time=?, user_id=?, recruit_capacity=?, recruit_status=?, remote=?, start_date=?, title=? where post_id=?
update post set contact='93jpark@gmail.com', contact_type='POSTER_EMAIL', content='빈 내용', created_time='2022-12-03T00:35:28.236+0900', expected_term=28, hits=0, modified_time='2022-12-03T00:35:28.236+0900', user_id=6, recruit_capacity=8, recruit_status='DONE', remote=false, start_date='2022-11-27T00:00:00.000+0900', title='이것은 수정된 포스트입니다.' where post_id=12;
2022-12-03 00:35:28.276  INFO 9787 --- [    Test worker] p6spy                                    : #1669995328276 | took 0ms | statement | connection 9| url jdbc:h2:mem:dfeda05c-1f6a-4d3b-ba08-2257fa02f659
delete from stack_relation where post_id=?
delete from stack_relation where post_id=12;
2022-12-03 00:35:28.281  INFO 9787 --- [    Test worker] p6spy                                    : #1669995328281 | took 0ms | statement | connection 9| url jdbc:h2:mem:dfeda05c-1f6a-4d3b-ba08-2257fa02f659
select posts0_.post_id as post_id1_2_, posts0_.contact as contact2_2_, posts0_.contact_type as contact_3_2_, posts0_.content as content4_2_, posts0_.created_time as created_5_2_, posts0_.expected_term as expected6_2_, posts0_.hits as hits7_2_, posts0_.modified_time as modified8_2_, posts0_.user_id as user_id14_2_, posts0_.recruit_capacity as recruit_9_2_, posts0_.recruit_status as recruit10_2_, posts0_.remote as remote11_2_, posts0_.start_date as start_d12_2_, posts0_.title as title13_2_ from post posts0_ where posts0_.user_id=?
select posts0_.post_id as post_id1_2_, posts0_.contact as contact2_2_, posts0_.contact_type as contact_3_2_, posts0_.content as content4_2_, posts0_.created_time as created_5_2_, posts0_.expected_term as expected6_2_, posts0_.hits as hits7_2_, posts0_.modified_time as modified8_2_, posts0_.user_id as user_id14_2_, posts0_.recruit_capacity as recruit_9_2_, posts0_.recruit_status as recruit10_2_, posts0_.remote as remote11_2_, posts0_.start_date as start_d12_2_, posts0_.title as title13_2_ from post posts0_ where posts0_.user_id=6;
2022-12-03 00:35:28.293  INFO 9787 --- [    Test worker] p6spy                                    : #1669995328293 | took 0ms | statement | connection 9| url jdbc:h2:mem:dfeda05c-1f6a-4d3b-ba08-2257fa02f659
select users0_.user_id as user_id1_4_0_, users0_.created_time as created_2_4_0_, users0_.email as email3_4_0_, users0_.modified_time as modified4_4_0_, users0_.nickname as nickname5_4_0_, users0_.password as password6_4_0_, users0_.image_id as image_id7_4_0_, imagedata1_.image_id as image_id1_1_1_, imagedata1_.file_name as file_nam2_1_1_, imagedata1_.file_type as file_typ3_1_1_, imagedata1_.image_data as image_da4_1_1_, imagedata1_.owner_user_id as owner_us5_1_1_, users2_.user_id as user_id1_4_2_, users2_.created_time as created_2_4_2_, users2_.email as email3_4_2_, users2_.modified_time as modified4_4_2_, users2_.nickname as nickname5_4_2_, users2_.password as password6_4_2_, users2_.image_id as image_id7_4_2_ from users users0_ left outer join image_data imagedata1_ on users0_.image_id=imagedata1_.image_id left outer join users users2_ on imagedata1_.owner_user_id=users2_.user_id where users0_.user_id=?
select users0_.user_id as user_id1_4_0_, users0_.created_time as created_2_4_0_, users0_.email as email3_4_0_, users0_.modified_time as modified4_4_0_, users0_.nickname as nickname5_4_0_, users0_.password as password6_4_0_, users0_.image_id as image_id7_4_0_, imagedata1_.image_id as image_id1_1_1_, imagedata1_.file_name as file_nam2_1_1_, imagedata1_.file_type as file_typ3_1_1_, imagedata1_.image_data as image_da4_1_1_, imagedata1_.owner_user_id as owner_us5_1_1_, users2_.user_id as user_id1_4_2_, users2_.created_time as created_2_4_2_, users2_.email as email3_4_2_, users2_.modified_time as modified4_4_2_, users2_.nickname as nickname5_4_2_, users2_.password as password6_4_2_, users2_.image_id as image_id7_4_2_ from users users0_ left outer join image_data imagedata1_ on users0_.image_id=imagedata1_.image_id left outer join users users2_ on imagedata1_.owner_user_id=users2_.user_id where users0_.user_id=6;
2022-12-03 00:35:28.300  INFO 9787 --- [    Test worker] Tamanegiseoul.comeet.PostServiceTest     : title: 이것은 수정된 포스트입니다.
 content: 빈 내용
 recruit status: DONE
 recruit capacity: 8
 start date: 2022-11-27
contact: 93jpark@gmail.com
 contact type: POSTER_EMAIL
 start date: 2022-11-27
 expected term: 28
 created date: 2022-12-03T00:35:28.236291
 modified date: 2022-12-03T00:35:28.236266

2022-12-03 00:35:28.306  INFO 9787 --- [    Test worker] p6spy                                    : #1669995328306 | took 0ms | rollback | connection 9| url jdbc:h2:mem:dfeda05c-1f6a-4d3b-ba08-2257fa02f659

;
2022-12-03 00:35:28.308  INFO 9787 --- [    Test worker] o.s.t.c.transaction.TransactionContext   : Rolled back transaction for test: [DefaultTestContext@395854dd testClass = PostServiceTest, testInstance = Tamanegiseoul.comeet.PostServiceTest@7441edeb, testMethod = 포스트_수정@PostServiceTest, testException = [null], mergedContextConfiguration = [WebMergedContextConfiguration@2f9d47a3 testClass = PostServiceTest, locations = '{}', classes = '{class Tamanegiseoul.comeet.CoMeetApplication}', contextInitializerClasses = '[]', activeProfiles = '{}', propertySourceLocations = '{}', propertySourceProperties = '{org.springframework.boot.test.context.SpringBootTestContextBootstrapper=true}', contextCustomizers = set[org.springframework.boot.test.autoconfigure.actuate.metrics.MetricsExportContextCustomizerFactory$DisableMetricExportContextCustomizer@30c93896, org.springframework.boot.test.autoconfigure.properties.PropertyMappingContextCustomizer@0, org.springframework.boot.test.autoconfigure.web.servlet.WebDriverContextCustomizerFactory$Customizer@558bdf1f, org.springframework.boot.test.context.filter.ExcludeFilterContextCustomizer@5f354bcf, org.springframework.boot.test.json.DuplicateJsonObjectContextCustomizerFactory$DuplicateJsonObjectContextCustomizer@4716be8b, org.springframework.boot.test.mock.mockito.MockitoContextCustomizer@0, org.springframework.boot.test.web.client.TestRestTemplateContextCustomizer@5ddf0d24, org.springframework.boot.test.web.reactive.server.WebTestClientContextCustomizer@3abada5a, org.springframework.boot.test.context.SpringBootTestArgs@1, org.springframework.boot.test.context.SpringBootTestWebEnvironment@69fb6037], resourceBasePath = 'src/main/webapp', contextLoader = 'org.springframework.boot.test.context.SpringBootContextLoader', parent = [null]], attributes = map['org.springframework.test.context.web.ServletTestExecutionListener.activateListener' -> true, 'org.springframework.test.context.web.ServletTestExecutionListener.populatedRequestContextHolder' -> true, 'org.springframework.test.context.web.ServletTestExecutionListener.resetRequestContextHolder' -> true, 'org.springframework.test.context.event.ApplicationEventsTestExecutionListener.recordApplicationEvents' -> false]]
]]></system-out>
  <system-err><![CDATA[]]></system-err>
</testsuite>
