<?xml version="1.0" encoding="UTF-8"?>
<testsuite name="Tamanegiseoul.comeet.UserServiceTest" tests="6" skipped="0" failures="0" errors="0" timestamp="2022-12-02T15:35:28" hostname="Joonwoos-MacBook-Pro.local" time="0.28">
  <properties/>
  <testcase name="기술스택_세팅" classname="Tamanegiseoul.comeet.UserServiceTest" time="0.049"/>
  <testcase name="기술스택_수정" classname="Tamanegiseoul.comeet.UserServiceTest" time="0.058"/>
  <testcase name="단일_유저_생성" classname="Tamanegiseoul.comeet.UserServiceTest" time="0.022"/>
  <testcase name="유저_삭제" classname="Tamanegiseoul.comeet.UserServiceTest" time="0.096"/>
  <testcase name="유저_이메일_중복검사" classname="Tamanegiseoul.comeet.UserServiceTest" time="0.021"/>
  <testcase name="유저_닉네임_중복검사" classname="Tamanegiseoul.comeet.UserServiceTest" time="0.023"/>
  <system-out><![CDATA[2022-12-03 00:35:28.319  INFO 9787 --- [    Test worker] o.s.t.c.transaction.TransactionContext   : Began transaction (1) for test context [DefaultTestContext@49467fc6 testClass = UserServiceTest, testInstance = Tamanegiseoul.comeet.UserServiceTest@6f28a07e, testMethod = 기술스택_세팅@UserServiceTest, testException = [null], mergedContextConfiguration = [WebMergedContextConfiguration@44e19b99 testClass = UserServiceTest, locations = '{}', classes = '{class Tamanegiseoul.comeet.CoMeetApplication}', contextInitializerClasses = '[]', activeProfiles = '{}', propertySourceLocations = '{}', propertySourceProperties = '{org.springframework.boot.test.context.SpringBootTestContextBootstrapper=true}', contextCustomizers = set[org.springframework.boot.test.autoconfigure.actuate.metrics.MetricsExportContextCustomizerFactory$DisableMetricExportContextCustomizer@30c93896, org.springframework.boot.test.autoconfigure.properties.PropertyMappingContextCustomizer@0, org.springframework.boot.test.autoconfigure.web.servlet.WebDriverContextCustomizerFactory$Customizer@558bdf1f, org.springframework.boot.test.context.filter.ExcludeFilterContextCustomizer@5f354bcf, org.springframework.boot.test.json.DuplicateJsonObjectContextCustomizerFactory$DuplicateJsonObjectContextCustomizer@4716be8b, org.springframework.boot.test.mock.mockito.MockitoContextCustomizer@0, org.springframework.boot.test.web.client.TestRestTemplateContextCustomizer@5ddf0d24, org.springframework.boot.test.web.reactive.server.WebTestClientContextCustomizer@3abada5a, org.springframework.boot.test.context.SpringBootTestArgs@1, org.springframework.boot.test.context.SpringBootTestWebEnvironment@69fb6037], resourceBasePath = 'src/main/webapp', contextLoader = 'org.springframework.boot.test.context.SpringBootContextLoader', parent = [null]], attributes = map['org.springframework.test.context.web.ServletTestExecutionListener.activateListener' -> true, 'org.springframework.test.context.web.ServletTestExecutionListener.populatedRequestContextHolder' -> true, 'org.springframework.test.context.web.ServletTestExecutionListener.resetRequestContextHolder' -> true, 'org.springframework.test.context.event.ApplicationEventsTestExecutionListener.recordApplicationEvents' -> false]]; transaction manager [org.springframework.orm.jpa.JpaTransactionManager@41e43885]; rollback [true]
2022-12-03 00:35:28.323  INFO 9787 --- [    Test worker] p6spy                                    : #1669995328323 | took 0ms | statement | connection 10| url jdbc:h2:mem:dfeda05c-1f6a-4d3b-ba08-2257fa02f659
select users0_.user_id as user_id1_4_, users0_.created_time as created_2_4_, users0_.email as email3_4_, users0_.modified_time as modified4_4_, users0_.nickname as nickname5_4_, users0_.password as password6_4_, users0_.image_id as image_id7_4_ from users users0_ where users0_.email=?
select users0_.user_id as user_id1_4_, users0_.created_time as created_2_4_, users0_.email as email3_4_, users0_.modified_time as modified4_4_, users0_.nickname as nickname5_4_, users0_.password as password6_4_, users0_.image_id as image_id7_4_ from users users0_ where users0_.email='testuser@gmail.com';
2022-12-03 00:35:28.326  INFO 9787 --- [    Test worker] p6spy                                    : #1669995328326 | took 0ms | statement | connection 10| url jdbc:h2:mem:dfeda05c-1f6a-4d3b-ba08-2257fa02f659
select users0_.user_id as user_id1_4_, users0_.created_time as created_2_4_, users0_.email as email3_4_, users0_.modified_time as modified4_4_, users0_.nickname as nickname5_4_, users0_.password as password6_4_, users0_.image_id as image_id7_4_ from users users0_ where users0_.nickname=?
select users0_.user_id as user_id1_4_, users0_.created_time as created_2_4_, users0_.email as email3_4_, users0_.modified_time as modified4_4_, users0_.nickname as nickname5_4_, users0_.password as password6_4_, users0_.image_id as image_id7_4_ from users users0_ where users0_.nickname='test_user';
2022-12-03 00:35:28.329  INFO 9787 --- [    Test worker] p6spy                                    : #1669995328329 | took 0ms | statement | connection 10| url jdbc:h2:mem:dfeda05c-1f6a-4d3b-ba08-2257fa02f659
insert into users (user_id, created_time, email, modified_time, nickname, password, image_id) values (default, ?, ?, ?, ?, ?, ?)
insert into users (user_id, created_time, email, modified_time, nickname, password, image_id) values (default, '2022-12-03T00:35:28.327+0900', 'testuser@gmail.com', '2022-12-03T00:35:28.327+0900', 'test_user', 'password', NULL);
2022-12-03 00:35:28.330  WARN 9787 --- [    Test worker] T.comeet.service.UserService             : [UserService:updatePreferStack] method init
2022-12-03 00:35:28.331  INFO 9787 --- [    Test worker] T.comeet.service.UserService             : [UserService:findUserById] find user with provided user id : 7
2022-12-03 00:35:28.331  WARN 9787 --- [    Test worker] T.c.repository.StackRelationRepository   : [StackRelationRepository:removeRelatedStacksByUser]method init
2022-12-03 00:35:28.335  INFO 9787 --- [    Test worker] p6spy                                    : #1669995328335 | took 0ms | statement | connection 10| url jdbc:h2:mem:dfeda05c-1f6a-4d3b-ba08-2257fa02f659
delete from stack_relation where user_id=?
delete from stack_relation where user_id=7;
2022-12-03 00:35:28.336  INFO 9787 --- [    Test worker] p6spy                                    : #1669995328336 | took 0ms | statement | connection 10| url jdbc:h2:mem:dfeda05c-1f6a-4d3b-ba08-2257fa02f659
call next value for hibernate_sequence
call next value for hibernate_sequence;
2022-12-03 00:35:28.337  INFO 9787 --- [    Test worker] p6spy                                    : #1669995328337 | took 0ms | statement | connection 10| url jdbc:h2:mem:dfeda05c-1f6a-4d3b-ba08-2257fa02f659
call next value for hibernate_sequence
call next value for hibernate_sequence;
2022-12-03 00:35:28.340  INFO 9787 --- [    Test worker] p6spy                                    : #1669995328340 | took 0ms | statement | connection 10| url jdbc:h2:mem:dfeda05c-1f6a-4d3b-ba08-2257fa02f659
insert into stack_relation (post_id, tech_stack, user_id, stack_relation_id) values (?, ?, ?, ?)
insert into stack_relation (post_id, tech_stack, user_id, stack_relation_id) values (NULL, 'R', 7, 15);
2022-12-03 00:35:28.342  INFO 9787 --- [    Test worker] p6spy                                    : #1669995328342 | took 0ms | statement | connection 10| url jdbc:h2:mem:dfeda05c-1f6a-4d3b-ba08-2257fa02f659
insert into stack_relation (post_id, tech_stack, user_id, stack_relation_id) values (?, ?, ?, ?)
insert into stack_relation (post_id, tech_stack, user_id, stack_relation_id) values (NULL, 'JAVA_SCRIPT', 7, 16);
2022-12-03 00:35:28.345  INFO 9787 --- [    Test worker] p6spy                                    : #1669995328345 | took 0ms | statement | connection 10| url jdbc:h2:mem:dfeda05c-1f6a-4d3b-ba08-2257fa02f659
update users set created_time=?, email=?, modified_time=?, nickname=?, password=?, image_id=? where user_id=?
update users set created_time='2022-12-03T00:35:28.327+0900', email='testuser@gmail.com', modified_time='2022-12-03T00:35:28.335+0900', nickname='test_user', password='password', image_id=NULL where user_id=7;
2022-12-03 00:35:28.348  WARN 9787 --- [    Test worker] T.comeet.service.UserService             : [UserService:updatePreferStack] updated 7's tech stack[R, JAVA_SCRIPT]
2022-12-03 00:35:28.353  INFO 9787 --- [    Test worker] p6spy                                    : #1669995328353 | took 0ms | statement | connection 10| url jdbc:h2:mem:dfeda05c-1f6a-4d3b-ba08-2257fa02f659
select stackrelat0_.stack_relation_id as stack_re1_3_, stackrelat0_.post_id as post_id3_3_, stackrelat0_.tech_stack as tech_sta2_3_, stackrelat0_.user_id as user_id4_3_ from stack_relation stackrelat0_ where stackrelat0_.user_id=?
select stackrelat0_.stack_relation_id as stack_re1_3_, stackrelat0_.post_id as post_id3_3_, stackrelat0_.tech_stack as tech_sta2_3_, stackrelat0_.user_id as user_id4_3_ from stack_relation stackrelat0_ where stackrelat0_.user_id=7;
2022-12-03 00:35:28.356  INFO 9787 --- [    Test worker] p6spy                                    : #1669995328356 | took 0ms | statement | connection 10| url jdbc:h2:mem:dfeda05c-1f6a-4d3b-ba08-2257fa02f659
select users0_.user_id as user_id1_4_0_, users0_.created_time as created_2_4_0_, users0_.email as email3_4_0_, users0_.modified_time as modified4_4_0_, users0_.nickname as nickname5_4_0_, users0_.password as password6_4_0_, users0_.image_id as image_id7_4_0_, imagedata1_.image_id as image_id1_1_1_, imagedata1_.file_name as file_nam2_1_1_, imagedata1_.file_type as file_typ3_1_1_, imagedata1_.image_data as image_da4_1_1_, imagedata1_.owner_user_id as owner_us5_1_1_, users2_.user_id as user_id1_4_2_, users2_.created_time as created_2_4_2_, users2_.email as email3_4_2_, users2_.modified_time as modified4_4_2_, users2_.nickname as nickname5_4_2_, users2_.password as password6_4_2_, users2_.image_id as image_id7_4_2_ from users users0_ left outer join image_data imagedata1_ on users0_.image_id=imagedata1_.image_id left outer join users users2_ on imagedata1_.owner_user_id=users2_.user_id where users0_.user_id=?
select users0_.user_id as user_id1_4_0_, users0_.created_time as created_2_4_0_, users0_.email as email3_4_0_, users0_.modified_time as modified4_4_0_, users0_.nickname as nickname5_4_0_, users0_.password as password6_4_0_, users0_.image_id as image_id7_4_0_, imagedata1_.image_id as image_id1_1_1_, imagedata1_.file_name as file_nam2_1_1_, imagedata1_.file_type as file_typ3_1_1_, imagedata1_.image_data as image_da4_1_1_, imagedata1_.owner_user_id as owner_us5_1_1_, users2_.user_id as user_id1_4_2_, users2_.created_time as created_2_4_2_, users2_.email as email3_4_2_, users2_.modified_time as modified4_4_2_, users2_.nickname as nickname5_4_2_, users2_.password as password6_4_2_, users2_.image_id as image_id7_4_2_ from users users0_ left outer join image_data imagedata1_ on users0_.image_id=imagedata1_.image_id left outer join users users2_ on imagedata1_.owner_user_id=users2_.user_id where users0_.user_id=7;
2022-12-03 00:35:28.358  INFO 9787 --- [    Test worker] Tamanegiseoul.comeet.UserServiceTest     : TechStack : R
2022-12-03 00:35:28.358  INFO 9787 --- [    Test worker] Tamanegiseoul.comeet.UserServiceTest     : TechStack : JAVA_SCRIPT
2022-12-03 00:35:28.364  INFO 9787 --- [    Test worker] p6spy                                    : #1669995328364 | took 0ms | rollback | connection 10| url jdbc:h2:mem:dfeda05c-1f6a-4d3b-ba08-2257fa02f659

;
2022-12-03 00:35:28.365  INFO 9787 --- [    Test worker] o.s.t.c.transaction.TransactionContext   : Rolled back transaction for test: [DefaultTestContext@49467fc6 testClass = UserServiceTest, testInstance = Tamanegiseoul.comeet.UserServiceTest@6f28a07e, testMethod = 기술스택_세팅@UserServiceTest, testException = [null], mergedContextConfiguration = [WebMergedContextConfiguration@44e19b99 testClass = UserServiceTest, locations = '{}', classes = '{class Tamanegiseoul.comeet.CoMeetApplication}', contextInitializerClasses = '[]', activeProfiles = '{}', propertySourceLocations = '{}', propertySourceProperties = '{org.springframework.boot.test.context.SpringBootTestContextBootstrapper=true}', contextCustomizers = set[org.springframework.boot.test.autoconfigure.actuate.metrics.MetricsExportContextCustomizerFactory$DisableMetricExportContextCustomizer@30c93896, org.springframework.boot.test.autoconfigure.properties.PropertyMappingContextCustomizer@0, org.springframework.boot.test.autoconfigure.web.servlet.WebDriverContextCustomizerFactory$Customizer@558bdf1f, org.springframework.boot.test.context.filter.ExcludeFilterContextCustomizer@5f354bcf, org.springframework.boot.test.json.DuplicateJsonObjectContextCustomizerFactory$DuplicateJsonObjectContextCustomizer@4716be8b, org.springframework.boot.test.mock.mockito.MockitoContextCustomizer@0, org.springframework.boot.test.web.client.TestRestTemplateContextCustomizer@5ddf0d24, org.springframework.boot.test.web.reactive.server.WebTestClientContextCustomizer@3abada5a, org.springframework.boot.test.context.SpringBootTestArgs@1, org.springframework.boot.test.context.SpringBootTestWebEnvironment@69fb6037], resourceBasePath = 'src/main/webapp', contextLoader = 'org.springframework.boot.test.context.SpringBootContextLoader', parent = [null]], attributes = map['org.springframework.test.context.web.ServletTestExecutionListener.activateListener' -> true, 'org.springframework.test.context.web.ServletTestExecutionListener.populatedRequestContextHolder' -> true, 'org.springframework.test.context.web.ServletTestExecutionListener.resetRequestContextHolder' -> true, 'org.springframework.test.context.event.ApplicationEventsTestExecutionListener.recordApplicationEvents' -> false]]
2022-12-03 00:35:28.371  INFO 9787 --- [    Test worker] o.s.t.c.transaction.TransactionContext   : Began transaction (1) for test context [DefaultTestContext@49467fc6 testClass = UserServiceTest, testInstance = Tamanegiseoul.comeet.UserServiceTest@6f7e5e11, testMethod = 기술스택_수정@UserServiceTest, testException = [null], mergedContextConfiguration = [WebMergedContextConfiguration@44e19b99 testClass = UserServiceTest, locations = '{}', classes = '{class Tamanegiseoul.comeet.CoMeetApplication}', contextInitializerClasses = '[]', activeProfiles = '{}', propertySourceLocations = '{}', propertySourceProperties = '{org.springframework.boot.test.context.SpringBootTestContextBootstrapper=true}', contextCustomizers = set[org.springframework.boot.test.autoconfigure.actuate.metrics.MetricsExportContextCustomizerFactory$DisableMetricExportContextCustomizer@30c93896, org.springframework.boot.test.autoconfigure.properties.PropertyMappingContextCustomizer@0, org.springframework.boot.test.autoconfigure.web.servlet.WebDriverContextCustomizerFactory$Customizer@558bdf1f, org.springframework.boot.test.context.filter.ExcludeFilterContextCustomizer@5f354bcf, org.springframework.boot.test.json.DuplicateJsonObjectContextCustomizerFactory$DuplicateJsonObjectContextCustomizer@4716be8b, org.springframework.boot.test.mock.mockito.MockitoContextCustomizer@0, org.springframework.boot.test.web.client.TestRestTemplateContextCustomizer@5ddf0d24, org.springframework.boot.test.web.reactive.server.WebTestClientContextCustomizer@3abada5a, org.springframework.boot.test.context.SpringBootTestArgs@1, org.springframework.boot.test.context.SpringBootTestWebEnvironment@69fb6037], resourceBasePath = 'src/main/webapp', contextLoader = 'org.springframework.boot.test.context.SpringBootContextLoader', parent = [null]], attributes = map['org.springframework.test.context.web.ServletTestExecutionListener.activateListener' -> true, 'org.springframework.test.context.web.ServletTestExecutionListener.populatedRequestContextHolder' -> true, 'org.springframework.test.context.web.ServletTestExecutionListener.resetRequestContextHolder' -> true, 'org.springframework.test.context.event.ApplicationEventsTestExecutionListener.recordApplicationEvents' -> false]]; transaction manager [org.springframework.orm.jpa.JpaTransactionManager@41e43885]; rollback [true]
2022-12-03 00:35:28.375  INFO 9787 --- [    Test worker] p6spy                                    : #1669995328375 | took 0ms | statement | connection 11| url jdbc:h2:mem:dfeda05c-1f6a-4d3b-ba08-2257fa02f659
select users0_.user_id as user_id1_4_, users0_.created_time as created_2_4_, users0_.email as email3_4_, users0_.modified_time as modified4_4_, users0_.nickname as nickname5_4_, users0_.password as password6_4_, users0_.image_id as image_id7_4_ from users users0_ where users0_.email=?
select users0_.user_id as user_id1_4_, users0_.created_time as created_2_4_, users0_.email as email3_4_, users0_.modified_time as modified4_4_, users0_.nickname as nickname5_4_, users0_.password as password6_4_, users0_.image_id as image_id7_4_ from users users0_ where users0_.email='woogie@gmail.com';
2022-12-03 00:35:28.377  INFO 9787 --- [    Test worker] p6spy                                    : #1669995328377 | took 0ms | statement | connection 11| url jdbc:h2:mem:dfeda05c-1f6a-4d3b-ba08-2257fa02f659
select users0_.user_id as user_id1_4_, users0_.created_time as created_2_4_, users0_.email as email3_4_, users0_.modified_time as modified4_4_, users0_.nickname as nickname5_4_, users0_.password as password6_4_, users0_.image_id as image_id7_4_ from users users0_ where users0_.nickname=?
select users0_.user_id as user_id1_4_, users0_.created_time as created_2_4_, users0_.email as email3_4_, users0_.modified_time as modified4_4_, users0_.nickname as nickname5_4_, users0_.password as password6_4_, users0_.image_id as image_id7_4_ from users users0_ where users0_.nickname='woogie';
2022-12-03 00:35:28.381  INFO 9787 --- [    Test worker] p6spy                                    : #1669995328381 | took 0ms | statement | connection 11| url jdbc:h2:mem:dfeda05c-1f6a-4d3b-ba08-2257fa02f659
insert into users (user_id, created_time, email, modified_time, nickname, password, image_id) values (default, ?, ?, ?, ?, ?, ?)
insert into users (user_id, created_time, email, modified_time, nickname, password, image_id) values (default, '2022-12-03T00:35:28.378+0900', 'woogie@gmail.com', '2022-12-03T00:35:28.378+0900', 'woogie', 'password', NULL);
2022-12-03 00:35:28.382  WARN 9787 --- [    Test worker] T.comeet.service.UserService             : [UserService:updatePreferStack] method init
2022-12-03 00:35:28.383  INFO 9787 --- [    Test worker] T.comeet.service.UserService             : [UserService:findUserById] find user with provided user id : 8
2022-12-03 00:35:28.383  WARN 9787 --- [    Test worker] T.c.repository.StackRelationRepository   : [StackRelationRepository:removeRelatedStacksByUser]method init
2022-12-03 00:35:28.385  INFO 9787 --- [    Test worker] p6spy                                    : #1669995328385 | took 0ms | statement | connection 11| url jdbc:h2:mem:dfeda05c-1f6a-4d3b-ba08-2257fa02f659
delete from stack_relation where user_id=?
delete from stack_relation where user_id=8;
2022-12-03 00:35:28.386  INFO 9787 --- [    Test worker] p6spy                                    : #1669995328386 | took 0ms | statement | connection 11| url jdbc:h2:mem:dfeda05c-1f6a-4d3b-ba08-2257fa02f659
call next value for hibernate_sequence
call next value for hibernate_sequence;
2022-12-03 00:35:28.387  INFO 9787 --- [    Test worker] p6spy                                    : #1669995328387 | took 0ms | statement | connection 11| url jdbc:h2:mem:dfeda05c-1f6a-4d3b-ba08-2257fa02f659
call next value for hibernate_sequence
call next value for hibernate_sequence;
2022-12-03 00:35:28.389  INFO 9787 --- [    Test worker] p6spy                                    : #1669995328389 | took 0ms | statement | connection 11| url jdbc:h2:mem:dfeda05c-1f6a-4d3b-ba08-2257fa02f659
insert into stack_relation (post_id, tech_stack, user_id, stack_relation_id) values (?, ?, ?, ?)
insert into stack_relation (post_id, tech_stack, user_id, stack_relation_id) values (NULL, 'R', 8, 17);
2022-12-03 00:35:28.390  INFO 9787 --- [    Test worker] p6spy                                    : #1669995328390 | took 0ms | statement | connection 11| url jdbc:h2:mem:dfeda05c-1f6a-4d3b-ba08-2257fa02f659
insert into stack_relation (post_id, tech_stack, user_id, stack_relation_id) values (?, ?, ?, ?)
insert into stack_relation (post_id, tech_stack, user_id, stack_relation_id) values (NULL, 'JAVA', 8, 18);
2022-12-03 00:35:28.392  INFO 9787 --- [    Test worker] p6spy                                    : #1669995328392 | took 0ms | statement | connection 11| url jdbc:h2:mem:dfeda05c-1f6a-4d3b-ba08-2257fa02f659
update users set created_time=?, email=?, modified_time=?, nickname=?, password=?, image_id=? where user_id=?
update users set created_time='2022-12-03T00:35:28.378+0900', email='woogie@gmail.com', modified_time='2022-12-03T00:35:28.385+0900', nickname='woogie', password='password', image_id=NULL where user_id=8;
2022-12-03 00:35:28.393  WARN 9787 --- [    Test worker] T.comeet.service.UserService             : [UserService:updatePreferStack] updated 8's tech stack[R, JAVA]
2022-12-03 00:35:28.393  WARN 9787 --- [    Test worker] T.comeet.service.UserService             : [UserService:updatePreferStack] method init
2022-12-03 00:35:28.396  INFO 9787 --- [    Test worker] p6spy                                    : #1669995328396 | took 0ms | statement | connection 11| url jdbc:h2:mem:dfeda05c-1f6a-4d3b-ba08-2257fa02f659
select users0_.user_id as user_id1_4_0_, users0_.created_time as created_2_4_0_, users0_.email as email3_4_0_, users0_.modified_time as modified4_4_0_, users0_.nickname as nickname5_4_0_, users0_.password as password6_4_0_, users0_.image_id as image_id7_4_0_, imagedata1_.image_id as image_id1_1_1_, imagedata1_.file_name as file_nam2_1_1_, imagedata1_.file_type as file_typ3_1_1_, imagedata1_.image_data as image_da4_1_1_, imagedata1_.owner_user_id as owner_us5_1_1_, users2_.user_id as user_id1_4_2_, users2_.created_time as created_2_4_2_, users2_.email as email3_4_2_, users2_.modified_time as modified4_4_2_, users2_.nickname as nickname5_4_2_, users2_.password as password6_4_2_, users2_.image_id as image_id7_4_2_ from users users0_ left outer join image_data imagedata1_ on users0_.image_id=imagedata1_.image_id left outer join users users2_ on imagedata1_.owner_user_id=users2_.user_id where users0_.user_id=?
select users0_.user_id as user_id1_4_0_, users0_.created_time as created_2_4_0_, users0_.email as email3_4_0_, users0_.modified_time as modified4_4_0_, users0_.nickname as nickname5_4_0_, users0_.password as password6_4_0_, users0_.image_id as image_id7_4_0_, imagedata1_.image_id as image_id1_1_1_, imagedata1_.file_name as file_nam2_1_1_, imagedata1_.file_type as file_typ3_1_1_, imagedata1_.image_data as image_da4_1_1_, imagedata1_.owner_user_id as owner_us5_1_1_, users2_.user_id as user_id1_4_2_, users2_.created_time as created_2_4_2_, users2_.email as email3_4_2_, users2_.modified_time as modified4_4_2_, users2_.nickname as nickname5_4_2_, users2_.password as password6_4_2_, users2_.image_id as image_id7_4_2_ from users users0_ left outer join image_data imagedata1_ on users0_.image_id=imagedata1_.image_id left outer join users users2_ on imagedata1_.owner_user_id=users2_.user_id where users0_.user_id=8;
2022-12-03 00:35:28.397  INFO 9787 --- [    Test worker] T.comeet.service.UserService             : [UserService:findUserById] find user with provided user id : 8
2022-12-03 00:35:28.398  WARN 9787 --- [    Test worker] T.c.repository.StackRelationRepository   : [StackRelationRepository:removeRelatedStacksByUser]method init
2022-12-03 00:35:28.399  INFO 9787 --- [    Test worker] p6spy                                    : #1669995328399 | took 0ms | statement | connection 11| url jdbc:h2:mem:dfeda05c-1f6a-4d3b-ba08-2257fa02f659
delete from stack_relation where user_id=?
delete from stack_relation where user_id=8;
2022-12-03 00:35:28.403  INFO 9787 --- [    Test worker] p6spy                                    : #1669995328403 | took 0ms | statement | connection 11| url jdbc:h2:mem:dfeda05c-1f6a-4d3b-ba08-2257fa02f659
call next value for hibernate_sequence
call next value for hibernate_sequence;
2022-12-03 00:35:28.404  INFO 9787 --- [    Test worker] p6spy                                    : #1669995328404 | took 0ms | statement | connection 11| url jdbc:h2:mem:dfeda05c-1f6a-4d3b-ba08-2257fa02f659
call next value for hibernate_sequence
call next value for hibernate_sequence;
2022-12-03 00:35:28.406  INFO 9787 --- [    Test worker] p6spy                                    : #1669995328406 | took 0ms | statement | connection 11| url jdbc:h2:mem:dfeda05c-1f6a-4d3b-ba08-2257fa02f659
insert into stack_relation (post_id, tech_stack, user_id, stack_relation_id) values (?, ?, ?, ?)
insert into stack_relation (post_id, tech_stack, user_id, stack_relation_id) values (NULL, 'JAVA_SCRIPT', 8, 19);
2022-12-03 00:35:28.408  INFO 9787 --- [    Test worker] p6spy                                    : #1669995328407 | took 0ms | statement | connection 11| url jdbc:h2:mem:dfeda05c-1f6a-4d3b-ba08-2257fa02f659
insert into stack_relation (post_id, tech_stack, user_id, stack_relation_id) values (?, ?, ?, ?)
insert into stack_relation (post_id, tech_stack, user_id, stack_relation_id) values (NULL, 'PYTHON', 8, 20);
2022-12-03 00:35:28.409  INFO 9787 --- [    Test worker] p6spy                                    : #1669995328409 | took 0ms | statement | connection 11| url jdbc:h2:mem:dfeda05c-1f6a-4d3b-ba08-2257fa02f659
update users set created_time=?, email=?, modified_time=?, nickname=?, password=?, image_id=? where user_id=?
update users set created_time='2022-12-03T00:35:28.378+0900', email='woogie@gmail.com', modified_time='2022-12-03T00:35:28.401+0900', nickname='woogie', password='password', image_id=NULL where user_id=8;
2022-12-03 00:35:28.410  WARN 9787 --- [    Test worker] T.comeet.service.UserService             : [UserService:updatePreferStack] updated 8's tech stack[JAVA_SCRIPT, PYTHON]
2022-12-03 00:35:28.412  INFO 9787 --- [    Test worker] p6spy                                    : #1669995328412 | took 0ms | statement | connection 11| url jdbc:h2:mem:dfeda05c-1f6a-4d3b-ba08-2257fa02f659
select stackrelat0_.stack_relation_id as stack_re1_3_, stackrelat0_.post_id as post_id3_3_, stackrelat0_.tech_stack as tech_sta2_3_, stackrelat0_.user_id as user_id4_3_ from stack_relation stackrelat0_ where stackrelat0_.user_id=?
select stackrelat0_.stack_relation_id as stack_re1_3_, stackrelat0_.post_id as post_id3_3_, stackrelat0_.tech_stack as tech_sta2_3_, stackrelat0_.user_id as user_id4_3_ from stack_relation stackrelat0_ where stackrelat0_.user_id=8;
2022-12-03 00:35:28.414  INFO 9787 --- [    Test worker] p6spy                                    : #1669995328414 | took 0ms | statement | connection 11| url jdbc:h2:mem:dfeda05c-1f6a-4d3b-ba08-2257fa02f659
select users0_.user_id as user_id1_4_0_, users0_.created_time as created_2_4_0_, users0_.email as email3_4_0_, users0_.modified_time as modified4_4_0_, users0_.nickname as nickname5_4_0_, users0_.password as password6_4_0_, users0_.image_id as image_id7_4_0_, imagedata1_.image_id as image_id1_1_1_, imagedata1_.file_name as file_nam2_1_1_, imagedata1_.file_type as file_typ3_1_1_, imagedata1_.image_data as image_da4_1_1_, imagedata1_.owner_user_id as owner_us5_1_1_, users2_.user_id as user_id1_4_2_, users2_.created_time as created_2_4_2_, users2_.email as email3_4_2_, users2_.modified_time as modified4_4_2_, users2_.nickname as nickname5_4_2_, users2_.password as password6_4_2_, users2_.image_id as image_id7_4_2_ from users users0_ left outer join image_data imagedata1_ on users0_.image_id=imagedata1_.image_id left outer join users users2_ on imagedata1_.owner_user_id=users2_.user_id where users0_.user_id=?
select users0_.user_id as user_id1_4_0_, users0_.created_time as created_2_4_0_, users0_.email as email3_4_0_, users0_.modified_time as modified4_4_0_, users0_.nickname as nickname5_4_0_, users0_.password as password6_4_0_, users0_.image_id as image_id7_4_0_, imagedata1_.image_id as image_id1_1_1_, imagedata1_.file_name as file_nam2_1_1_, imagedata1_.file_type as file_typ3_1_1_, imagedata1_.image_data as image_da4_1_1_, imagedata1_.owner_user_id as owner_us5_1_1_, users2_.user_id as user_id1_4_2_, users2_.created_time as created_2_4_2_, users2_.email as email3_4_2_, users2_.modified_time as modified4_4_2_, users2_.nickname as nickname5_4_2_, users2_.password as password6_4_2_, users2_.image_id as image_id7_4_2_ from users users0_ left outer join image_data imagedata1_ on users0_.image_id=imagedata1_.image_id left outer join users users2_ on imagedata1_.owner_user_id=users2_.user_id where users0_.user_id=8;
2022-12-03 00:35:28.416  INFO 9787 --- [    Test worker] Tamanegiseoul.comeet.UserServiceTest     : TechStack : JAVA_SCRIPT
2022-12-03 00:35:28.417  INFO 9787 --- [    Test worker] Tamanegiseoul.comeet.UserServiceTest     : TechStack : PYTHON
2022-12-03 00:35:28.423  INFO 9787 --- [    Test worker] p6spy                                    : #1669995328423 | took 1ms | rollback | connection 11| url jdbc:h2:mem:dfeda05c-1f6a-4d3b-ba08-2257fa02f659

;
2022-12-03 00:35:28.424  INFO 9787 --- [    Test worker] o.s.t.c.transaction.TransactionContext   : Rolled back transaction for test: [DefaultTestContext@49467fc6 testClass = UserServiceTest, testInstance = Tamanegiseoul.comeet.UserServiceTest@6f7e5e11, testMethod = 기술스택_수정@UserServiceTest, testException = [null], mergedContextConfiguration = [WebMergedContextConfiguration@44e19b99 testClass = UserServiceTest, locations = '{}', classes = '{class Tamanegiseoul.comeet.CoMeetApplication}', contextInitializerClasses = '[]', activeProfiles = '{}', propertySourceLocations = '{}', propertySourceProperties = '{org.springframework.boot.test.context.SpringBootTestContextBootstrapper=true}', contextCustomizers = set[org.springframework.boot.test.autoconfigure.actuate.metrics.MetricsExportContextCustomizerFactory$DisableMetricExportContextCustomizer@30c93896, org.springframework.boot.test.autoconfigure.properties.PropertyMappingContextCustomizer@0, org.springframework.boot.test.autoconfigure.web.servlet.WebDriverContextCustomizerFactory$Customizer@558bdf1f, org.springframework.boot.test.context.filter.ExcludeFilterContextCustomizer@5f354bcf, org.springframework.boot.test.json.DuplicateJsonObjectContextCustomizerFactory$DuplicateJsonObjectContextCustomizer@4716be8b, org.springframework.boot.test.mock.mockito.MockitoContextCustomizer@0, org.springframework.boot.test.web.client.TestRestTemplateContextCustomizer@5ddf0d24, org.springframework.boot.test.web.reactive.server.WebTestClientContextCustomizer@3abada5a, org.springframework.boot.test.context.SpringBootTestArgs@1, org.springframework.boot.test.context.SpringBootTestWebEnvironment@69fb6037], resourceBasePath = 'src/main/webapp', contextLoader = 'org.springframework.boot.test.context.SpringBootContextLoader', parent = [null]], attributes = map['org.springframework.test.context.web.ServletTestExecutionListener.activateListener' -> true, 'org.springframework.test.context.web.ServletTestExecutionListener.populatedRequestContextHolder' -> true, 'org.springframework.test.context.web.ServletTestExecutionListener.resetRequestContextHolder' -> true, 'org.springframework.test.context.event.ApplicationEventsTestExecutionListener.recordApplicationEvents' -> false]]
2022-12-03 00:35:28.430  INFO 9787 --- [    Test worker] o.s.t.c.transaction.TransactionContext   : Began transaction (1) for test context [DefaultTestContext@49467fc6 testClass = UserServiceTest, testInstance = Tamanegiseoul.comeet.UserServiceTest@79194b1c, testMethod = 단일_유저_생성@UserServiceTest, testException = [null], mergedContextConfiguration = [WebMergedContextConfiguration@44e19b99 testClass = UserServiceTest, locations = '{}', classes = '{class Tamanegiseoul.comeet.CoMeetApplication}', contextInitializerClasses = '[]', activeProfiles = '{}', propertySourceLocations = '{}', propertySourceProperties = '{org.springframework.boot.test.context.SpringBootTestContextBootstrapper=true}', contextCustomizers = set[org.springframework.boot.test.autoconfigure.actuate.metrics.MetricsExportContextCustomizerFactory$DisableMetricExportContextCustomizer@30c93896, org.springframework.boot.test.autoconfigure.properties.PropertyMappingContextCustomizer@0, org.springframework.boot.test.autoconfigure.web.servlet.WebDriverContextCustomizerFactory$Customizer@558bdf1f, org.springframework.boot.test.context.filter.ExcludeFilterContextCustomizer@5f354bcf, org.springframework.boot.test.json.DuplicateJsonObjectContextCustomizerFactory$DuplicateJsonObjectContextCustomizer@4716be8b, org.springframework.boot.test.mock.mockito.MockitoContextCustomizer@0, org.springframework.boot.test.web.client.TestRestTemplateContextCustomizer@5ddf0d24, org.springframework.boot.test.web.reactive.server.WebTestClientContextCustomizer@3abada5a, org.springframework.boot.test.context.SpringBootTestArgs@1, org.springframework.boot.test.context.SpringBootTestWebEnvironment@69fb6037], resourceBasePath = 'src/main/webapp', contextLoader = 'org.springframework.boot.test.context.SpringBootContextLoader', parent = [null]], attributes = map['org.springframework.test.context.web.ServletTestExecutionListener.activateListener' -> true, 'org.springframework.test.context.web.ServletTestExecutionListener.populatedRequestContextHolder' -> true, 'org.springframework.test.context.web.ServletTestExecutionListener.resetRequestContextHolder' -> true, 'org.springframework.test.context.event.ApplicationEventsTestExecutionListener.recordApplicationEvents' -> false]]; transaction manager [org.springframework.orm.jpa.JpaTransactionManager@41e43885]; rollback [true]
2022-12-03 00:35:28.435  INFO 9787 --- [    Test worker] p6spy                                    : #1669995328435 | took 0ms | statement | connection 12| url jdbc:h2:mem:dfeda05c-1f6a-4d3b-ba08-2257fa02f659
select users0_.user_id as user_id1_4_, users0_.created_time as created_2_4_, users0_.email as email3_4_, users0_.modified_time as modified4_4_, users0_.nickname as nickname5_4_, users0_.password as password6_4_, users0_.image_id as image_id7_4_ from users users0_ where users0_.email=?
select users0_.user_id as user_id1_4_, users0_.created_time as created_2_4_, users0_.email as email3_4_, users0_.modified_time as modified4_4_, users0_.nickname as nickname5_4_, users0_.password as password6_4_, users0_.image_id as image_id7_4_ from users users0_ where users0_.email='testuser@gmail.com';
2022-12-03 00:35:28.437  INFO 9787 --- [    Test worker] p6spy                                    : #1669995328437 | took 0ms | statement | connection 12| url jdbc:h2:mem:dfeda05c-1f6a-4d3b-ba08-2257fa02f659
select users0_.user_id as user_id1_4_, users0_.created_time as created_2_4_, users0_.email as email3_4_, users0_.modified_time as modified4_4_, users0_.nickname as nickname5_4_, users0_.password as password6_4_, users0_.image_id as image_id7_4_ from users users0_ where users0_.nickname=?
select users0_.user_id as user_id1_4_, users0_.created_time as created_2_4_, users0_.email as email3_4_, users0_.modified_time as modified4_4_, users0_.nickname as nickname5_4_, users0_.password as password6_4_, users0_.image_id as image_id7_4_ from users users0_ where users0_.nickname='test_user';
2022-12-03 00:35:28.441  INFO 9787 --- [    Test worker] p6spy                                    : #1669995328441 | took 0ms | statement | connection 12| url jdbc:h2:mem:dfeda05c-1f6a-4d3b-ba08-2257fa02f659
insert into users (user_id, created_time, email, modified_time, nickname, password, image_id) values (default, ?, ?, ?, ?, ?, ?)
insert into users (user_id, created_time, email, modified_time, nickname, password, image_id) values (default, '2022-12-03T00:35:28.437+0900', 'testuser@gmail.com', '2022-12-03T00:35:28.437+0900', 'test_user', 'password', NULL);
2022-12-03 00:35:28.443  INFO 9787 --- [    Test worker] p6spy                                    : #1669995328443 | took 0ms | statement | connection 12| url jdbc:h2:mem:dfeda05c-1f6a-4d3b-ba08-2257fa02f659
select users0_.user_id as user_id1_4_, users0_.created_time as created_2_4_, users0_.email as email3_4_, users0_.modified_time as modified4_4_, users0_.nickname as nickname5_4_, users0_.password as password6_4_, users0_.image_id as image_id7_4_ from users users0_ where users0_.nickname=?
select users0_.user_id as user_id1_4_, users0_.created_time as created_2_4_, users0_.email as email3_4_, users0_.modified_time as modified4_4_, users0_.nickname as nickname5_4_, users0_.password as password6_4_, users0_.image_id as image_id7_4_ from users users0_ where users0_.nickname='test_user';
2022-12-03 00:35:28.448  INFO 9787 --- [    Test worker] p6spy                                    : #1669995328448 | took 0ms | rollback | connection 12| url jdbc:h2:mem:dfeda05c-1f6a-4d3b-ba08-2257fa02f659

;
2022-12-03 00:35:28.449  INFO 9787 --- [    Test worker] o.s.t.c.transaction.TransactionContext   : Rolled back transaction for test: [DefaultTestContext@49467fc6 testClass = UserServiceTest, testInstance = Tamanegiseoul.comeet.UserServiceTest@79194b1c, testMethod = 단일_유저_생성@UserServiceTest, testException = [null], mergedContextConfiguration = [WebMergedContextConfiguration@44e19b99 testClass = UserServiceTest, locations = '{}', classes = '{class Tamanegiseoul.comeet.CoMeetApplication}', contextInitializerClasses = '[]', activeProfiles = '{}', propertySourceLocations = '{}', propertySourceProperties = '{org.springframework.boot.test.context.SpringBootTestContextBootstrapper=true}', contextCustomizers = set[org.springframework.boot.test.autoconfigure.actuate.metrics.MetricsExportContextCustomizerFactory$DisableMetricExportContextCustomizer@30c93896, org.springframework.boot.test.autoconfigure.properties.PropertyMappingContextCustomizer@0, org.springframework.boot.test.autoconfigure.web.servlet.WebDriverContextCustomizerFactory$Customizer@558bdf1f, org.springframework.boot.test.context.filter.ExcludeFilterContextCustomizer@5f354bcf, org.springframework.boot.test.json.DuplicateJsonObjectContextCustomizerFactory$DuplicateJsonObjectContextCustomizer@4716be8b, org.springframework.boot.test.mock.mockito.MockitoContextCustomizer@0, org.springframework.boot.test.web.client.TestRestTemplateContextCustomizer@5ddf0d24, org.springframework.boot.test.web.reactive.server.WebTestClientContextCustomizer@3abada5a, org.springframework.boot.test.context.SpringBootTestArgs@1, org.springframework.boot.test.context.SpringBootTestWebEnvironment@69fb6037], resourceBasePath = 'src/main/webapp', contextLoader = 'org.springframework.boot.test.context.SpringBootContextLoader', parent = [null]], attributes = map['org.springframework.test.context.web.ServletTestExecutionListener.activateListener' -> true, 'org.springframework.test.context.web.ServletTestExecutionListener.populatedRequestContextHolder' -> true, 'org.springframework.test.context.web.ServletTestExecutionListener.resetRequestContextHolder' -> true, 'org.springframework.test.context.event.ApplicationEventsTestExecutionListener.recordApplicationEvents' -> false]]
2022-12-03 00:35:28.455  INFO 9787 --- [    Test worker] o.s.t.c.transaction.TransactionContext   : Began transaction (1) for test context [DefaultTestContext@49467fc6 testClass = UserServiceTest, testInstance = Tamanegiseoul.comeet.UserServiceTest@57f9f387, testMethod = 유저_삭제@UserServiceTest, testException = [null], mergedContextConfiguration = [WebMergedContextConfiguration@44e19b99 testClass = UserServiceTest, locations = '{}', classes = '{class Tamanegiseoul.comeet.CoMeetApplication}', contextInitializerClasses = '[]', activeProfiles = '{}', propertySourceLocations = '{}', propertySourceProperties = '{org.springframework.boot.test.context.SpringBootTestContextBootstrapper=true}', contextCustomizers = set[org.springframework.boot.test.autoconfigure.actuate.metrics.MetricsExportContextCustomizerFactory$DisableMetricExportContextCustomizer@30c93896, org.springframework.boot.test.autoconfigure.properties.PropertyMappingContextCustomizer@0, org.springframework.boot.test.autoconfigure.web.servlet.WebDriverContextCustomizerFactory$Customizer@558bdf1f, org.springframework.boot.test.context.filter.ExcludeFilterContextCustomizer@5f354bcf, org.springframework.boot.test.json.DuplicateJsonObjectContextCustomizerFactory$DuplicateJsonObjectContextCustomizer@4716be8b, org.springframework.boot.test.mock.mockito.MockitoContextCustomizer@0, org.springframework.boot.test.web.client.TestRestTemplateContextCustomizer@5ddf0d24, org.springframework.boot.test.web.reactive.server.WebTestClientContextCustomizer@3abada5a, org.springframework.boot.test.context.SpringBootTestArgs@1, org.springframework.boot.test.context.SpringBootTestWebEnvironment@69fb6037], resourceBasePath = 'src/main/webapp', contextLoader = 'org.springframework.boot.test.context.SpringBootContextLoader', parent = [null]], attributes = map['org.springframework.test.context.web.ServletTestExecutionListener.activateListener' -> true, 'org.springframework.test.context.web.ServletTestExecutionListener.populatedRequestContextHolder' -> true, 'org.springframework.test.context.web.ServletTestExecutionListener.resetRequestContextHolder' -> true, 'org.springframework.test.context.event.ApplicationEventsTestExecutionListener.recordApplicationEvents' -> false]]; transaction manager [org.springframework.orm.jpa.JpaTransactionManager@41e43885]; rollback [true]
2022-12-03 00:35:28.459  INFO 9787 --- [    Test worker] p6spy                                    : #1669995328459 | took 0ms | statement | connection 13| url jdbc:h2:mem:dfeda05c-1f6a-4d3b-ba08-2257fa02f659
select users0_.user_id as user_id1_4_, users0_.created_time as created_2_4_, users0_.email as email3_4_, users0_.modified_time as modified4_4_, users0_.nickname as nickname5_4_, users0_.password as password6_4_, users0_.image_id as image_id7_4_ from users users0_ where users0_.email=?
select users0_.user_id as user_id1_4_, users0_.created_time as created_2_4_, users0_.email as email3_4_, users0_.modified_time as modified4_4_, users0_.nickname as nickname5_4_, users0_.password as password6_4_, users0_.image_id as image_id7_4_ from users users0_ where users0_.email='testuser@gmail.com';
2022-12-03 00:35:28.461  INFO 9787 --- [    Test worker] p6spy                                    : #1669995328461 | took 0ms | statement | connection 13| url jdbc:h2:mem:dfeda05c-1f6a-4d3b-ba08-2257fa02f659
select users0_.user_id as user_id1_4_, users0_.created_time as created_2_4_, users0_.email as email3_4_, users0_.modified_time as modified4_4_, users0_.nickname as nickname5_4_, users0_.password as password6_4_, users0_.image_id as image_id7_4_ from users users0_ where users0_.nickname=?
select users0_.user_id as user_id1_4_, users0_.created_time as created_2_4_, users0_.email as email3_4_, users0_.modified_time as modified4_4_, users0_.nickname as nickname5_4_, users0_.password as password6_4_, users0_.image_id as image_id7_4_ from users users0_ where users0_.nickname='test_user';
2022-12-03 00:35:28.464  INFO 9787 --- [    Test worker] p6spy                                    : #1669995328464 | took 0ms | statement | connection 13| url jdbc:h2:mem:dfeda05c-1f6a-4d3b-ba08-2257fa02f659
insert into users (user_id, created_time, email, modified_time, nickname, password, image_id) values (default, ?, ?, ?, ?, ?, ?)
insert into users (user_id, created_time, email, modified_time, nickname, password, image_id) values (default, '2022-12-03T00:35:28.462+0900', 'testuser@gmail.com', '2022-12-03T00:35:28.462+0900', 'test_user', 'password', NULL);
2022-12-03 00:35:28.465  WARN 9787 --- [    Test worker] T.comeet.service.UserService             : [UserService:updatePreferStack] method init
2022-12-03 00:35:28.465  INFO 9787 --- [    Test worker] T.comeet.service.UserService             : [UserService:findUserById] find user with provided user id : 10
2022-12-03 00:35:28.465  WARN 9787 --- [    Test worker] T.c.repository.StackRelationRepository   : [StackRelationRepository:removeRelatedStacksByUser]method init
2022-12-03 00:35:28.467  INFO 9787 --- [    Test worker] p6spy                                    : #1669995328467 | took 0ms | statement | connection 13| url jdbc:h2:mem:dfeda05c-1f6a-4d3b-ba08-2257fa02f659
delete from stack_relation where user_id=?
delete from stack_relation where user_id=10;
2022-12-03 00:35:28.468  INFO 9787 --- [    Test worker] p6spy                                    : #1669995328468 | took 0ms | statement | connection 13| url jdbc:h2:mem:dfeda05c-1f6a-4d3b-ba08-2257fa02f659
call next value for hibernate_sequence
call next value for hibernate_sequence;
2022-12-03 00:35:28.469  INFO 9787 --- [    Test worker] p6spy                                    : #1669995328469 | took 0ms | statement | connection 13| url jdbc:h2:mem:dfeda05c-1f6a-4d3b-ba08-2257fa02f659
call next value for hibernate_sequence
call next value for hibernate_sequence;
2022-12-03 00:35:28.471  INFO 9787 --- [    Test worker] p6spy                                    : #1669995328471 | took 0ms | statement | connection 13| url jdbc:h2:mem:dfeda05c-1f6a-4d3b-ba08-2257fa02f659
insert into stack_relation (post_id, tech_stack, user_id, stack_relation_id) values (?, ?, ?, ?)
insert into stack_relation (post_id, tech_stack, user_id, stack_relation_id) values (NULL, 'R', 10, 21);
2022-12-03 00:35:28.472  INFO 9787 --- [    Test worker] p6spy                                    : #1669995328472 | took 0ms | statement | connection 13| url jdbc:h2:mem:dfeda05c-1f6a-4d3b-ba08-2257fa02f659
insert into stack_relation (post_id, tech_stack, user_id, stack_relation_id) values (?, ?, ?, ?)
insert into stack_relation (post_id, tech_stack, user_id, stack_relation_id) values (NULL, 'JAVA', 10, 22);
2022-12-03 00:35:28.474  INFO 9787 --- [    Test worker] p6spy                                    : #1669995328474 | took 0ms | statement | connection 13| url jdbc:h2:mem:dfeda05c-1f6a-4d3b-ba08-2257fa02f659
update users set created_time=?, email=?, modified_time=?, nickname=?, password=?, image_id=? where user_id=?
update users set created_time='2022-12-03T00:35:28.462+0900', email='testuser@gmail.com', modified_time='2022-12-03T00:35:28.467+0900', nickname='test_user', password='password', image_id=NULL where user_id=10;
2022-12-03 00:35:28.475  WARN 9787 --- [    Test worker] T.comeet.service.UserService             : [UserService:updatePreferStack] updated 10's tech stack[R, JAVA]
2022-12-03 00:35:28.475  INFO 9787 --- [    Test worker] T.comeet.service.PostService             : [PostService:registerPost] register method init
2022-12-03 00:35:28.475  INFO 9787 --- [    Test worker] p6spy                                    : #1669995328475 | took 0ms | statement | connection 13| url jdbc:h2:mem:dfeda05c-1f6a-4d3b-ba08-2257fa02f659
call next value for hibernate_sequence
call next value for hibernate_sequence;
2022-12-03 00:35:28.476  INFO 9787 --- [    Test worker] T.comeet.service.PostService             : [PostService:registerPost] successfully registered
2022-12-03 00:35:28.480  INFO 9787 --- [    Test worker] p6spy                                    : #1669995328480 | took 0ms | statement | connection 13| url jdbc:h2:mem:dfeda05c-1f6a-4d3b-ba08-2257fa02f659
select users0_.user_id as user_id1_4_0_, users0_.created_time as created_2_4_0_, users0_.email as email3_4_0_, users0_.modified_time as modified4_4_0_, users0_.nickname as nickname5_4_0_, users0_.password as password6_4_0_, users0_.image_id as image_id7_4_0_, imagedata1_.image_id as image_id1_1_1_, imagedata1_.file_name as file_nam2_1_1_, imagedata1_.file_type as file_typ3_1_1_, imagedata1_.image_data as image_da4_1_1_, imagedata1_.owner_user_id as owner_us5_1_1_, users2_.user_id as user_id1_4_2_, users2_.created_time as created_2_4_2_, users2_.email as email3_4_2_, users2_.modified_time as modified4_4_2_, users2_.nickname as nickname5_4_2_, users2_.password as password6_4_2_, users2_.image_id as image_id7_4_2_ from users users0_ left outer join image_data imagedata1_ on users0_.image_id=imagedata1_.image_id left outer join users users2_ on imagedata1_.owner_user_id=users2_.user_id where users0_.user_id=?
select users0_.user_id as user_id1_4_0_, users0_.created_time as created_2_4_0_, users0_.email as email3_4_0_, users0_.modified_time as modified4_4_0_, users0_.nickname as nickname5_4_0_, users0_.password as password6_4_0_, users0_.image_id as image_id7_4_0_, imagedata1_.image_id as image_id1_1_1_, imagedata1_.file_name as file_nam2_1_1_, imagedata1_.file_type as file_typ3_1_1_, imagedata1_.image_data as image_da4_1_1_, imagedata1_.owner_user_id as owner_us5_1_1_, users2_.user_id as user_id1_4_2_, users2_.created_time as created_2_4_2_, users2_.email as email3_4_2_, users2_.modified_time as modified4_4_2_, users2_.nickname as nickname5_4_2_, users2_.password as password6_4_2_, users2_.image_id as image_id7_4_2_ from users users0_ left outer join image_data imagedata1_ on users0_.image_id=imagedata1_.image_id left outer join users users2_ on imagedata1_.owner_user_id=users2_.user_id where users0_.user_id=10;
2022-12-03 00:35:28.484  INFO 9787 --- [    Test worker] T.comeet.service.UserService             : [UserService:findUserById] find user with provided user id : 10
2022-12-03 00:35:28.484  WARN 9787 --- [    Test worker] T.c.repository.StackRelationRepository   : [StackRelationRepository:removeRelatedStacksByUser]method init
2022-12-03 00:35:28.485  INFO 9787 --- [    Test worker] p6spy                                    : #1669995328485 | took 0ms | statement | connection 13| url jdbc:h2:mem:dfeda05c-1f6a-4d3b-ba08-2257fa02f659
call next value for hibernate_sequence
call next value for hibernate_sequence;
2022-12-03 00:35:28.486  INFO 9787 --- [    Test worker] p6spy                                    : #1669995328486 | took 0ms | statement | connection 13| url jdbc:h2:mem:dfeda05c-1f6a-4d3b-ba08-2257fa02f659
call next value for hibernate_sequence
call next value for hibernate_sequence;
2022-12-03 00:35:28.491  INFO 9787 --- [    Test worker] p6spy                                    : #1669995328491 | took 0ms | statement | connection 13| url jdbc:h2:mem:dfeda05c-1f6a-4d3b-ba08-2257fa02f659
insert into post (contact, contact_type, content, created_time, expected_term, hits, modified_time, user_id, recruit_capacity, recruit_status, remote, start_date, title, post_id) values (?, ?, ?, ?, ?, ?, ?, ?, ?, ?, ?, ?, ?, ?)
insert into post (contact, contact_type, content, created_time, expected_term, hits, modified_time, user_id, recruit_capacity, recruit_status, remote, start_date, title, post_id) values ('93jpark@gmail.com', 'POSTER_EMAIL', '빈 내용', '2022-12-03T00:35:28.475+0900', 14, 0, '2022-12-03T00:35:28.475+0900', 10, 4, 'RECRUIT', NULL, '2022-10-23T00:00:00.000+0900', '이것은 새로운 포스트입니다.', 23);
2022-12-03 00:35:28.493  INFO 9787 --- [    Test worker] p6spy                                    : #1669995328493 | took 0ms | statement | connection 13| url jdbc:h2:mem:dfeda05c-1f6a-4d3b-ba08-2257fa02f659
insert into stack_relation (post_id, tech_stack, user_id, stack_relation_id) values (?, ?, ?, ?)
insert into stack_relation (post_id, tech_stack, user_id, stack_relation_id) values (23, 'JAVA', NULL, 24);
2022-12-03 00:35:28.494  INFO 9787 --- [    Test worker] p6spy                                    : #1669995328494 | took 0ms | statement | connection 13| url jdbc:h2:mem:dfeda05c-1f6a-4d3b-ba08-2257fa02f659
insert into stack_relation (post_id, tech_stack, user_id, stack_relation_id) values (?, ?, ?, ?)
insert into stack_relation (post_id, tech_stack, user_id, stack_relation_id) values (23, 'SPRING', NULL, 25);
2022-12-03 00:35:28.497  INFO 9787 --- [    Test worker] p6spy                                    : #1669995328497 | took 0ms | statement | connection 13| url jdbc:h2:mem:dfeda05c-1f6a-4d3b-ba08-2257fa02f659
update post set contact=?, contact_type=?, content=?, created_time=?, expected_term=?, hits=?, modified_time=?, user_id=?, recruit_capacity=?, recruit_status=?, remote=?, start_date=?, title=? where post_id=?
update post set contact='93jpark@gmail.com', contact_type='POSTER_EMAIL', content='빈 내용', created_time='2022-12-03T00:35:28.476+0900', expected_term=14, hits=0, modified_time='2022-12-03T00:35:28.476+0900', user_id=10, recruit_capacity=4, recruit_status='RECRUIT', remote=NULL, start_date='2022-10-23T00:00:00.000+0900', title='이것은 새로운 포스트입니다.' where post_id=23;
2022-12-03 00:35:28.498  INFO 9787 --- [    Test worker] p6spy                                    : #1669995328498 | took 0ms | statement | connection 13| url jdbc:h2:mem:dfeda05c-1f6a-4d3b-ba08-2257fa02f659
delete from stack_relation where user_id=?
delete from stack_relation where user_id=10;
2022-12-03 00:35:28.503  INFO 9787 --- [    Test worker] p6spy                                    : #1669995328503 | took 0ms | statement | connection 13| url jdbc:h2:mem:dfeda05c-1f6a-4d3b-ba08-2257fa02f659
delete from comment where user_id=?
delete from comment where user_id=10;
2022-12-03 00:35:28.513  INFO 9787 --- [    Test worker] p6spy                                    : #1669995328513 | took 0ms | statement | connection 13| url jdbc:h2:mem:dfeda05c-1f6a-4d3b-ba08-2257fa02f659
delete from image_data where owner_user_id=?
delete from image_data where owner_user_id=10;
2022-12-03 00:35:28.517  INFO 9787 --- [    Test worker] p6spy                                    : #1669995328517 | took 0ms | statement | connection 13| url jdbc:h2:mem:dfeda05c-1f6a-4d3b-ba08-2257fa02f659
select posts0_.post_id as post_id1_2_, posts0_.contact as contact2_2_, posts0_.contact_type as contact_3_2_, posts0_.content as content4_2_, posts0_.created_time as created_5_2_, posts0_.expected_term as expected6_2_, posts0_.hits as hits7_2_, posts0_.modified_time as modified8_2_, posts0_.user_id as user_id14_2_, posts0_.recruit_capacity as recruit_9_2_, posts0_.recruit_status as recruit10_2_, posts0_.remote as remote11_2_, posts0_.start_date as start_d12_2_, posts0_.title as title13_2_ from post posts0_ where posts0_.user_id=?
select posts0_.post_id as post_id1_2_, posts0_.contact as contact2_2_, posts0_.contact_type as contact_3_2_, posts0_.content as content4_2_, posts0_.created_time as created_5_2_, posts0_.expected_term as expected6_2_, posts0_.hits as hits7_2_, posts0_.modified_time as modified8_2_, posts0_.user_id as user_id14_2_, posts0_.recruit_capacity as recruit_9_2_, posts0_.recruit_status as recruit10_2_, posts0_.remote as remote11_2_, posts0_.start_date as start_d12_2_, posts0_.title as title13_2_ from post posts0_ where posts0_.user_id=10;
2022-12-03 00:35:28.521  INFO 9787 --- [    Test worker] p6spy                                    : #1669995328520 | took 0ms | statement | connection 13| url jdbc:h2:mem:dfeda05c-1f6a-4d3b-ba08-2257fa02f659
delete from stack_relation where post_id=?
delete from stack_relation where post_id=23;
2022-12-03 00:35:28.525  INFO 9787 --- [    Test worker] p6spy                                    : #1669995328525 | took 0ms | statement | connection 13| url jdbc:h2:mem:dfeda05c-1f6a-4d3b-ba08-2257fa02f659
delete from comment where post_id=?
delete from comment where post_id=23;
2022-12-03 00:35:28.531  INFO 9787 --- [    Test worker] p6spy                                    : #1669995328531 | took 0ms | statement | connection 13| url jdbc:h2:mem:dfeda05c-1f6a-4d3b-ba08-2257fa02f659
delete from post where user_id=?
delete from post where user_id=10;
2022-12-03 00:35:28.534  INFO 9787 --- [    Test worker] p6spy                                    : #1669995328534 | took 0ms | statement | connection 13| url jdbc:h2:mem:dfeda05c-1f6a-4d3b-ba08-2257fa02f659
delete from users where user_id=?
delete from users where user_id=10;
2022-12-03 00:35:28.534  INFO 9787 --- [    Test worker] Tamanegiseoul.comeet.UserServiceTest     : query executed for 1 times
2022-12-03 00:35:28.537  INFO 9787 --- [    Test worker] p6spy                                    : #1669995328537 | took 0ms | statement | connection 13| url jdbc:h2:mem:dfeda05c-1f6a-4d3b-ba08-2257fa02f659
select users0_.user_id as user_id1_4_0_, users0_.created_time as created_2_4_0_, users0_.email as email3_4_0_, users0_.modified_time as modified4_4_0_, users0_.nickname as nickname5_4_0_, users0_.password as password6_4_0_, users0_.image_id as image_id7_4_0_, imagedata1_.image_id as image_id1_1_1_, imagedata1_.file_name as file_nam2_1_1_, imagedata1_.file_type as file_typ3_1_1_, imagedata1_.image_data as image_da4_1_1_, imagedata1_.owner_user_id as owner_us5_1_1_, users2_.user_id as user_id1_4_2_, users2_.created_time as created_2_4_2_, users2_.email as email3_4_2_, users2_.modified_time as modified4_4_2_, users2_.nickname as nickname5_4_2_, users2_.password as password6_4_2_, users2_.image_id as image_id7_4_2_ from users users0_ left outer join image_data imagedata1_ on users0_.image_id=imagedata1_.image_id left outer join users users2_ on imagedata1_.owner_user_id=users2_.user_id where users0_.user_id=?
select users0_.user_id as user_id1_4_0_, users0_.created_time as created_2_4_0_, users0_.email as email3_4_0_, users0_.modified_time as modified4_4_0_, users0_.nickname as nickname5_4_0_, users0_.password as password6_4_0_, users0_.image_id as image_id7_4_0_, imagedata1_.image_id as image_id1_1_1_, imagedata1_.file_name as file_nam2_1_1_, imagedata1_.file_type as file_typ3_1_1_, imagedata1_.image_data as image_da4_1_1_, imagedata1_.owner_user_id as owner_us5_1_1_, users2_.user_id as user_id1_4_2_, users2_.created_time as created_2_4_2_, users2_.email as email3_4_2_, users2_.modified_time as modified4_4_2_, users2_.nickname as nickname5_4_2_, users2_.password as password6_4_2_, users2_.image_id as image_id7_4_2_ from users users0_ left outer join image_data imagedata1_ on users0_.image_id=imagedata1_.image_id left outer join users users2_ on imagedata1_.owner_user_id=users2_.user_id where users0_.user_id=10;
2022-12-03 00:35:28.537  INFO 9787 --- [    Test worker] T.comeet.service.UserService             : [UserService:findUserById] THE RESULT OF FIND ONE is NULL 
2022-12-03 00:35:28.547  INFO 9787 --- [    Test worker] p6spy                                    : #1669995328547 | took 3ms | rollback | connection 13| url jdbc:h2:mem:dfeda05c-1f6a-4d3b-ba08-2257fa02f659

;
2022-12-03 00:35:28.548  INFO 9787 --- [    Test worker] o.s.t.c.transaction.TransactionContext   : Rolled back transaction for test: [DefaultTestContext@49467fc6 testClass = UserServiceTest, testInstance = Tamanegiseoul.comeet.UserServiceTest@57f9f387, testMethod = 유저_삭제@UserServiceTest, testException = [null], mergedContextConfiguration = [WebMergedContextConfiguration@44e19b99 testClass = UserServiceTest, locations = '{}', classes = '{class Tamanegiseoul.comeet.CoMeetApplication}', contextInitializerClasses = '[]', activeProfiles = '{}', propertySourceLocations = '{}', propertySourceProperties = '{org.springframework.boot.test.context.SpringBootTestContextBootstrapper=true}', contextCustomizers = set[org.springframework.boot.test.autoconfigure.actuate.metrics.MetricsExportContextCustomizerFactory$DisableMetricExportContextCustomizer@30c93896, org.springframework.boot.test.autoconfigure.properties.PropertyMappingContextCustomizer@0, org.springframework.boot.test.autoconfigure.web.servlet.WebDriverContextCustomizerFactory$Customizer@558bdf1f, org.springframework.boot.test.context.filter.ExcludeFilterContextCustomizer@5f354bcf, org.springframework.boot.test.json.DuplicateJsonObjectContextCustomizerFactory$DuplicateJsonObjectContextCustomizer@4716be8b, org.springframework.boot.test.mock.mockito.MockitoContextCustomizer@0, org.springframework.boot.test.web.client.TestRestTemplateContextCustomizer@5ddf0d24, org.springframework.boot.test.web.reactive.server.WebTestClientContextCustomizer@3abada5a, org.springframework.boot.test.context.SpringBootTestArgs@1, org.springframework.boot.test.context.SpringBootTestWebEnvironment@69fb6037], resourceBasePath = 'src/main/webapp', contextLoader = 'org.springframework.boot.test.context.SpringBootContextLoader', parent = [null]], attributes = map['org.springframework.test.context.web.ServletTestExecutionListener.activateListener' -> true, 'org.springframework.test.context.web.ServletTestExecutionListener.populatedRequestContextHolder' -> true, 'org.springframework.test.context.web.ServletTestExecutionListener.resetRequestContextHolder' -> true, 'org.springframework.test.context.event.ApplicationEventsTestExecutionListener.recordApplicationEvents' -> false]]
2022-12-03 00:35:28.553  INFO 9787 --- [    Test worker] o.s.t.c.transaction.TransactionContext   : Began transaction (1) for test context [DefaultTestContext@49467fc6 testClass = UserServiceTest, testInstance = Tamanegiseoul.comeet.UserServiceTest@6f749a1f, testMethod = 유저_이메일_중복검사@UserServiceTest, testException = [null], mergedContextConfiguration = [WebMergedContextConfiguration@44e19b99 testClass = UserServiceTest, locations = '{}', classes = '{class Tamanegiseoul.comeet.CoMeetApplication}', contextInitializerClasses = '[]', activeProfiles = '{}', propertySourceLocations = '{}', propertySourceProperties = '{org.springframework.boot.test.context.SpringBootTestContextBootstrapper=true}', contextCustomizers = set[org.springframework.boot.test.autoconfigure.actuate.metrics.MetricsExportContextCustomizerFactory$DisableMetricExportContextCustomizer@30c93896, org.springframework.boot.test.autoconfigure.properties.PropertyMappingContextCustomizer@0, org.springframework.boot.test.autoconfigure.web.servlet.WebDriverContextCustomizerFactory$Customizer@558bdf1f, org.springframework.boot.test.context.filter.ExcludeFilterContextCustomizer@5f354bcf, org.springframework.boot.test.json.DuplicateJsonObjectContextCustomizerFactory$DuplicateJsonObjectContextCustomizer@4716be8b, org.springframework.boot.test.mock.mockito.MockitoContextCustomizer@0, org.springframework.boot.test.web.client.TestRestTemplateContextCustomizer@5ddf0d24, org.springframework.boot.test.web.reactive.server.WebTestClientContextCustomizer@3abada5a, org.springframework.boot.test.context.SpringBootTestArgs@1, org.springframework.boot.test.context.SpringBootTestWebEnvironment@69fb6037], resourceBasePath = 'src/main/webapp', contextLoader = 'org.springframework.boot.test.context.SpringBootContextLoader', parent = [null]], attributes = map['org.springframework.test.context.web.ServletTestExecutionListener.activateListener' -> true, 'org.springframework.test.context.web.ServletTestExecutionListener.populatedRequestContextHolder' -> true, 'org.springframework.test.context.web.ServletTestExecutionListener.resetRequestContextHolder' -> true, 'org.springframework.test.context.event.ApplicationEventsTestExecutionListener.recordApplicationEvents' -> false]]; transaction manager [org.springframework.orm.jpa.JpaTransactionManager@41e43885]; rollback [true]
2022-12-03 00:35:28.556  INFO 9787 --- [    Test worker] p6spy                                    : #1669995328556 | took 0ms | statement | connection 14| url jdbc:h2:mem:dfeda05c-1f6a-4d3b-ba08-2257fa02f659
select users0_.user_id as user_id1_4_, users0_.created_time as created_2_4_, users0_.email as email3_4_, users0_.modified_time as modified4_4_, users0_.nickname as nickname5_4_, users0_.password as password6_4_, users0_.image_id as image_id7_4_ from users users0_ where users0_.email=?
select users0_.user_id as user_id1_4_, users0_.created_time as created_2_4_, users0_.email as email3_4_, users0_.modified_time as modified4_4_, users0_.nickname as nickname5_4_, users0_.password as password6_4_, users0_.image_id as image_id7_4_ from users users0_ where users0_.email='testuser@gmail.com';
2022-12-03 00:35:28.559  INFO 9787 --- [    Test worker] p6spy                                    : #1669995328559 | took 0ms | statement | connection 14| url jdbc:h2:mem:dfeda05c-1f6a-4d3b-ba08-2257fa02f659
select users0_.user_id as user_id1_4_, users0_.created_time as created_2_4_, users0_.email as email3_4_, users0_.modified_time as modified4_4_, users0_.nickname as nickname5_4_, users0_.password as password6_4_, users0_.image_id as image_id7_4_ from users users0_ where users0_.nickname=?
select users0_.user_id as user_id1_4_, users0_.created_time as created_2_4_, users0_.email as email3_4_, users0_.modified_time as modified4_4_, users0_.nickname as nickname5_4_, users0_.password as password6_4_, users0_.image_id as image_id7_4_ from users users0_ where users0_.nickname='test_user';
2022-12-03 00:35:28.562  INFO 9787 --- [    Test worker] p6spy                                    : #1669995328562 | took 0ms | statement | connection 14| url jdbc:h2:mem:dfeda05c-1f6a-4d3b-ba08-2257fa02f659
insert into users (user_id, created_time, email, modified_time, nickname, password, image_id) values (default, ?, ?, ?, ?, ?, ?)
insert into users (user_id, created_time, email, modified_time, nickname, password, image_id) values (default, '2022-12-03T00:35:28.559+0900', 'testuser@gmail.com', '2022-12-03T00:35:28.559+0900', 'test_user', 'password', NULL);
2022-12-03 00:35:28.564  INFO 9787 --- [    Test worker] p6spy                                    : #1669995328564 | took 0ms | statement | connection 14| url jdbc:h2:mem:dfeda05c-1f6a-4d3b-ba08-2257fa02f659
select users0_.user_id as user_id1_4_, users0_.created_time as created_2_4_, users0_.email as email3_4_, users0_.modified_time as modified4_4_, users0_.nickname as nickname5_4_, users0_.password as password6_4_, users0_.image_id as image_id7_4_ from users users0_ where users0_.email=?
select users0_.user_id as user_id1_4_, users0_.created_time as created_2_4_, users0_.email as email3_4_, users0_.modified_time as modified4_4_, users0_.nickname as nickname5_4_, users0_.password as password6_4_, users0_.image_id as image_id7_4_ from users users0_ where users0_.email='testuser@gmail.com';
2022-12-03 00:35:28.570  INFO 9787 --- [    Test worker] p6spy                                    : #1669995328570 | took 0ms | rollback | connection 14| url jdbc:h2:mem:dfeda05c-1f6a-4d3b-ba08-2257fa02f659

;
2022-12-03 00:35:28.571  INFO 9787 --- [    Test worker] o.s.t.c.transaction.TransactionContext   : Rolled back transaction for test: [DefaultTestContext@49467fc6 testClass = UserServiceTest, testInstance = Tamanegiseoul.comeet.UserServiceTest@6f749a1f, testMethod = 유저_이메일_중복검사@UserServiceTest, testException = [null], mergedContextConfiguration = [WebMergedContextConfiguration@44e19b99 testClass = UserServiceTest, locations = '{}', classes = '{class Tamanegiseoul.comeet.CoMeetApplication}', contextInitializerClasses = '[]', activeProfiles = '{}', propertySourceLocations = '{}', propertySourceProperties = '{org.springframework.boot.test.context.SpringBootTestContextBootstrapper=true}', contextCustomizers = set[org.springframework.boot.test.autoconfigure.actuate.metrics.MetricsExportContextCustomizerFactory$DisableMetricExportContextCustomizer@30c93896, org.springframework.boot.test.autoconfigure.properties.PropertyMappingContextCustomizer@0, org.springframework.boot.test.autoconfigure.web.servlet.WebDriverContextCustomizerFactory$Customizer@558bdf1f, org.springframework.boot.test.context.filter.ExcludeFilterContextCustomizer@5f354bcf, org.springframework.boot.test.json.DuplicateJsonObjectContextCustomizerFactory$DuplicateJsonObjectContextCustomizer@4716be8b, org.springframework.boot.test.mock.mockito.MockitoContextCustomizer@0, org.springframework.boot.test.web.client.TestRestTemplateContextCustomizer@5ddf0d24, org.springframework.boot.test.web.reactive.server.WebTestClientContextCustomizer@3abada5a, org.springframework.boot.test.context.SpringBootTestArgs@1, org.springframework.boot.test.context.SpringBootTestWebEnvironment@69fb6037], resourceBasePath = 'src/main/webapp', contextLoader = 'org.springframework.boot.test.context.SpringBootContextLoader', parent = [null]], attributes = map['org.springframework.test.context.web.ServletTestExecutionListener.activateListener' -> true, 'org.springframework.test.context.web.ServletTestExecutionListener.populatedRequestContextHolder' -> true, 'org.springframework.test.context.web.ServletTestExecutionListener.resetRequestContextHolder' -> true, 'org.springframework.test.context.event.ApplicationEventsTestExecutionListener.recordApplicationEvents' -> false]]
2022-12-03 00:35:28.576  INFO 9787 --- [    Test worker] o.s.t.c.transaction.TransactionContext   : Began transaction (1) for test context [DefaultTestContext@49467fc6 testClass = UserServiceTest, testInstance = Tamanegiseoul.comeet.UserServiceTest@2b3e2039, testMethod = 유저_닉네임_중복검사@UserServiceTest, testException = [null], mergedContextConfiguration = [WebMergedContextConfiguration@44e19b99 testClass = UserServiceTest, locations = '{}', classes = '{class Tamanegiseoul.comeet.CoMeetApplication}', contextInitializerClasses = '[]', activeProfiles = '{}', propertySourceLocations = '{}', propertySourceProperties = '{org.springframework.boot.test.context.SpringBootTestContextBootstrapper=true}', contextCustomizers = set[org.springframework.boot.test.autoconfigure.actuate.metrics.MetricsExportContextCustomizerFactory$DisableMetricExportContextCustomizer@30c93896, org.springframework.boot.test.autoconfigure.properties.PropertyMappingContextCustomizer@0, org.springframework.boot.test.autoconfigure.web.servlet.WebDriverContextCustomizerFactory$Customizer@558bdf1f, org.springframework.boot.test.context.filter.ExcludeFilterContextCustomizer@5f354bcf, org.springframework.boot.test.json.DuplicateJsonObjectContextCustomizerFactory$DuplicateJsonObjectContextCustomizer@4716be8b, org.springframework.boot.test.mock.mockito.MockitoContextCustomizer@0, org.springframework.boot.test.web.client.TestRestTemplateContextCustomizer@5ddf0d24, org.springframework.boot.test.web.reactive.server.WebTestClientContextCustomizer@3abada5a, org.springframework.boot.test.context.SpringBootTestArgs@1, org.springframework.boot.test.context.SpringBootTestWebEnvironment@69fb6037], resourceBasePath = 'src/main/webapp', contextLoader = 'org.springframework.boot.test.context.SpringBootContextLoader', parent = [null]], attributes = map['org.springframework.test.context.web.ServletTestExecutionListener.activateListener' -> true, 'org.springframework.test.context.web.ServletTestExecutionListener.populatedRequestContextHolder' -> true, 'org.springframework.test.context.web.ServletTestExecutionListener.resetRequestContextHolder' -> true, 'org.springframework.test.context.event.ApplicationEventsTestExecutionListener.recordApplicationEvents' -> false]]; transaction manager [org.springframework.orm.jpa.JpaTransactionManager@41e43885]; rollback [true]
2022-12-03 00:35:28.581  INFO 9787 --- [    Test worker] p6spy                                    : #1669995328581 | took 0ms | statement | connection 15| url jdbc:h2:mem:dfeda05c-1f6a-4d3b-ba08-2257fa02f659
select users0_.user_id as user_id1_4_, users0_.created_time as created_2_4_, users0_.email as email3_4_, users0_.modified_time as modified4_4_, users0_.nickname as nickname5_4_, users0_.password as password6_4_, users0_.image_id as image_id7_4_ from users users0_ where users0_.email=?
select users0_.user_id as user_id1_4_, users0_.created_time as created_2_4_, users0_.email as email3_4_, users0_.modified_time as modified4_4_, users0_.nickname as nickname5_4_, users0_.password as password6_4_, users0_.image_id as image_id7_4_ from users users0_ where users0_.email='testuser@gmail.com';
2022-12-03 00:35:28.584  INFO 9787 --- [    Test worker] p6spy                                    : #1669995328584 | took 0ms | statement | connection 15| url jdbc:h2:mem:dfeda05c-1f6a-4d3b-ba08-2257fa02f659
select users0_.user_id as user_id1_4_, users0_.created_time as created_2_4_, users0_.email as email3_4_, users0_.modified_time as modified4_4_, users0_.nickname as nickname5_4_, users0_.password as password6_4_, users0_.image_id as image_id7_4_ from users users0_ where users0_.nickname=?
select users0_.user_id as user_id1_4_, users0_.created_time as created_2_4_, users0_.email as email3_4_, users0_.modified_time as modified4_4_, users0_.nickname as nickname5_4_, users0_.password as password6_4_, users0_.image_id as image_id7_4_ from users users0_ where users0_.nickname='test_user';
2022-12-03 00:35:28.587  INFO 9787 --- [    Test worker] p6spy                                    : #1669995328587 | took 0ms | statement | connection 15| url jdbc:h2:mem:dfeda05c-1f6a-4d3b-ba08-2257fa02f659
insert into users (user_id, created_time, email, modified_time, nickname, password, image_id) values (default, ?, ?, ?, ?, ?, ?)
insert into users (user_id, created_time, email, modified_time, nickname, password, image_id) values (default, '2022-12-03T00:35:28.584+0900', 'testuser@gmail.com', '2022-12-03T00:35:28.584+0900', 'test_user', 'password', NULL);
2022-12-03 00:35:28.589  INFO 9787 --- [    Test worker] p6spy                                    : #1669995328589 | took 0ms | statement | connection 15| url jdbc:h2:mem:dfeda05c-1f6a-4d3b-ba08-2257fa02f659
select users0_.user_id as user_id1_4_, users0_.created_time as created_2_4_, users0_.email as email3_4_, users0_.modified_time as modified4_4_, users0_.nickname as nickname5_4_, users0_.password as password6_4_, users0_.image_id as image_id7_4_ from users users0_ where users0_.email=?
select users0_.user_id as user_id1_4_, users0_.created_time as created_2_4_, users0_.email as email3_4_, users0_.modified_time as modified4_4_, users0_.nickname as nickname5_4_, users0_.password as password6_4_, users0_.image_id as image_id7_4_ from users users0_ where users0_.email='otherUser@gmail.com';
2022-12-03 00:35:28.590  INFO 9787 --- [    Test worker] p6spy                                    : #1669995328590 | took 0ms | statement | connection 15| url jdbc:h2:mem:dfeda05c-1f6a-4d3b-ba08-2257fa02f659
select users0_.user_id as user_id1_4_, users0_.created_time as created_2_4_, users0_.email as email3_4_, users0_.modified_time as modified4_4_, users0_.nickname as nickname5_4_, users0_.password as password6_4_, users0_.image_id as image_id7_4_ from users users0_ where users0_.nickname=?
select users0_.user_id as user_id1_4_, users0_.created_time as created_2_4_, users0_.email as email3_4_, users0_.modified_time as modified4_4_, users0_.nickname as nickname5_4_, users0_.password as password6_4_, users0_.image_id as image_id7_4_ from users users0_ where users0_.nickname='test_user';
2022-12-03 00:35:28.595  INFO 9787 --- [    Test worker] p6spy                                    : #1669995328595 | took 0ms | rollback | connection 15| url jdbc:h2:mem:dfeda05c-1f6a-4d3b-ba08-2257fa02f659

;
2022-12-03 00:35:28.597  INFO 9787 --- [    Test worker] o.s.t.c.transaction.TransactionContext   : Rolled back transaction for test: [DefaultTestContext@49467fc6 testClass = UserServiceTest, testInstance = Tamanegiseoul.comeet.UserServiceTest@2b3e2039, testMethod = 유저_닉네임_중복검사@UserServiceTest, testException = [null], mergedContextConfiguration = [WebMergedContextConfiguration@44e19b99 testClass = UserServiceTest, locations = '{}', classes = '{class Tamanegiseoul.comeet.CoMeetApplication}', contextInitializerClasses = '[]', activeProfiles = '{}', propertySourceLocations = '{}', propertySourceProperties = '{org.springframework.boot.test.context.SpringBootTestContextBootstrapper=true}', contextCustomizers = set[org.springframework.boot.test.autoconfigure.actuate.metrics.MetricsExportContextCustomizerFactory$DisableMetricExportContextCustomizer@30c93896, org.springframework.boot.test.autoconfigure.properties.PropertyMappingContextCustomizer@0, org.springframework.boot.test.autoconfigure.web.servlet.WebDriverContextCustomizerFactory$Customizer@558bdf1f, org.springframework.boot.test.context.filter.ExcludeFilterContextCustomizer@5f354bcf, org.springframework.boot.test.json.DuplicateJsonObjectContextCustomizerFactory$DuplicateJsonObjectContextCustomizer@4716be8b, org.springframework.boot.test.mock.mockito.MockitoContextCustomizer@0, org.springframework.boot.test.web.client.TestRestTemplateContextCustomizer@5ddf0d24, org.springframework.boot.test.web.reactive.server.WebTestClientContextCustomizer@3abada5a, org.springframework.boot.test.context.SpringBootTestArgs@1, org.springframework.boot.test.context.SpringBootTestWebEnvironment@69fb6037], resourceBasePath = 'src/main/webapp', contextLoader = 'org.springframework.boot.test.context.SpringBootContextLoader', parent = [null]], attributes = map['org.springframework.test.context.web.ServletTestExecutionListener.activateListener' -> true, 'org.springframework.test.context.web.ServletTestExecutionListener.populatedRequestContextHolder' -> true, 'org.springframework.test.context.web.ServletTestExecutionListener.resetRequestContextHolder' -> true, 'org.springframework.test.context.event.ApplicationEventsTestExecutionListener.recordApplicationEvents' -> false]]
]]></system-out>
  <system-err><![CDATA[]]></system-err>
</testsuite>
